overnight_sync — 2026-03-03 10:39 HKT

overnight_sync — 2026-03-03 10:39 HKT
Overnight window: last 10 hours (cutoff: 00:39 HKT)
Syncing against standup date: 2026-03-02

1. Fetching MC overnight completions...
  MC: 157 total tasks, 3 done in overnight window
  • [guillermo] 🔴 Fill Brinc Deep Dive Q&A for Raphael (updated: 1772496060389)
  • [molty] Clean up ESLint warnings (updated: 1772474711521)
  • [molty] Mission Control — Phase 1 deployment (updated: 1772474591337)

2. Fetching open Todoist tasks...
  10 open tasks

3. Closing completed tasks in Todoist...

4. Fetching Notion standup rows for 2026-03-02...
  Notion: 2 rows for standup date 2026-03-02

5. Updating Notion standup rows...
  ⏭ Notion row already actioned (✔️ Done): 🔴 Fill Brinc Deep Dive Q&A for Raphael

── Summary ──────────────────────────────────
  MC tasks done overnight:   3
  Todoist tasks closed:      0
  Notion rows marked done:   0
