[00:01:01] === mc-todoist-sync-v2 START ===
[00:01:01] Fetching Todoist active tasks...
[00:01:02]   → 11 active Todoist tasks
[00:01:02] Fetching MC tasks...
[00:01:02]   → 188 MC tasks
[00:01:02] 
[00:01:02] --- Block 1: Todoist → MC (new tasks from synced projects) ---
[00:01:02]   MC tasks already linked to Todoist: 6
[00:01:02]   Block 1 done: 0 tasks created in MC
[00:01:02] 
[00:01:02] --- Block 2: MC → Todoist (Guillermo tasks missing todoistId) ---
[00:01:03]   MC tasks for Guillermo without Todoist link: 0
[00:01:03]   Block 2 done: 0 tasks pushed to Todoist
[00:01:03] 
[00:01:03] --- Block 3: Completion sync (bidirectional) ---
[00:01:03]   Open MC tasks with todoistId: 1
[00:01:03]   Done MC tasks with todoistId: 5
[00:01:03]   Block 3 done: closed 0 in MC, closed 0 in Todoist
[00:01:03] 
[00:01:03] === SYNC COMPLETE ===
[00:01:03]   Block 1 (Todoist→MC):  0 tasks created in MC
[00:01:03]   Block 2 (MC→Todoist):  0 tasks pushed to Todoist
[00:01:03]   Block 3 (completion):  0 closed in MC, 0 closed in Todoist
[00:01:03]   Log: /data/workspace/logs/sync-2026-03-08.log
[02:06:18] === mc-todoist-sync-v2 START ===
[02:06:18] Fetching Todoist active tasks...
[02:06:18]   → 11 active Todoist tasks
[02:06:18] Fetching MC tasks...
[02:06:18]   → 188 MC tasks
[02:06:18] 
[02:06:18] --- Block 1: Todoist → MC (new tasks from synced projects) ---
[02:06:18]   MC tasks already linked to Todoist: 6
[02:06:18]   Block 1 done: 0 tasks created in MC
[02:06:18] 
[02:06:18] --- Block 2: MC → Todoist (Guillermo tasks missing todoistId) ---
[02:06:18]   MC tasks for Guillermo without Todoist link: 0
[02:06:18]   Block 2 done: 0 tasks pushed to Todoist
[02:06:18] 
[02:06:18] --- Block 3: Completion sync (bidirectional) ---
[02:06:19]   Open MC tasks with todoistId: 1
[02:06:19]   Done MC tasks with todoistId: 5
[02:06:19]   Block 3 done: closed 0 in MC, closed 0 in Todoist
[02:06:19] 
[02:06:19] === SYNC COMPLETE ===
[02:06:19]   Block 1 (Todoist→MC):  0 tasks created in MC
[02:06:19]   Block 2 (MC→Todoist):  0 tasks pushed to Todoist
[02:06:19]   Block 3 (completion):  0 closed in MC, 0 closed in Todoist
[02:06:19]   Log: /data/workspace/logs/sync-2026-03-08.log
[06:00:59] === mc-todoist-sync-v2 START ===
[06:00:59] Fetching Todoist active tasks...
[06:00:59]   → 11 active Todoist tasks
[06:00:59] Fetching MC tasks...
[06:01:00]   → 188 MC tasks
[06:01:00] 
[06:01:00] --- Block 1: Todoist → MC (new tasks from synced projects) ---
[06:01:00]   MC tasks already linked to Todoist: 6
[06:01:00]   Block 1 done: 0 tasks created in MC
[06:01:00] 
[06:01:00] --- Block 2: MC → Todoist (Guillermo tasks missing todoistId) ---
[06:01:00]   MC tasks for Guillermo without Todoist link: 0
[06:01:00]   Block 2 done: 0 tasks pushed to Todoist
[06:01:00] 
[06:01:00] --- Block 3: Completion sync (bidirectional) ---
[06:01:00]   Open MC tasks with todoistId: 1
[06:01:00]   Done MC tasks with todoistId: 5
[06:01:00]   Block 3 done: closed 0 in MC, closed 0 in Todoist
[06:01:00] 
[06:01:00] === SYNC COMPLETE ===
[06:01:00]   Block 1 (Todoist→MC):  0 tasks created in MC
[06:01:00]   Block 2 (MC→Todoist):  0 tasks pushed to Todoist
[06:01:00]   Block 3 (completion):  0 closed in MC, 0 closed in Todoist
[06:01:00]   Log: /data/workspace/logs/sync-2026-03-08.log
[10:00:58] === mc-todoist-sync-v2 START ===
[10:00:58] Fetching Todoist active tasks...
[10:00:59]   → 11 active Todoist tasks
[10:00:59] Fetching MC tasks...
[10:00:59]   → 188 MC tasks
[10:00:59] 
[10:00:59] --- Block 1: Todoist → MC (new tasks from synced projects) ---
[10:00:59]   MC tasks already linked to Todoist: 6
[10:00:59]   Block 1 done: 0 tasks created in MC
[10:00:59] 
[10:00:59] --- Block 2: MC → Todoist (Guillermo tasks missing todoistId) ---
[10:00:59]   MC tasks for Guillermo without Todoist link: 0
[10:00:59]   Block 2 done: 0 tasks pushed to Todoist
[10:00:59] 
[10:00:59] --- Block 3: Completion sync (bidirectional) ---
[10:00:59]   Open MC tasks with todoistId: 1
[10:00:59]   Done MC tasks with todoistId: 5
[10:00:59]   Block 3 done: closed 0 in MC, closed 0 in Todoist
[10:00:59] 
[10:00:59] === SYNC COMPLETE ===
[10:00:59]   Block 1 (Todoist→MC):  0 tasks created in MC
[10:00:59]   Block 2 (MC→Todoist):  0 tasks pushed to Todoist
[10:00:59]   Block 3 (completion):  0 closed in MC, 0 closed in Todoist
[10:00:59]   Log: /data/workspace/logs/sync-2026-03-08.log
[12:00:58] === mc-todoist-sync-v2 START ===
[12:00:58] Fetching Todoist active tasks...
[12:00:59]   → 11 active Todoist tasks
[12:00:59] Fetching MC tasks...
[12:00:59]   → 188 MC tasks
[12:00:59] 
[12:00:59] --- Block 1: Todoist → MC (new tasks from synced projects) ---
[12:00:59]   MC tasks already linked to Todoist: 6
[12:00:59]   Block 1 done: 0 tasks created in MC
[12:00:59] 
[12:00:59] --- Block 2: MC → Todoist (Guillermo tasks missing todoistId) ---
[12:00:59]   MC tasks for Guillermo without Todoist link: 0
[12:00:59]   Block 2 done: 0 tasks pushed to Todoist
[12:00:59] 
[12:00:59] --- Block 3: Completion sync (bidirectional) ---
[12:01:00]   Open MC tasks with todoistId: 1
[12:01:00]   Done MC tasks with todoistId: 5
[12:01:00]   Block 3 done: closed 0 in MC, closed 0 in Todoist
[12:01:00] 
[12:01:00] === SYNC COMPLETE ===
[12:01:00]   Block 1 (Todoist→MC):  0 tasks created in MC
[12:01:00]   Block 2 (MC→Todoist):  0 tasks pushed to Todoist
[12:01:00]   Block 3 (completion):  0 closed in MC, 0 closed in Todoist
[12:01:00]   Log: /data/workspace/logs/sync-2026-03-08.log
[14:00:58] === mc-todoist-sync-v2 START ===
[14:00:58] Fetching Todoist active tasks...
[14:00:58]   → 11 active Todoist tasks
[14:00:58] Fetching MC tasks...
[14:00:59]   → 188 MC tasks
[14:00:59] 
[14:00:59] --- Block 1: Todoist → MC (new tasks from synced projects) ---
[14:00:59]   MC tasks already linked to Todoist: 6
[14:00:59]   Block 1 done: 0 tasks created in MC
[14:00:59] 
[14:00:59] --- Block 2: MC → Todoist (Guillermo tasks missing todoistId) ---
[14:00:59]   MC tasks for Guillermo without Todoist link: 0
[14:00:59]   Block 2 done: 0 tasks pushed to Todoist
[14:00:59] 
[14:00:59] --- Block 3: Completion sync (bidirectional) ---
[14:00:59]   Open MC tasks with todoistId: 1
[14:00:59]   Done MC tasks with todoistId: 5
[14:00:59]   Block 3 done: closed 0 in MC, closed 0 in Todoist
[14:00:59] 
[14:00:59] === SYNC COMPLETE ===
[14:00:59]   Block 1 (Todoist→MC):  0 tasks created in MC
[14:00:59]   Block 2 (MC→Todoist):  0 tasks pushed to Todoist
[14:00:59]   Block 3 (completion):  0 closed in MC, 0 closed in Todoist
[14:00:59]   Log: /data/workspace/logs/sync-2026-03-08.log
[16:00:58] === mc-todoist-sync-v2 START ===
[16:00:58] Fetching Todoist active tasks...
[16:00:58]   → 11 active Todoist tasks
[16:00:58] Fetching MC tasks...
[16:00:58]   → 188 MC tasks
[16:00:58] 
[16:00:58] --- Block 1: Todoist → MC (new tasks from synced projects) ---
[16:00:59]   MC tasks already linked to Todoist: 6
[16:00:59]   Block 1 done: 0 tasks created in MC
[16:00:59] 
[16:00:59] --- Block 2: MC → Todoist (Guillermo tasks missing todoistId) ---
[16:00:59]   MC tasks for Guillermo without Todoist link: 0
[16:00:59]   Block 2 done: 0 tasks pushed to Todoist
[16:00:59] 
[16:00:59] --- Block 3: Completion sync (bidirectional) ---
[16:00:59]   Open MC tasks with todoistId: 1
[16:00:59]   Done MC tasks with todoistId: 5
[16:00:59]   Block 3 done: closed 0 in MC, closed 0 in Todoist
[16:00:59] 
[16:00:59] === SYNC COMPLETE ===
[16:00:59]   Block 1 (Todoist→MC):  0 tasks created in MC
[16:00:59]   Block 2 (MC→Todoist):  0 tasks pushed to Todoist
[16:00:59]   Block 3 (completion):  0 closed in MC, 0 closed in Todoist
[16:00:59]   Log: /data/workspace/logs/sync-2026-03-08.log
[17:00:03] === mc-todoist-sync-v2 START ===
[17:00:03] Fetching Todoist active tasks...
[17:00:07]   → 11 active Todoist tasks
[17:00:07] Fetching MC tasks...
[17:00:07]   → 188 MC tasks
[17:00:07] 
[17:00:07] --- Block 1: Todoist → MC (new tasks from synced projects) ---
[17:00:07]   MC tasks already linked to Todoist: 6
[17:00:07]   Block 1 done: 0 tasks created in MC
[17:00:07] 
[17:00:07] --- Block 2: MC → Todoist (Guillermo tasks missing todoistId) ---
[17:00:07]   MC tasks for Guillermo without Todoist link: 0
[17:00:07]   Block 2 done: 0 tasks pushed to Todoist
[17:00:07] 
[17:00:07] --- Block 3: Completion sync (bidirectional) ---
[17:00:08]   Open MC tasks with todoistId: 1
[17:00:08]   Done MC tasks with todoistId: 5
[17:00:08]   Block 3 done: closed 0 in MC, closed 0 in Todoist
[17:00:08] 
[17:00:08] === SYNC COMPLETE ===
[17:00:08]   Block 1 (Todoist→MC):  0 tasks created in MC
[17:00:08]   Block 2 (MC→Todoist):  0 tasks pushed to Todoist
[17:00:08]   Block 3 (completion):  0 closed in MC, 0 closed in Todoist
[17:00:08]   Log: /data/workspace/logs/sync-2026-03-08.log
[18:00:58] === mc-todoist-sync-v2 START ===
[18:00:58] Fetching Todoist active tasks...
[18:00:58]   → 11 active Todoist tasks
[18:00:58] Fetching MC tasks...
[18:00:59]   → 188 MC tasks
[18:00:59] 
[18:00:59] --- Block 1: Todoist → MC (new tasks from synced projects) ---
[18:00:59]   MC tasks already linked to Todoist: 6
[18:00:59]   Block 1 done: 0 tasks created in MC
[18:00:59] 
[18:00:59] --- Block 2: MC → Todoist (Guillermo tasks missing todoistId) ---
[18:00:59]   MC tasks for Guillermo without Todoist link: 0
[18:00:59]   Block 2 done: 0 tasks pushed to Todoist
[18:00:59] 
[18:00:59] --- Block 3: Completion sync (bidirectional) ---
[18:00:59]   Open MC tasks with todoistId: 1
[18:00:59]   Done MC tasks with todoistId: 5
[18:00:59]   Block 3 done: closed 0 in MC, closed 0 in Todoist
[18:00:59] 
[18:00:59] === SYNC COMPLETE ===
[18:00:59]   Block 1 (Todoist→MC):  0 tasks created in MC
[18:00:59]   Block 2 (MC→Todoist):  0 tasks pushed to Todoist
[18:00:59]   Block 3 (completion):  0 closed in MC, 0 closed in Todoist
[18:00:59]   Log: /data/workspace/logs/sync-2026-03-08.log
[20:00:59] === mc-todoist-sync-v2 START ===
[20:00:59] Fetching Todoist active tasks...
[20:00:59]   → 11 active Todoist tasks
[20:00:59] Fetching MC tasks...
[20:00:59]   → 188 MC tasks
[20:00:59] 
[20:00:59] --- Block 1: Todoist → MC (new tasks from synced projects) ---
[20:00:59]   MC tasks already linked to Todoist: 6
[20:00:59]   Block 1 done: 0 tasks created in MC
[20:00:59] 
[20:00:59] --- Block 2: MC → Todoist (Guillermo tasks missing todoistId) ---
[20:00:59]   MC tasks for Guillermo without Todoist link: 0
[20:00:59]   Block 2 done: 0 tasks pushed to Todoist
[20:00:59] 
[20:00:59] --- Block 3: Completion sync (bidirectional) ---
[20:01:00]   Open MC tasks with todoistId: 1
[20:01:00]   Done MC tasks with todoistId: 5
[20:01:00]   Block 3 done: closed 0 in MC, closed 0 in Todoist
[20:01:00] 
[20:01:00] === SYNC COMPLETE ===
[20:01:00]   Block 1 (Todoist→MC):  0 tasks created in MC
[20:01:00]   Block 2 (MC→Todoist):  0 tasks pushed to Todoist
[20:01:00]   Block 3 (completion):  0 closed in MC, 0 closed in Todoist
[20:01:00]   Log: /data/workspace/logs/sync-2026-03-08.log
[22:00:58] === mc-todoist-sync-v2 START ===
[22:00:58] Fetching Todoist active tasks...
[22:00:58]   → 11 active Todoist tasks
[22:00:58] Fetching MC tasks...
[22:00:58]   → 188 MC tasks
[22:00:58] 
[22:00:58] --- Block 1: Todoist → MC (new tasks from synced projects) ---
[22:00:58]   MC tasks already linked to Todoist: 6
[22:00:58]   Block 1 done: 0 tasks created in MC
[22:00:58] 
[22:00:58] --- Block 2: MC → Todoist (Guillermo tasks missing todoistId) ---
[22:00:58]   MC tasks for Guillermo without Todoist link: 0
[22:00:58]   Block 2 done: 0 tasks pushed to Todoist
[22:00:58] 
[22:00:58] --- Block 3: Completion sync (bidirectional) ---
[22:00:59]   Open MC tasks with todoistId: 1
[22:00:59]   Done MC tasks with todoistId: 5
[22:00:59]   Block 3 done: closed 0 in MC, closed 0 in Todoist
[22:00:59] 
[22:00:59] === SYNC COMPLETE ===
[22:00:59]   Block 1 (Todoist→MC):  0 tasks created in MC
[22:00:59]   Block 2 (MC→Todoist):  0 tasks pushed to Todoist
[22:00:59]   Block 3 (completion):  0 closed in MC, 0 closed in Todoist
[22:00:59]   Log: /data/workspace/logs/sync-2026-03-08.log
