[00:01:00] === mc-todoist-sync-v2 START ===
[00:01:00] Fetching Todoist active tasks...
[00:01:00]   → 17 active Todoist tasks
[00:01:00] Fetching MC tasks...
[00:01:01]   → 150 MC tasks
[00:01:01] 
[00:01:01] --- Block 1: Todoist → MC (new tasks from synced projects) ---
[00:01:01]   MC tasks already linked to Todoist: 5
[00:01:01]   Block 1 done: 0 tasks created in MC
[00:01:01] 
[00:01:01] --- Block 2: MC → Todoist (Guillermo tasks missing todoistId) ---
[00:01:01]   MC tasks for Guillermo without Todoist link: 0
[00:01:01]   Block 2 done: 0 tasks pushed to Todoist
[00:01:01] 
[00:01:01] --- Block 3: Completion sync (bidirectional) ---
[00:01:01]   Open MC tasks with todoistId: 3
[00:01:01]   Done MC tasks with todoistId: 2
[00:01:01]   Block 3 done: closed 0 in MC, closed 0 in Todoist
[00:01:01] 
[00:01:01] === SYNC COMPLETE ===
[00:01:01]   Block 1 (Todoist→MC):  0 tasks created in MC
[00:01:01]   Block 2 (MC→Todoist):  0 tasks pushed to Todoist
[00:01:01]   Block 3 (completion):  0 closed in MC, 0 closed in Todoist
[00:01:01]   Log: /data/workspace/logs/sync-2026-03-02.log
