[00:00:59] === mc-todoist-sync-v2 START ===
[00:00:59] Fetching Todoist active tasks...
[00:00:59]   → 24 active Todoist tasks
[00:00:59] Fetching MC tasks...
[00:01:00]   → 85 MC tasks
[00:01:00] 
[00:01:00] --- Block 1: Todoist → MC (new tasks from synced projects) ---
[00:01:00]   MC tasks already linked to Todoist: 4
[00:01:00]   Block 1 done: 0 tasks created in MC
[00:01:00] 
[00:01:00] --- Block 2: MC → Todoist (Guillermo tasks missing todoistId) ---
[00:01:00]   MC tasks for Guillermo without Todoist link: 0
[00:01:00]   Block 2 done: 0 tasks pushed to Todoist
[00:01:00] 
[00:01:00] --- Block 3: Completion sync (bidirectional) ---
[00:01:00]   Open MC tasks with todoistId: 4
[00:01:00]   Done MC tasks with todoistId: 0
[00:01:00]   Block 3 done: closed 0 in MC, closed 0 in Todoist
[00:01:00] 
[00:01:00] === SYNC COMPLETE ===
[00:01:00]   Block 1 (Todoist→MC):  0 tasks created in MC
[00:01:00]   Block 2 (MC→Todoist):  0 tasks pushed to Todoist
[00:01:00]   Block 3 (completion):  0 closed in MC, 0 closed in Todoist
[00:01:00]   Log: /data/workspace/logs/sync-2026-02-26.log
[02:05:51] === mc-todoist-sync-v2 START ===
[02:05:51] Fetching Todoist active tasks...
[02:05:52]   → 21 active Todoist tasks
[02:05:52] Fetching MC tasks...
[02:05:52]   → 89 MC tasks
[02:05:52] 
[02:05:52] --- Block 1: Todoist → MC (new tasks from synced projects) ---
[02:05:52]   MC tasks already linked to Todoist: 4
[02:05:52]   Block 1 done: 0 tasks created in MC
[02:05:52] 
[02:05:52] --- Block 2: MC → Todoist (Guillermo tasks missing todoistId) ---
[02:05:52]   MC tasks for Guillermo without Todoist link: 0
[02:05:52]   Block 2 done: 0 tasks pushed to Todoist
[02:05:52] 
[02:05:52] --- Block 3: Completion sync (bidirectional) ---
[02:05:52]   Open MC tasks with todoistId: 4
[02:05:52]   Done MC tasks with todoistId: 0
[02:05:52]   Block 3 done: closed 0 in MC, closed 0 in Todoist
[02:05:52] 
[02:05:52] === SYNC COMPLETE ===
[02:05:52]   Block 1 (Todoist→MC):  0 tasks created in MC
[02:05:52]   Block 2 (MC→Todoist):  0 tasks pushed to Todoist
[02:05:52]   Block 3 (completion):  0 closed in MC, 0 closed in Todoist
[02:05:52]   Log: /data/workspace/logs/sync-2026-02-26.log
[04:01:00] === mc-todoist-sync-v2 START ===
[04:01:00] Fetching Todoist active tasks...
[04:01:02]   → 21 active Todoist tasks
[04:01:02] Fetching MC tasks...
[04:01:03]   → 89 MC tasks
[04:01:03] 
[04:01:03] --- Block 1: Todoist → MC (new tasks from synced projects) ---
[04:01:03]   MC tasks already linked to Todoist: 4
[04:01:03]   Block 1 done: 0 tasks created in MC
[04:01:03] 
[04:01:03] --- Block 2: MC → Todoist (Guillermo tasks missing todoistId) ---
[04:01:03]   MC tasks for Guillermo without Todoist link: 0
[04:01:03]   Block 2 done: 0 tasks pushed to Todoist
[04:01:03] 
[04:01:03] --- Block 3: Completion sync (bidirectional) ---
[04:01:03]   Open MC tasks with todoistId: 4
[04:01:03]   Done MC tasks with todoistId: 0
[04:01:03]   Block 3 done: closed 0 in MC, closed 0 in Todoist
[04:01:03] 
[04:01:03] === SYNC COMPLETE ===
[04:01:03]   Block 1 (Todoist→MC):  0 tasks created in MC
[04:01:03]   Block 2 (MC→Todoist):  0 tasks pushed to Todoist
[04:01:03]   Block 3 (completion):  0 closed in MC, 0 closed in Todoist
[04:01:03]   Log: /data/workspace/logs/sync-2026-02-26.log
[06:00:59] === mc-todoist-sync-v2 START ===
[06:00:59] Fetching Todoist active tasks...
[06:00:59]   → 21 active Todoist tasks
[06:00:59] Fetching MC tasks...
[06:01:00]   → 89 MC tasks
[06:01:00] 
[06:01:00] --- Block 1: Todoist → MC (new tasks from synced projects) ---
[06:01:00]   MC tasks already linked to Todoist: 4
[06:01:00]   Block 1 done: 0 tasks created in MC
[06:01:00] 
[06:01:00] --- Block 2: MC → Todoist (Guillermo tasks missing todoistId) ---
[06:01:00]   MC tasks for Guillermo without Todoist link: 0
[06:01:00]   Block 2 done: 0 tasks pushed to Todoist
[06:01:00] 
[06:01:00] --- Block 3: Completion sync (bidirectional) ---
[06:01:00]   Open MC tasks with todoistId: 4
[06:01:00]   Done MC tasks with todoistId: 0
[06:01:00]   Block 3 done: closed 0 in MC, closed 0 in Todoist
[06:01:00] 
[06:01:00] === SYNC COMPLETE ===
[06:01:00]   Block 1 (Todoist→MC):  0 tasks created in MC
[06:01:00]   Block 2 (MC→Todoist):  0 tasks pushed to Todoist
[06:01:00]   Block 3 (completion):  0 closed in MC, 0 closed in Todoist
[06:01:00]   Log: /data/workspace/logs/sync-2026-02-26.log
[08:00:59] === mc-todoist-sync-v2 START ===
[08:00:59] Fetching Todoist active tasks...
[08:00:59]   → 21 active Todoist tasks
[08:00:59] Fetching MC tasks...
[08:01:00]   → 89 MC tasks
[08:01:00] 
[08:01:00] --- Block 1: Todoist → MC (new tasks from synced projects) ---
[08:01:00]   MC tasks already linked to Todoist: 4
[08:01:00]   Block 1 done: 0 tasks created in MC
[08:01:00] 
[08:01:00] --- Block 2: MC → Todoist (Guillermo tasks missing todoistId) ---
[08:01:00]   MC tasks for Guillermo without Todoist link: 0
[08:01:00]   Block 2 done: 0 tasks pushed to Todoist
[08:01:00] 
[08:01:00] --- Block 3: Completion sync (bidirectional) ---
[08:01:00]   Open MC tasks with todoistId: 4
[08:01:00]   Done MC tasks with todoistId: 0
[08:01:00]   Block 3 done: closed 0 in MC, closed 0 in Todoist
[08:01:00] 
[08:01:00] === SYNC COMPLETE ===
[08:01:00]   Block 1 (Todoist→MC):  0 tasks created in MC
[08:01:00]   Block 2 (MC→Todoist):  0 tasks pushed to Todoist
[08:01:00]   Block 3 (completion):  0 closed in MC, 0 closed in Todoist
[08:01:00]   Log: /data/workspace/logs/sync-2026-02-26.log
[10:00:59] === mc-todoist-sync-v2 START ===
[10:00:59] Fetching Todoist active tasks...
[10:00:59]   → 21 active Todoist tasks
[10:00:59] Fetching MC tasks...
[10:01:00]   → 89 MC tasks
[10:01:00] 
[10:01:00] --- Block 1: Todoist → MC (new tasks from synced projects) ---
[10:01:00]   MC tasks already linked to Todoist: 4
[10:01:00]   Block 1 done: 0 tasks created in MC
[10:01:00] 
[10:01:00] --- Block 2: MC → Todoist (Guillermo tasks missing todoistId) ---
[10:01:00]   MC tasks for Guillermo without Todoist link: 0
[10:01:00]   Block 2 done: 0 tasks pushed to Todoist
[10:01:00] 
[10:01:00] --- Block 3: Completion sync (bidirectional) ---
[10:01:00]   Open MC tasks with todoistId: 4
[10:01:00]   Done MC tasks with todoistId: 0
[10:01:00]   Block 3 done: closed 0 in MC, closed 0 in Todoist
[10:01:00] 
[10:01:00] === SYNC COMPLETE ===
[10:01:00]   Block 1 (Todoist→MC):  0 tasks created in MC
[10:01:00]   Block 2 (MC→Todoist):  0 tasks pushed to Todoist
[10:01:00]   Block 3 (completion):  0 closed in MC, 0 closed in Todoist
[10:01:00]   Log: /data/workspace/logs/sync-2026-02-26.log
[12:00:58] === mc-todoist-sync-v2 START ===
[12:00:58] Fetching Todoist active tasks...
[12:00:59]   → 22 active Todoist tasks
[12:00:59] Fetching MC tasks...
[12:00:59]   → 89 MC tasks
[12:00:59] 
[12:00:59] --- Block 1: Todoist → MC (new tasks from synced projects) ---
[12:00:59]   MC tasks already linked to Todoist: 4
[12:00:59]   Block 1 done: 0 tasks created in MC
[12:00:59] 
[12:00:59] --- Block 2: MC → Todoist (Guillermo tasks missing todoistId) ---
[12:00:59]   MC tasks for Guillermo without Todoist link: 0
[12:00:59]   Block 2 done: 0 tasks pushed to Todoist
[12:00:59] 
[12:00:59] --- Block 3: Completion sync (bidirectional) ---
[12:01:00]   Open MC tasks with todoistId: 4
[12:01:00]   Done MC tasks with todoistId: 0
[12:01:00]   Block 3 done: closed 0 in MC, closed 0 in Todoist
[12:01:00] 
[12:01:00] === SYNC COMPLETE ===
[12:01:00]   Block 1 (Todoist→MC):  0 tasks created in MC
[12:01:00]   Block 2 (MC→Todoist):  0 tasks pushed to Todoist
[12:01:00]   Block 3 (completion):  0 closed in MC, 0 closed in Todoist
[12:01:00]   Log: /data/workspace/logs/sync-2026-02-26.log
[14:00:59] === mc-todoist-sync-v2 START ===
[14:00:59] Fetching Todoist active tasks...
[14:00:59]   → 22 active Todoist tasks
[14:00:59] Fetching MC tasks...
[14:01:00]   → 93 MC tasks
[14:01:00] 
[14:01:00] --- Block 1: Todoist → MC (new tasks from synced projects) ---
[14:01:00]   MC tasks already linked to Todoist: 4
[14:01:00]   Block 1 done: 0 tasks created in MC
[14:01:00] 
[14:01:00] --- Block 2: MC → Todoist (Guillermo tasks missing todoistId) ---
[14:01:00]   MC tasks for Guillermo without Todoist link: 0
[14:01:00]   Block 2 done: 0 tasks pushed to Todoist
[14:01:00] 
[14:01:00] --- Block 3: Completion sync (bidirectional) ---
[14:01:00]   Open MC tasks with todoistId: 4
[14:01:00]   Done MC tasks with todoistId: 0
[14:01:00]   Block 3 done: closed 0 in MC, closed 0 in Todoist
[14:01:00] 
[14:01:00] === SYNC COMPLETE ===
[14:01:00]   Block 1 (Todoist→MC):  0 tasks created in MC
[14:01:00]   Block 2 (MC→Todoist):  0 tasks pushed to Todoist
[14:01:00]   Block 3 (completion):  0 closed in MC, 0 closed in Todoist
[14:01:00]   Log: /data/workspace/logs/sync-2026-02-26.log
[16:00:59] === mc-todoist-sync-v2 START ===
[16:00:59] Fetching Todoist active tasks...
[16:01:00]   → 23 active Todoist tasks
[16:01:00] Fetching MC tasks...
[16:01:00]   → 93 MC tasks
[16:01:00] 
[16:01:00] --- Block 1: Todoist → MC (new tasks from synced projects) ---
[16:01:00]   MC tasks already linked to Todoist: 4
[16:01:00]   Block 1 done: 0 tasks created in MC
[16:01:00] 
[16:01:00] --- Block 2: MC → Todoist (Guillermo tasks missing todoistId) ---
[16:01:01]   MC tasks for Guillermo without Todoist link: 0
[16:01:01]   Block 2 done: 0 tasks pushed to Todoist
[16:01:01] 
[16:01:01] --- Block 3: Completion sync (bidirectional) ---
[16:01:01]   Open MC tasks with todoistId: 4
[16:01:01]   Done MC tasks with todoistId: 0
[16:01:01]   Block 3 done: closed 0 in MC, closed 0 in Todoist
[16:01:01] 
[16:01:01] === SYNC COMPLETE ===
[16:01:01]   Block 1 (Todoist→MC):  0 tasks created in MC
[16:01:01]   Block 2 (MC→Todoist):  0 tasks pushed to Todoist
[16:01:01]   Block 3 (completion):  0 closed in MC, 0 closed in Todoist
[16:01:01]   Log: /data/workspace/logs/sync-2026-02-26.log
[17:00:04] === mc-todoist-sync-v2 START ===
[17:00:04] Fetching Todoist active tasks...
[17:00:07]   → 23 active Todoist tasks
[17:00:07] Fetching MC tasks...
[17:00:08]   → 93 MC tasks
[17:00:08] 
[17:00:08] --- Block 1: Todoist → MC (new tasks from synced projects) ---
[17:00:08]   MC tasks already linked to Todoist: 4
[17:00:08]   Block 1 done: 0 tasks created in MC
[17:00:08] 
[17:00:08] --- Block 2: MC → Todoist (Guillermo tasks missing todoistId) ---
[17:00:08]   MC tasks for Guillermo without Todoist link: 0
[17:00:08]   Block 2 done: 0 tasks pushed to Todoist
[17:00:08] 
[17:00:08] --- Block 3: Completion sync (bidirectional) ---
[17:00:08]   Open MC tasks with todoistId: 4
[17:00:08]   Done MC tasks with todoistId: 0
[17:00:08]   Block 3 done: closed 0 in MC, closed 0 in Todoist
[17:00:08] 
[17:00:08] === SYNC COMPLETE ===
[17:00:08]   Block 1 (Todoist→MC):  0 tasks created in MC
[17:00:08]   Block 2 (MC→Todoist):  0 tasks pushed to Todoist
[17:00:08]   Block 3 (completion):  0 closed in MC, 0 closed in Todoist
[17:00:08]   Log: /data/workspace/logs/sync-2026-02-26.log
[18:01:03] === mc-todoist-sync-v2 START ===
[18:01:03] Fetching Todoist active tasks...
[18:01:04]   → 23 active Todoist tasks
[18:01:04] Fetching MC tasks...
[18:01:05]   → 93 MC tasks
[18:01:05] 
[18:01:05] --- Block 1: Todoist → MC (new tasks from synced projects) ---
[18:01:05]   MC tasks already linked to Todoist: 4
[18:01:05]   Block 1 done: 0 tasks created in MC
[18:01:05] 
[18:01:05] --- Block 2: MC → Todoist (Guillermo tasks missing todoistId) ---
[18:01:05]   MC tasks for Guillermo without Todoist link: 0
[18:01:05]   Block 2 done: 0 tasks pushed to Todoist
[18:01:05] 
[18:01:05] --- Block 3: Completion sync (bidirectional) ---
[18:01:05]   Open MC tasks with todoistId: 4
[18:01:05]   Done MC tasks with todoistId: 0
[18:01:05]   Block 3 done: closed 0 in MC, closed 0 in Todoist
[18:01:05] 
[18:01:05] === SYNC COMPLETE ===
[18:01:05]   Block 1 (Todoist→MC):  0 tasks created in MC
[18:01:05]   Block 2 (MC→Todoist):  0 tasks pushed to Todoist
[18:01:05]   Block 3 (completion):  0 closed in MC, 0 closed in Todoist
[18:01:05]   Log: /data/workspace/logs/sync-2026-02-26.log
[20:01:00] === mc-todoist-sync-v2 START ===
[20:01:00] Fetching Todoist active tasks...
[20:01:03]   → 24 active Todoist tasks
[20:01:03] Fetching MC tasks...
[20:01:04]   → 93 MC tasks
[20:01:04] 
[20:01:04] --- Block 1: Todoist → MC (new tasks from synced projects) ---
[20:01:04]   MC tasks already linked to Todoist: 4
[20:01:04]   Block 1 done: 0 tasks created in MC
[20:01:04] 
[20:01:04] --- Block 2: MC → Todoist (Guillermo tasks missing todoistId) ---
[20:01:04]   MC tasks for Guillermo without Todoist link: 0
[20:01:04]   Block 2 done: 0 tasks pushed to Todoist
[20:01:04] 
[20:01:04] --- Block 3: Completion sync (bidirectional) ---
[20:01:04]   Open MC tasks with todoistId: 4
[20:01:04]   Done MC tasks with todoistId: 0
[20:01:04]   Block 3 done: closed 0 in MC, closed 0 in Todoist
[20:01:04] 
[20:01:04] === SYNC COMPLETE ===
[20:01:04]   Block 1 (Todoist→MC):  0 tasks created in MC
[20:01:04]   Block 2 (MC→Todoist):  0 tasks pushed to Todoist
[20:01:04]   Block 3 (completion):  0 closed in MC, 0 closed in Todoist
[20:01:04]   Log: /data/workspace/logs/sync-2026-02-26.log
[21:00:58] === mc-todoist-sync-v2 START ===
[21:00:58] Fetching Todoist active tasks...
[21:00:58]   → 24 active Todoist tasks
[21:00:58] Fetching MC tasks...
[21:00:58]   → 93 MC tasks
[21:00:58] 
[21:00:58] --- Block 1: Todoist → MC (new tasks from synced projects) ---
[21:00:59]   MC tasks already linked to Todoist: 4
[21:00:59]   Block 1 done: 0 tasks created in MC
[21:00:59] 
[21:00:59] --- Block 2: MC → Todoist (Guillermo tasks missing todoistId) ---
[21:00:59]   MC tasks for Guillermo without Todoist link: 0
[21:00:59]   Block 2 done: 0 tasks pushed to Todoist
[21:00:59] 
[21:00:59] --- Block 3: Completion sync (bidirectional) ---
[21:00:59]   Open MC tasks with todoistId: 4
[21:00:59]   Done MC tasks with todoistId: 0
[21:00:59]   Block 3 done: closed 0 in MC, closed 0 in Todoist
[21:00:59] 
[21:00:59] === SYNC COMPLETE ===
[21:00:59]   Block 1 (Todoist→MC):  0 tasks created in MC
[21:00:59]   Block 2 (MC→Todoist):  0 tasks pushed to Todoist
[21:00:59]   Block 3 (completion):  0 closed in MC, 0 closed in Todoist
[21:00:59]   Log: /data/workspace/logs/sync-2026-02-26.log
[22:01:00] === mc-todoist-sync-v2 START ===
[22:01:00] Fetching Todoist active tasks...
[22:01:00]   → 25 active Todoist tasks
[22:01:00] Fetching MC tasks...
[22:01:01]   → 102 MC tasks
[22:01:01] 
[22:01:01] --- Block 1: Todoist → MC (new tasks from synced projects) ---
[22:01:01]   MC tasks already linked to Todoist: 4
[22:01:01]   Block 1 done: 0 tasks created in MC
[22:01:01] 
[22:01:01] --- Block 2: MC → Todoist (Guillermo tasks missing todoistId) ---
[22:01:01]   MC tasks for Guillermo without Todoist link: 0
[22:01:01]   Block 2 done: 0 tasks pushed to Todoist
[22:01:01] 
[22:01:01] --- Block 3: Completion sync (bidirectional) ---
[22:01:01]   Open MC tasks with todoistId: 4
[22:01:01]   Done MC tasks with todoistId: 0
[22:01:01]   Block 3 done: closed 0 in MC, closed 0 in Todoist
[22:01:01] 
[22:01:01] === SYNC COMPLETE ===
[22:01:01]   Block 1 (Todoist→MC):  0 tasks created in MC
[22:01:01]   Block 2 (MC→Todoist):  0 tasks pushed to Todoist
[22:01:01]   Block 3 (completion):  0 closed in MC, 0 closed in Todoist
[22:01:01]   Log: /data/workspace/logs/sync-2026-02-26.log
