[00:00:59] === mc-todoist-sync-v2 START ===
[00:00:59] Fetching Todoist active tasks...
[00:00:59]   → 12 active Todoist tasks
[00:00:59] Fetching MC tasks...
[00:01:00]   → 189 MC tasks
[00:01:00] 
[00:01:00] --- Block 1: Todoist → MC (new tasks from synced projects) ---
[00:01:00]   MC tasks already linked to Todoist: 6
[00:01:00]   Block 1 done: 0 tasks created in MC
[00:01:00] 
[00:01:00] --- Block 2: MC → Todoist (Guillermo tasks missing todoistId) ---
[00:01:00]   MC tasks for Guillermo without Todoist link: 0
[00:01:00]   Block 2 done: 0 tasks pushed to Todoist
[00:01:00] 
[00:01:00] --- Block 3: Completion sync (bidirectional) ---
[00:01:00]   Open MC tasks with todoistId: 1
[00:01:00]   Done MC tasks with todoistId: 5
[00:01:00]   Block 3 done: closed 0 in MC, closed 0 in Todoist
[00:01:00] 
[00:01:00] === SYNC COMPLETE ===
[00:01:00]   Block 1 (Todoist→MC):  0 tasks created in MC
[00:01:00]   Block 2 (MC→Todoist):  0 tasks pushed to Todoist
[00:01:00]   Block 3 (completion):  0 closed in MC, 0 closed in Todoist
[00:01:00]   Log: /data/workspace/logs/sync-2026-03-11.log
[02:04:18] === mc-todoist-sync-v2 START ===
[02:04:18] Fetching Todoist active tasks...
[02:04:19]   → 12 active Todoist tasks
[02:04:19] Fetching MC tasks...
[02:04:19]   → 189 MC tasks
[02:04:19] 
[02:04:19] --- Block 1: Todoist → MC (new tasks from synced projects) ---
[02:04:19]   MC tasks already linked to Todoist: 6
[02:04:19]   Block 1 done: 0 tasks created in MC
[02:04:19] 
[02:04:19] --- Block 2: MC → Todoist (Guillermo tasks missing todoistId) ---
[02:04:19]   MC tasks for Guillermo without Todoist link: 0
[02:04:19]   Block 2 done: 0 tasks pushed to Todoist
[02:04:19] 
[02:04:19] --- Block 3: Completion sync (bidirectional) ---
[02:04:20]   Open MC tasks with todoistId: 1
[02:04:20]   Done MC tasks with todoistId: 5
[02:04:20]   Block 3 done: closed 0 in MC, closed 0 in Todoist
[02:04:20] 
[02:04:20] === SYNC COMPLETE ===
[02:04:20]   Block 1 (Todoist→MC):  0 tasks created in MC
[02:04:20]   Block 2 (MC→Todoist):  0 tasks pushed to Todoist
[02:04:20]   Block 3 (completion):  0 closed in MC, 0 closed in Todoist
[02:04:20]   Log: /data/workspace/logs/sync-2026-03-11.log
[04:00:58] === mc-todoist-sync-v2 START ===
[04:00:58] Fetching Todoist active tasks...
[04:00:59]   → 12 active Todoist tasks
[04:00:59] Fetching MC tasks...
[04:00:59]   → 189 MC tasks
[04:00:59] 
[04:00:59] --- Block 1: Todoist → MC (new tasks from synced projects) ---
[04:00:59]   MC tasks already linked to Todoist: 6
[04:00:59]   Block 1 done: 0 tasks created in MC
[04:00:59] 
[04:00:59] --- Block 2: MC → Todoist (Guillermo tasks missing todoistId) ---
[04:00:59]   MC tasks for Guillermo without Todoist link: 0
[04:00:59]   Block 2 done: 0 tasks pushed to Todoist
[04:00:59] 
[04:00:59] --- Block 3: Completion sync (bidirectional) ---
[04:00:59]   Open MC tasks with todoistId: 1
[04:00:59]   Done MC tasks with todoistId: 5
[04:00:59]   Block 3 done: closed 0 in MC, closed 0 in Todoist
[04:00:59] 
[04:00:59] === SYNC COMPLETE ===
[04:00:59]   Block 1 (Todoist→MC):  0 tasks created in MC
[04:00:59]   Block 2 (MC→Todoist):  0 tasks pushed to Todoist
[04:00:59]   Block 3 (completion):  0 closed in MC, 0 closed in Todoist
[04:00:59]   Log: /data/workspace/logs/sync-2026-03-11.log
[06:01:01] === mc-todoist-sync-v2 START ===
[06:01:01] Fetching Todoist active tasks...
[06:01:02]   → 12 active Todoist tasks
[06:01:02] Fetching MC tasks...
[06:01:02]   → 189 MC tasks
[06:01:02] 
[06:01:02] --- Block 1: Todoist → MC (new tasks from synced projects) ---
[06:01:02]   MC tasks already linked to Todoist: 6
[06:01:02]   Block 1 done: 0 tasks created in MC
[06:01:02] 
[06:01:02] --- Block 2: MC → Todoist (Guillermo tasks missing todoistId) ---
[06:01:02]   MC tasks for Guillermo without Todoist link: 0
[06:01:02]   Block 2 done: 0 tasks pushed to Todoist
[06:01:02] 
[06:01:02] --- Block 3: Completion sync (bidirectional) ---
[06:01:03]   Open MC tasks with todoistId: 1
[06:01:03]   Done MC tasks with todoistId: 5
[06:01:03]   Block 3 done: closed 0 in MC, closed 0 in Todoist
[06:01:03] 
[06:01:03] === SYNC COMPLETE ===
[06:01:03]   Block 1 (Todoist→MC):  0 tasks created in MC
[06:01:03]   Block 2 (MC→Todoist):  0 tasks pushed to Todoist
[06:01:03]   Block 3 (completion):  0 closed in MC, 0 closed in Todoist
[06:01:03]   Log: /data/workspace/logs/sync-2026-03-11.log
[08:01:08] === mc-todoist-sync-v2 START ===
[08:01:08] Fetching Todoist active tasks...
[08:01:09]   → 12 active Todoist tasks
[08:01:09] Fetching MC tasks...
[08:01:09]   → 189 MC tasks
[08:01:09] 
[08:01:09] --- Block 1: Todoist → MC (new tasks from synced projects) ---
[08:01:09]   MC tasks already linked to Todoist: 6
[08:01:09]   Block 1 done: 0 tasks created in MC
[08:01:09] 
[08:01:09] --- Block 2: MC → Todoist (Guillermo tasks missing todoistId) ---
[08:01:09]   MC tasks for Guillermo without Todoist link: 0
[08:01:09]   Block 2 done: 0 tasks pushed to Todoist
[08:01:09] 
[08:01:09] --- Block 3: Completion sync (bidirectional) ---
[08:01:09]   Open MC tasks with todoistId: 1
[08:01:09]   Done MC tasks with todoistId: 5
[08:01:09]   Block 3 done: closed 0 in MC, closed 0 in Todoist
[08:01:09] 
[08:01:09] === SYNC COMPLETE ===
[08:01:09]   Block 1 (Todoist→MC):  0 tasks created in MC
[08:01:09]   Block 2 (MC→Todoist):  0 tasks pushed to Todoist
[08:01:09]   Block 3 (completion):  0 closed in MC, 0 closed in Todoist
[08:01:09]   Log: /data/workspace/logs/sync-2026-03-11.log
[10:00:58] === mc-todoist-sync-v2 START ===
[10:00:58] Fetching Todoist active tasks...
[10:00:59]   → 12 active Todoist tasks
[10:00:59] Fetching MC tasks...
[10:00:59]   → 189 MC tasks
[10:00:59] 
[10:00:59] --- Block 1: Todoist → MC (new tasks from synced projects) ---
[10:00:59]   MC tasks already linked to Todoist: 6
[10:00:59]   Block 1 done: 0 tasks created in MC
[10:00:59] 
[10:00:59] --- Block 2: MC → Todoist (Guillermo tasks missing todoistId) ---
[10:00:59]   MC tasks for Guillermo without Todoist link: 0
[10:00:59]   Block 2 done: 0 tasks pushed to Todoist
[10:00:59] 
[10:00:59] --- Block 3: Completion sync (bidirectional) ---
[10:01:00]   Open MC tasks with todoistId: 1
[10:01:00]   Done MC tasks with todoistId: 5
[10:01:00]   Block 3 done: closed 0 in MC, closed 0 in Todoist
[10:01:00] 
[10:01:00] === SYNC COMPLETE ===
[10:01:00]   Block 1 (Todoist→MC):  0 tasks created in MC
[10:01:00]   Block 2 (MC→Todoist):  0 tasks pushed to Todoist
[10:01:00]   Block 3 (completion):  0 closed in MC, 0 closed in Todoist
[10:01:00]   Log: /data/workspace/logs/sync-2026-03-11.log
[12:01:05] === mc-todoist-sync-v2 START ===
[12:01:05] Fetching Todoist active tasks...
[12:01:05]   → 12 active Todoist tasks
[12:01:05] Fetching MC tasks...
[12:01:06]   → 189 MC tasks
[12:01:06] 
[12:01:06] --- Block 1: Todoist → MC (new tasks from synced projects) ---
[12:01:06]   MC tasks already linked to Todoist: 6
[12:01:06]   Block 1 done: 0 tasks created in MC
[12:01:06] 
[12:01:06] --- Block 2: MC → Todoist (Guillermo tasks missing todoistId) ---
[12:01:06]   MC tasks for Guillermo without Todoist link: 0
[12:01:06]   Block 2 done: 0 tasks pushed to Todoist
[12:01:06] 
[12:01:06] --- Block 3: Completion sync (bidirectional) ---
[12:01:06]   Open MC tasks with todoistId: 1
[12:01:06]   Done MC tasks with todoistId: 5
[12:01:06]   Block 3 done: closed 0 in MC, closed 0 in Todoist
[12:01:06] 
[12:01:06] === SYNC COMPLETE ===
[12:01:06]   Block 1 (Todoist→MC):  0 tasks created in MC
[12:01:06]   Block 2 (MC→Todoist):  0 tasks pushed to Todoist
[12:01:06]   Block 3 (completion):  0 closed in MC, 0 closed in Todoist
[12:01:06]   Log: /data/workspace/logs/sync-2026-03-11.log
[14:01:00] === mc-todoist-sync-v2 START ===
[14:01:00] Fetching Todoist active tasks...
[14:01:00]   → 13 active Todoist tasks
[14:01:00] Fetching MC tasks...
[14:01:01]   → 189 MC tasks
[14:01:01] 
[14:01:01] --- Block 1: Todoist → MC (new tasks from synced projects) ---
[14:01:01]   MC tasks already linked to Todoist: 6
[14:01:01]   Block 1 done: 0 tasks created in MC
[14:01:01] 
[14:01:01] --- Block 2: MC → Todoist (Guillermo tasks missing todoistId) ---
[14:01:01]   MC tasks for Guillermo without Todoist link: 0
[14:01:01]   Block 2 done: 0 tasks pushed to Todoist
[14:01:01] 
[14:01:01] --- Block 3: Completion sync (bidirectional) ---
[14:01:01]   Open MC tasks with todoistId: 1
[14:01:01]   Done MC tasks with todoistId: 5
[14:01:01]   Block 3 done: closed 0 in MC, closed 0 in Todoist
[14:01:01] 
[14:01:01] === SYNC COMPLETE ===
[14:01:01]   Block 1 (Todoist→MC):  0 tasks created in MC
[14:01:01]   Block 2 (MC→Todoist):  0 tasks pushed to Todoist
[14:01:01]   Block 3 (completion):  0 closed in MC, 0 closed in Todoist
[14:01:01]   Log: /data/workspace/logs/sync-2026-03-11.log
[16:00:59] === mc-todoist-sync-v2 START ===
[16:00:59] Fetching Todoist active tasks...
[16:01:00]   → 13 active Todoist tasks
[16:01:00] Fetching MC tasks...
[16:01:00]   → 191 MC tasks
[16:01:00] 
[16:01:00] --- Block 1: Todoist → MC (new tasks from synced projects) ---
[16:01:00]   MC tasks already linked to Todoist: 6
[16:01:00]   Block 1 done: 0 tasks created in MC
[16:01:00] 
[16:01:00] --- Block 2: MC → Todoist (Guillermo tasks missing todoistId) ---
[16:01:01]   MC tasks for Guillermo without Todoist link: 0
[16:01:01]   Block 2 done: 0 tasks pushed to Todoist
[16:01:01] 
[16:01:01] --- Block 3: Completion sync (bidirectional) ---
[16:01:01]   Open MC tasks with todoistId: 1
[16:01:01]   Done MC tasks with todoistId: 5
[16:01:01]   Block 3 done: closed 0 in MC, closed 0 in Todoist
[16:01:01] 
[16:01:01] === SYNC COMPLETE ===
[16:01:01]   Block 1 (Todoist→MC):  0 tasks created in MC
[16:01:01]   Block 2 (MC→Todoist):  0 tasks pushed to Todoist
[16:01:01]   Block 3 (completion):  0 closed in MC, 0 closed in Todoist
[16:01:01]   Log: /data/workspace/logs/sync-2026-03-11.log
[17:00:06] === mc-todoist-sync-v2 START ===
[17:00:06] Fetching Todoist active tasks...
[17:00:08]   → 13 active Todoist tasks
[17:00:08] Fetching MC tasks...
[17:00:09]   → 191 MC tasks
[17:00:09] 
[17:00:09] --- Block 1: Todoist → MC (new tasks from synced projects) ---
[17:00:09]   MC tasks already linked to Todoist: 6
[17:00:09]   Block 1 done: 0 tasks created in MC
[17:00:09] 
[17:00:09] --- Block 2: MC → Todoist (Guillermo tasks missing todoistId) ---
[17:00:09]   MC tasks for Guillermo without Todoist link: 0
[17:00:09]   Block 2 done: 0 tasks pushed to Todoist
[17:00:09] 
[17:00:09] --- Block 3: Completion sync (bidirectional) ---
[17:00:09]   Open MC tasks with todoistId: 1
[17:00:09]   Done MC tasks with todoistId: 5
[17:00:09]   Block 3 done: closed 0 in MC, closed 0 in Todoist
[17:00:09] 
[17:00:09] === SYNC COMPLETE ===
[17:00:09]   Block 1 (Todoist→MC):  0 tasks created in MC
[17:00:09]   Block 2 (MC→Todoist):  0 tasks pushed to Todoist
[17:00:09]   Block 3 (completion):  0 closed in MC, 0 closed in Todoist
[17:00:09]   Log: /data/workspace/logs/sync-2026-03-11.log
[18:00:59] === mc-todoist-sync-v2 START ===
[18:00:59] Fetching Todoist active tasks...
[18:00:59]   → 13 active Todoist tasks
[18:00:59] Fetching MC tasks...
[18:01:00]   → 191 MC tasks
[18:01:00] 
[20:00:59] === mc-todoist-sync-v2 START ===
[20:00:59] Fetching Todoist active tasks...
[20:01:00]   → 13 active Todoist tasks
[20:01:00] Fetching MC tasks...
[20:01:00]   → 191 MC tasks
[20:01:00] 
[20:01:00] --- Block 1: Todoist → MC (new tasks from synced projects) ---
[20:01:00]   MC tasks already linked to Todoist: 6
[20:01:00]   Block 1 done: 0 tasks created in MC
[20:01:00] 
[20:01:00] --- Block 2: MC → Todoist (Guillermo tasks missing todoistId) ---
[20:01:00]   MC tasks for Guillermo without Todoist link: 0
[20:01:00]   Block 2 done: 0 tasks pushed to Todoist
[20:01:00] 
[20:01:00] --- Block 3: Completion sync (bidirectional) ---
[20:01:00]   Open MC tasks with todoistId: 1
[20:01:00]   Done MC tasks with todoistId: 5
[20:01:00]   Block 3 done: closed 0 in MC, closed 0 in Todoist
[20:01:00] 
[20:01:00] === SYNC COMPLETE ===
[20:01:00]   Block 1 (Todoist→MC):  0 tasks created in MC
[20:01:00]   Block 2 (MC→Todoist):  0 tasks pushed to Todoist
[20:01:00]   Block 3 (completion):  0 closed in MC, 0 closed in Todoist
[20:01:00]   Log: /data/workspace/logs/sync-2026-03-11.log
[22:01:04] === mc-todoist-sync-v2 START ===
[22:01:04] Fetching Todoist active tasks...
[22:01:05]   → 13 active Todoist tasks
[22:01:05] Fetching MC tasks...
[22:01:05]   → 193 MC tasks
[22:01:05] 
[22:01:05] --- Block 1: Todoist → MC (new tasks from synced projects) ---
[22:01:06]   MC tasks already linked to Todoist: 6
[22:01:06]   Block 1 done: 0 tasks created in MC
[22:01:06] 
[22:01:06] --- Block 2: MC → Todoist (Guillermo tasks missing todoistId) ---
[22:01:06]   MC tasks for Guillermo without Todoist link: 0
[22:01:06]   Block 2 done: 0 tasks pushed to Todoist
[22:01:06] 
[22:01:06] --- Block 3: Completion sync (bidirectional) ---
[22:01:06]   Open MC tasks with todoistId: 1
[22:01:06]   Done MC tasks with todoistId: 5
[22:01:06]   Block 3 done: closed 0 in MC, closed 0 in Todoist
[22:01:06] 
[22:01:06] === SYNC COMPLETE ===
[22:01:06]   Block 1 (Todoist→MC):  0 tasks created in MC
[22:01:06]   Block 2 (MC→Todoist):  0 tasks pushed to Todoist
[22:01:06]   Block 3 (completion):  0 closed in MC, 0 closed in Todoist
[22:01:06]   Log: /data/workspace/logs/sync-2026-03-11.log
