[00:00:59] === mc-todoist-sync-v2 START ===
[00:00:59] Fetching Todoist active tasks...
[00:01:00]   → 14 active Todoist tasks
[00:01:00] Fetching MC tasks...
[00:01:00]   → 177 MC tasks
[00:01:00] 
[00:01:00] --- Block 1: Todoist → MC (new tasks from synced projects) ---
[00:01:00]   MC tasks already linked to Todoist: 6
[00:01:00]   Block 1 done: 0 tasks created in MC
[00:01:00] 
[00:01:00] --- Block 2: MC → Todoist (Guillermo tasks missing todoistId) ---
[00:01:00]   MC tasks for Guillermo without Todoist link: 0
[00:01:00]   Block 2 done: 0 tasks pushed to Todoist
[00:01:00] 
[00:01:00] --- Block 3: Completion sync (bidirectional) ---
[00:01:01]   Open MC tasks with todoistId: 1
[00:01:01]   Done MC tasks with todoistId: 5
[00:01:01]   Block 3 done: closed 0 in MC, closed 0 in Todoist
[00:01:01] 
[00:01:01] === SYNC COMPLETE ===
[00:01:01]   Block 1 (Todoist→MC):  0 tasks created in MC
[00:01:01]   Block 2 (MC→Todoist):  0 tasks pushed to Todoist
[00:01:01]   Block 3 (completion):  0 closed in MC, 0 closed in Todoist
[00:01:01]   Log: /data/workspace/logs/sync-2026-03-04.log
[02:08:54] === mc-todoist-sync-v2 START ===
[02:08:54] Fetching Todoist active tasks...
[02:08:54]   → 14 active Todoist tasks
[02:08:54] Fetching MC tasks...
[02:08:54]   → 177 MC tasks
[02:08:54] 
[02:08:54] --- Block 1: Todoist → MC (new tasks from synced projects) ---
[02:08:54]   MC tasks already linked to Todoist: 6
[02:08:54]   Block 1 done: 0 tasks created in MC
[02:08:54] 
[02:08:54] --- Block 2: MC → Todoist (Guillermo tasks missing todoistId) ---
[02:08:54]   MC tasks for Guillermo without Todoist link: 0
[02:08:54]   Block 2 done: 0 tasks pushed to Todoist
[02:08:54] 
[02:08:54] --- Block 3: Completion sync (bidirectional) ---
[02:08:55]   Open MC tasks with todoistId: 1
[02:08:55]   Done MC tasks with todoistId: 5
[02:08:55]   Block 3 done: closed 0 in MC, closed 0 in Todoist
[02:08:55] 
[02:08:55] === SYNC COMPLETE ===
[02:08:55]   Block 1 (Todoist→MC):  0 tasks created in MC
[02:08:55]   Block 2 (MC→Todoist):  0 tasks pushed to Todoist
[02:08:55]   Block 3 (completion):  0 closed in MC, 0 closed in Todoist
[02:08:55]   Log: /data/workspace/logs/sync-2026-03-04.log
[04:01:03] === mc-todoist-sync-v2 START ===
[04:01:03] Fetching Todoist active tasks...
[04:01:04]   → 14 active Todoist tasks
[04:01:04] Fetching MC tasks...
[04:01:04]   → 177 MC tasks
[04:01:04] 
[04:01:04] --- Block 1: Todoist → MC (new tasks from synced projects) ---
[04:01:04]   MC tasks already linked to Todoist: 6
[04:01:04]   Block 1 done: 0 tasks created in MC
[04:01:04] 
[04:01:04] --- Block 2: MC → Todoist (Guillermo tasks missing todoistId) ---
[04:01:04]   MC tasks for Guillermo without Todoist link: 0
[04:01:04]   Block 2 done: 0 tasks pushed to Todoist
[04:01:04] 
[04:01:04] --- Block 3: Completion sync (bidirectional) ---
[04:01:04]   Open MC tasks with todoistId: 1
[04:01:04]   Done MC tasks with todoistId: 5
[04:01:04]   Block 3 done: closed 0 in MC, closed 0 in Todoist
[04:01:04] 
[04:01:04] === SYNC COMPLETE ===
[04:01:04]   Block 1 (Todoist→MC):  0 tasks created in MC
[04:01:04]   Block 2 (MC→Todoist):  0 tasks pushed to Todoist
[04:01:04]   Block 3 (completion):  0 closed in MC, 0 closed in Todoist
[04:01:04]   Log: /data/workspace/logs/sync-2026-03-04.log
[06:00:59] === mc-todoist-sync-v2 START ===
[06:00:59] Fetching Todoist active tasks...
[06:01:00]   → 14 active Todoist tasks
[06:01:00] Fetching MC tasks...
[06:01:00]   → 177 MC tasks
[06:01:00] 
[06:01:00] --- Block 1: Todoist → MC (new tasks from synced projects) ---
[06:01:00]   MC tasks already linked to Todoist: 6
[06:01:00]   Block 1 done: 0 tasks created in MC
[06:01:00] 
[06:01:00] --- Block 2: MC → Todoist (Guillermo tasks missing todoistId) ---
[06:01:00]   MC tasks for Guillermo without Todoist link: 0
[06:01:00]   Block 2 done: 0 tasks pushed to Todoist
[06:01:00] 
[06:01:00] --- Block 3: Completion sync (bidirectional) ---
[06:01:01]   Open MC tasks with todoistId: 1
[06:01:01]   Done MC tasks with todoistId: 5
[06:01:01]   Block 3 done: closed 0 in MC, closed 0 in Todoist
[06:01:01] 
[06:01:01] === SYNC COMPLETE ===
[06:01:01]   Block 1 (Todoist→MC):  0 tasks created in MC
[06:01:01]   Block 2 (MC→Todoist):  0 tasks pushed to Todoist
[06:01:01]   Block 3 (completion):  0 closed in MC, 0 closed in Todoist
[06:01:01]   Log: /data/workspace/logs/sync-2026-03-04.log
[08:00:59] === mc-todoist-sync-v2 START ===
[08:00:59] Fetching Todoist active tasks...
[08:00:59]   → 14 active Todoist tasks
[08:00:59] Fetching MC tasks...
[08:01:00]   → 177 MC tasks
[08:01:00] 
[08:01:00] --- Block 1: Todoist → MC (new tasks from synced projects) ---
[08:01:00]   MC tasks already linked to Todoist: 6
[08:01:00]   Block 1 done: 0 tasks created in MC
[08:01:00] 
[08:01:00] --- Block 2: MC → Todoist (Guillermo tasks missing todoistId) ---
[08:01:00]   MC tasks for Guillermo without Todoist link: 0
[08:01:00]   Block 2 done: 0 tasks pushed to Todoist
[08:01:00] 
[08:01:00] --- Block 3: Completion sync (bidirectional) ---
[08:01:00]   Open MC tasks with todoistId: 1
[08:01:00]   Done MC tasks with todoistId: 5
[08:01:00]   Block 3 done: closed 0 in MC, closed 0 in Todoist
[08:01:00] 
[08:01:00] === SYNC COMPLETE ===
[08:01:00]   Block 1 (Todoist→MC):  0 tasks created in MC
[08:01:00]   Block 2 (MC→Todoist):  0 tasks pushed to Todoist
[08:01:00]   Block 3 (completion):  0 closed in MC, 0 closed in Todoist
[08:01:00]   Log: /data/workspace/logs/sync-2026-03-04.log
[10:00:59] === mc-todoist-sync-v2 START ===
[10:00:59] Fetching Todoist active tasks...
[10:01:00]   → 13 active Todoist tasks
[10:01:00] Fetching MC tasks...
[10:01:00]   → 177 MC tasks
[10:01:00] 
[10:01:00] --- Block 1: Todoist → MC (new tasks from synced projects) ---
[10:01:00]   MC tasks already linked to Todoist: 6
[10:01:00]   Block 1 done: 0 tasks created in MC
[10:01:00] 
[10:01:00] --- Block 2: MC → Todoist (Guillermo tasks missing todoistId) ---
[10:01:00]   MC tasks for Guillermo without Todoist link: 0
[10:01:00]   Block 2 done: 0 tasks pushed to Todoist
[10:01:00] 
[10:01:00] --- Block 3: Completion sync (bidirectional) ---
[10:01:00]   Open MC tasks with todoistId: 1
[10:01:00]   Done MC tasks with todoistId: 5
[10:01:00]   Block 3 done: closed 0 in MC, closed 0 in Todoist
[10:01:01] 
[10:01:01] === SYNC COMPLETE ===
[10:01:01]   Block 1 (Todoist→MC):  0 tasks created in MC
[10:01:01]   Block 2 (MC→Todoist):  0 tasks pushed to Todoist
[10:01:01]   Block 3 (completion):  0 closed in MC, 0 closed in Todoist
[10:01:01]   Log: /data/workspace/logs/sync-2026-03-04.log
[12:00:59] === mc-todoist-sync-v2 START ===
[12:00:59] Fetching Todoist active tasks...
[12:00:59]   → 13 active Todoist tasks
[12:00:59] Fetching MC tasks...
[12:00:59]   → 177 MC tasks
[12:00:59] 
[12:00:59] --- Block 1: Todoist → MC (new tasks from synced projects) ---
[12:00:59]   MC tasks already linked to Todoist: 6
[12:00:59]   Block 1 done: 0 tasks created in MC
[12:00:59] 
[12:00:59] --- Block 2: MC → Todoist (Guillermo tasks missing todoistId) ---
[12:00:59]   MC tasks for Guillermo without Todoist link: 0
[12:00:59]   Block 2 done: 0 tasks pushed to Todoist
[12:00:59] 
[12:00:59] --- Block 3: Completion sync (bidirectional) ---
[12:01:00]   Open MC tasks with todoistId: 1
[12:01:00]   Done MC tasks with todoistId: 5
[12:01:00]   Block 3 done: closed 0 in MC, closed 0 in Todoist
[12:01:00] 
[12:01:00] === SYNC COMPLETE ===
[12:01:00]   Block 1 (Todoist→MC):  0 tasks created in MC
[12:01:00]   Block 2 (MC→Todoist):  0 tasks pushed to Todoist
[12:01:00]   Block 3 (completion):  0 closed in MC, 0 closed in Todoist
[12:01:00]   Log: /data/workspace/logs/sync-2026-03-04.log
[14:00:58] === mc-todoist-sync-v2 START ===
[14:00:58] Fetching Todoist active tasks...
[14:00:59]   → 13 active Todoist tasks
[14:00:59] Fetching MC tasks...
[14:00:59]   → 177 MC tasks
[14:00:59] 
[14:00:59] --- Block 1: Todoist → MC (new tasks from synced projects) ---
[14:00:59]   MC tasks already linked to Todoist: 6
[14:00:59]   Block 1 done: 0 tasks created in MC
[14:00:59] 
[14:00:59] --- Block 2: MC → Todoist (Guillermo tasks missing todoistId) ---
[14:00:59]   MC tasks for Guillermo without Todoist link: 0
[14:00:59]   Block 2 done: 0 tasks pushed to Todoist
[14:00:59] 
[14:00:59] --- Block 3: Completion sync (bidirectional) ---
[14:00:59]   Open MC tasks with todoistId: 1
[14:00:59]   Done MC tasks with todoistId: 5
[14:00:59]   Block 3 done: closed 0 in MC, closed 0 in Todoist
[14:00:59] 
[14:00:59] === SYNC COMPLETE ===
[14:00:59]   Block 1 (Todoist→MC):  0 tasks created in MC
[14:00:59]   Block 2 (MC→Todoist):  0 tasks pushed to Todoist
[14:00:59]   Block 3 (completion):  0 closed in MC, 0 closed in Todoist
[14:00:59]   Log: /data/workspace/logs/sync-2026-03-04.log
[16:00:58] === mc-todoist-sync-v2 START ===
[16:00:58] Fetching Todoist active tasks...
[16:00:58]   → 13 active Todoist tasks
[16:00:58] Fetching MC tasks...
[16:00:59]   → 177 MC tasks
[16:00:59] 
[16:00:59] --- Block 1: Todoist → MC (new tasks from synced projects) ---
[16:00:59]   MC tasks already linked to Todoist: 6
[16:00:59]   Block 1 done: 0 tasks created in MC
[16:00:59] 
[16:00:59] --- Block 2: MC → Todoist (Guillermo tasks missing todoistId) ---
[16:00:59]   MC tasks for Guillermo without Todoist link: 0
[16:00:59]   Block 2 done: 0 tasks pushed to Todoist
[16:00:59] 
[16:00:59] --- Block 3: Completion sync (bidirectional) ---
[16:00:59]   Open MC tasks with todoistId: 1
[16:00:59]   Done MC tasks with todoistId: 5
[16:00:59]   Block 3 done: closed 0 in MC, closed 0 in Todoist
[16:00:59] 
[16:00:59] === SYNC COMPLETE ===
[16:00:59]   Block 1 (Todoist→MC):  0 tasks created in MC
[16:00:59]   Block 2 (MC→Todoist):  0 tasks pushed to Todoist
[16:00:59]   Block 3 (completion):  0 closed in MC, 0 closed in Todoist
[16:00:59]   Log: /data/workspace/logs/sync-2026-03-04.log
