[00:01:01] === mc-todoist-sync-v2 START ===
[00:01:01] Fetching Todoist active tasks...
[00:01:02]   → 13 active Todoist tasks
[00:01:02] Fetching MC tasks...
[00:01:02]   → 193 MC tasks
[00:01:02] 
[00:01:02] --- Block 1: Todoist → MC (new tasks from synced projects) ---
[00:01:02]   MC tasks already linked to Todoist: 6
[00:01:02]   Block 1 done: 0 tasks created in MC
[00:01:02] 
[00:01:02] --- Block 2: MC → Todoist (Guillermo tasks missing todoistId) ---
[00:01:02]   MC tasks for Guillermo without Todoist link: 0
[00:01:02]   Block 2 done: 0 tasks pushed to Todoist
[00:01:02] 
[00:01:02] --- Block 3: Completion sync (bidirectional) ---
[00:01:03]   Open MC tasks with todoistId: 1
[00:01:03]   Done MC tasks with todoistId: 5
[00:01:03]   Block 3 done: closed 0 in MC, closed 0 in Todoist
[00:01:03] 
[00:01:03] === SYNC COMPLETE ===
[00:01:03]   Block 1 (Todoist→MC):  0 tasks created in MC
[00:01:03]   Block 2 (MC→Todoist):  0 tasks pushed to Todoist
[00:01:03]   Block 3 (completion):  0 closed in MC, 0 closed in Todoist
[00:01:03]   Log: /data/workspace/logs/sync-2026-03-12.log
[02:07:26] === mc-todoist-sync-v2 START ===
[02:07:26] Fetching Todoist active tasks...
[02:07:26]   → 12 active Todoist tasks
[02:07:26] Fetching MC tasks...
[02:07:27]   → 193 MC tasks
[02:07:27] 
[02:07:27] --- Block 1: Todoist → MC (new tasks from synced projects) ---
[02:07:27]   MC tasks already linked to Todoist: 6
[02:07:27]   Block 1 done: 0 tasks created in MC
[02:07:27] 
[02:07:27] --- Block 2: MC → Todoist (Guillermo tasks missing todoistId) ---
[02:07:27]   MC tasks for Guillermo without Todoist link: 0
[02:07:27]   Block 2 done: 0 tasks pushed to Todoist
[02:07:27] 
[02:07:27] --- Block 3: Completion sync (bidirectional) ---
[02:07:27]   Open MC tasks with todoistId: 1
[02:07:27]   Done MC tasks with todoistId: 5
[02:07:27]   Block 3 done: closed 0 in MC, closed 0 in Todoist
[02:07:27] 
[02:07:27] === SYNC COMPLETE ===
[02:07:27]   Block 1 (Todoist→MC):  0 tasks created in MC
[02:07:27]   Block 2 (MC→Todoist):  0 tasks pushed to Todoist
[02:07:27]   Block 3 (completion):  0 closed in MC, 0 closed in Todoist
[02:07:27]   Log: /data/workspace/logs/sync-2026-03-12.log
[04:01:01] === mc-todoist-sync-v2 START ===
[04:01:01] Fetching Todoist active tasks...
[04:01:03]   → 12 active Todoist tasks
[04:01:03] Fetching MC tasks...
[04:01:04]   → 193 MC tasks
[04:01:04] 
[04:01:04] --- Block 1: Todoist → MC (new tasks from synced projects) ---
[04:01:04]   MC tasks already linked to Todoist: 6
[04:01:04]   Block 1 done: 0 tasks created in MC
[04:01:04] 
[04:01:04] --- Block 2: MC → Todoist (Guillermo tasks missing todoistId) ---
[04:01:04]   MC tasks for Guillermo without Todoist link: 0
[04:01:04]   Block 2 done: 0 tasks pushed to Todoist
[04:01:04] 
[04:01:04] --- Block 3: Completion sync (bidirectional) ---
[04:01:04]   Open MC tasks with todoistId: 1
[04:01:04]   Done MC tasks with todoistId: 5
[04:01:04]   Block 3 done: closed 0 in MC, closed 0 in Todoist
[04:01:04] 
[04:01:04] === SYNC COMPLETE ===
[04:01:04]   Block 1 (Todoist→MC):  0 tasks created in MC
[04:01:04]   Block 2 (MC→Todoist):  0 tasks pushed to Todoist
[04:01:04]   Block 3 (completion):  0 closed in MC, 0 closed in Todoist
[04:01:04]   Log: /data/workspace/logs/sync-2026-03-12.log
[06:01:00] === mc-todoist-sync-v2 START ===
[06:01:00] Fetching Todoist active tasks...
[06:01:00]   → 12 active Todoist tasks
[06:01:00] Fetching MC tasks...
[06:01:00]   → 193 MC tasks
[06:01:00] 
[06:01:00] --- Block 1: Todoist → MC (new tasks from synced projects) ---
[06:01:00]   MC tasks already linked to Todoist: 6
[06:01:00]   Block 1 done: 0 tasks created in MC
[06:01:00] 
[06:01:00] --- Block 2: MC → Todoist (Guillermo tasks missing todoistId) ---
[06:01:00]   MC tasks for Guillermo without Todoist link: 0
[06:01:00]   Block 2 done: 0 tasks pushed to Todoist
[06:01:00] 
[06:01:00] --- Block 3: Completion sync (bidirectional) ---
[06:01:01]   Open MC tasks with todoistId: 1
[06:01:01]   Done MC tasks with todoistId: 5
[06:01:01]   Block 3 done: closed 0 in MC, closed 0 in Todoist
[06:01:01] 
[06:01:01] === SYNC COMPLETE ===
[06:01:01]   Block 1 (Todoist→MC):  0 tasks created in MC
[06:01:01]   Block 2 (MC→Todoist):  0 tasks pushed to Todoist
[06:01:01]   Block 3 (completion):  0 closed in MC, 0 closed in Todoist
[06:01:01]   Log: /data/workspace/logs/sync-2026-03-12.log
