[00:01:00] === mc-todoist-sync-v2 START ===
[00:01:00] Fetching Todoist active tasks...
[00:01:03]   → 22 active Todoist tasks
[00:01:03] Fetching MC tasks...
[00:01:04]   → 104 MC tasks
[00:01:04] 
[00:01:04] --- Block 1: Todoist → MC (new tasks from synced projects) ---
[00:01:04]   MC tasks already linked to Todoist: 4
[00:01:04]   Block 1 done: 0 tasks created in MC
[00:01:04] 
[00:01:04] --- Block 2: MC → Todoist (Guillermo tasks missing todoistId) ---
[00:01:04]   MC tasks for Guillermo without Todoist link: 0
[00:01:04]   Block 2 done: 0 tasks pushed to Todoist
[00:01:04] 
[00:01:04] --- Block 3: Completion sync (bidirectional) ---
[00:01:04]   Open MC tasks with todoistId: 2
[00:01:04]   Done MC tasks with todoistId: 2
[00:01:04]   Block 3 done: closed 0 in MC, closed 0 in Todoist
[00:01:04] 
[00:01:04] === SYNC COMPLETE ===
[00:01:04]   Block 1 (Todoist→MC):  0 tasks created in MC
[00:01:04]   Block 2 (MC→Todoist):  0 tasks pushed to Todoist
[00:01:04]   Block 3 (completion):  0 closed in MC, 0 closed in Todoist
[00:01:04]   Log: /data/workspace/logs/sync-2026-02-28.log
