[00:00:58] === mc-todoist-sync-v2 START ===
[00:00:58] Fetching Todoist active tasks...
[00:00:58]   → 11 active Todoist tasks
[00:00:58] Fetching MC tasks...
[00:00:59]   → 188 MC tasks
[00:00:59] 
[00:00:59] --- Block 1: Todoist → MC (new tasks from synced projects) ---
[00:00:59]   MC tasks already linked to Todoist: 6
[00:00:59]   Block 1 done: 0 tasks created in MC
[00:00:59] 
[00:00:59] --- Block 2: MC → Todoist (Guillermo tasks missing todoistId) ---
[00:00:59]   MC tasks for Guillermo without Todoist link: 0
[00:00:59]   Block 2 done: 0 tasks pushed to Todoist
[00:00:59] 
[00:00:59] --- Block 3: Completion sync (bidirectional) ---
[00:00:59]   Open MC tasks with todoistId: 1
[00:00:59]   Done MC tasks with todoistId: 5
[00:00:59]   Block 3 done: closed 0 in MC, closed 0 in Todoist
[00:00:59] 
[00:00:59] === SYNC COMPLETE ===
[00:00:59]   Block 1 (Todoist→MC):  0 tasks created in MC
[00:00:59]   Block 2 (MC→Todoist):  0 tasks pushed to Todoist
[00:00:59]   Block 3 (completion):  0 closed in MC, 0 closed in Todoist
[00:00:59]   Log: /data/workspace/logs/sync-2026-03-09.log
[02:09:38] === mc-todoist-sync-v2 START ===
[02:09:38] Fetching Todoist active tasks...
[02:09:38]   → 10 active Todoist tasks
[02:09:38] Fetching MC tasks...
[02:09:38]   → 188 MC tasks
[02:09:38] 
[02:09:38] --- Block 1: Todoist → MC (new tasks from synced projects) ---
[02:09:38]   MC tasks already linked to Todoist: 6
[02:09:38]   Block 1 done: 0 tasks created in MC
[02:09:38] 
[02:09:38] --- Block 2: MC → Todoist (Guillermo tasks missing todoistId) ---
[02:09:38]   MC tasks for Guillermo without Todoist link: 0
[02:09:38]   Block 2 done: 0 tasks pushed to Todoist
[02:09:38] 
[02:09:38] --- Block 3: Completion sync (bidirectional) ---
[02:09:38]   Open MC tasks with todoistId: 1
[02:09:38]   Done MC tasks with todoistId: 5
[02:09:38]   Block 3 done: closed 0 in MC, closed 0 in Todoist
[02:09:38] 
[02:09:38] === SYNC COMPLETE ===
[02:09:38]   Block 1 (Todoist→MC):  0 tasks created in MC
[02:09:38]   Block 2 (MC→Todoist):  0 tasks pushed to Todoist
[02:09:38]   Block 3 (completion):  0 closed in MC, 0 closed in Todoist
[02:09:38]   Log: /data/workspace/logs/sync-2026-03-09.log
[04:00:59] === mc-todoist-sync-v2 START ===
[04:00:59] Fetching Todoist active tasks...
[04:00:59]   → 10 active Todoist tasks
[04:00:59] Fetching MC tasks...
[04:01:00]   → 188 MC tasks
[04:01:00] 
[04:01:00] --- Block 1: Todoist → MC (new tasks from synced projects) ---
[04:01:00]   MC tasks already linked to Todoist: 6
[04:01:00]   Block 1 done: 0 tasks created in MC
[04:01:00] 
[04:01:00] --- Block 2: MC → Todoist (Guillermo tasks missing todoistId) ---
[04:01:00]   MC tasks for Guillermo without Todoist link: 0
[04:01:00]   Block 2 done: 0 tasks pushed to Todoist
[04:01:00] 
[04:01:00] --- Block 3: Completion sync (bidirectional) ---
[04:01:00]   Open MC tasks with todoistId: 1
[04:01:00]   Done MC tasks with todoistId: 5
[04:01:00]   Block 3 done: closed 0 in MC, closed 0 in Todoist
[04:01:00] 
[04:01:00] === SYNC COMPLETE ===
[04:01:00]   Block 1 (Todoist→MC):  0 tasks created in MC
[04:01:00]   Block 2 (MC→Todoist):  0 tasks pushed to Todoist
[04:01:00]   Block 3 (completion):  0 closed in MC, 0 closed in Todoist
[04:01:00]   Log: /data/workspace/logs/sync-2026-03-09.log
[06:00:58] === mc-todoist-sync-v2 START ===
[06:00:58] Fetching Todoist active tasks...
[06:00:59]   → 10 active Todoist tasks
[06:00:59] Fetching MC tasks...
[06:00:59]   → 188 MC tasks
[06:00:59] 
[06:00:59] --- Block 1: Todoist → MC (new tasks from synced projects) ---
[06:00:59]   MC tasks already linked to Todoist: 6
[06:00:59]   Block 1 done: 0 tasks created in MC
[06:00:59] 
[06:00:59] --- Block 2: MC → Todoist (Guillermo tasks missing todoistId) ---
[06:00:59]   MC tasks for Guillermo without Todoist link: 0
[06:00:59]   Block 2 done: 0 tasks pushed to Todoist
[06:00:59] 
[06:00:59] --- Block 3: Completion sync (bidirectional) ---
[06:00:59]   Open MC tasks with todoistId: 1
[06:00:59]   Done MC tasks with todoistId: 5
[06:00:59]   Block 3 done: closed 0 in MC, closed 0 in Todoist
[06:00:59] 
[06:00:59] === SYNC COMPLETE ===
[06:00:59]   Block 1 (Todoist→MC):  0 tasks created in MC
[06:00:59]   Block 2 (MC→Todoist):  0 tasks pushed to Todoist
[06:00:59]   Block 3 (completion):  0 closed in MC, 0 closed in Todoist
[06:00:59]   Log: /data/workspace/logs/sync-2026-03-09.log
[08:00:58] === mc-todoist-sync-v2 START ===
[08:00:58] Fetching Todoist active tasks...
[08:00:59]   → 10 active Todoist tasks
[08:00:59] Fetching MC tasks...
[08:00:59]   → 188 MC tasks
[08:00:59] 
[08:00:59] --- Block 1: Todoist → MC (new tasks from synced projects) ---
[08:00:59]   MC tasks already linked to Todoist: 6
[08:00:59]   Block 1 done: 0 tasks created in MC
[08:00:59] 
[08:00:59] --- Block 2: MC → Todoist (Guillermo tasks missing todoistId) ---
[08:00:59]   MC tasks for Guillermo without Todoist link: 0
[08:00:59]   Block 2 done: 0 tasks pushed to Todoist
[08:00:59] 
[08:00:59] --- Block 3: Completion sync (bidirectional) ---
[08:00:59]   Open MC tasks with todoistId: 1
[08:00:59]   Done MC tasks with todoistId: 5
[08:00:59]   Block 3 done: closed 0 in MC, closed 0 in Todoist
[08:00:59] 
[08:00:59] === SYNC COMPLETE ===
[08:00:59]   Block 1 (Todoist→MC):  0 tasks created in MC
[08:00:59]   Block 2 (MC→Todoist):  0 tasks pushed to Todoist
[08:00:59]   Block 3 (completion):  0 closed in MC, 0 closed in Todoist
[08:00:59]   Log: /data/workspace/logs/sync-2026-03-09.log
[10:00:59] === mc-todoist-sync-v2 START ===
[10:00:59] Fetching Todoist active tasks...
[10:01:00]   → 12 active Todoist tasks
[10:01:00] Fetching MC tasks...
[10:01:00]   → 188 MC tasks
[10:01:00] 
[10:01:00] --- Block 1: Todoist → MC (new tasks from synced projects) ---
[10:01:00]   MC tasks already linked to Todoist: 6
[10:01:00]   Block 1 done: 0 tasks created in MC
[10:01:00] 
[10:01:00] --- Block 2: MC → Todoist (Guillermo tasks missing todoistId) ---
[10:01:00]   MC tasks for Guillermo without Todoist link: 0
[10:01:00]   Block 2 done: 0 tasks pushed to Todoist
[10:01:00] 
[10:01:00] --- Block 3: Completion sync (bidirectional) ---
[10:01:00]   Open MC tasks with todoistId: 1
[10:01:00]   Done MC tasks with todoistId: 5
[10:01:00]   Block 3 done: closed 0 in MC, closed 0 in Todoist
[10:01:00] 
[10:01:00] === SYNC COMPLETE ===
[10:01:00]   Block 1 (Todoist→MC):  0 tasks created in MC
[10:01:00]   Block 2 (MC→Todoist):  0 tasks pushed to Todoist
[10:01:00]   Block 3 (completion):  0 closed in MC, 0 closed in Todoist
[10:01:00]   Log: /data/workspace/logs/sync-2026-03-09.log
[12:01:00] === mc-todoist-sync-v2 START ===
[12:01:00] Fetching Todoist active tasks...
[12:01:00]   → 12 active Todoist tasks
[12:01:00] Fetching MC tasks...
[12:01:00]   → 188 MC tasks
[12:01:00] 
[12:01:00] --- Block 1: Todoist → MC (new tasks from synced projects) ---
[12:01:00]   MC tasks already linked to Todoist: 6
[12:01:00]   Block 1 done: 0 tasks created in MC
[12:01:00] 
[12:01:00] --- Block 2: MC → Todoist (Guillermo tasks missing todoistId) ---
[12:01:00]   MC tasks for Guillermo without Todoist link: 0
[12:01:00]   Block 2 done: 0 tasks pushed to Todoist
[12:01:00] 
[12:01:00] --- Block 3: Completion sync (bidirectional) ---
[12:01:01]   Open MC tasks with todoistId: 1
[12:01:01]   Done MC tasks with todoistId: 5
[12:01:01]   Block 3 done: closed 0 in MC, closed 0 in Todoist
[12:01:01] 
[12:01:01] === SYNC COMPLETE ===
[12:01:01]   Block 1 (Todoist→MC):  0 tasks created in MC
[12:01:01]   Block 2 (MC→Todoist):  0 tasks pushed to Todoist
[12:01:01]   Block 3 (completion):  0 closed in MC, 0 closed in Todoist
[12:01:01]   Log: /data/workspace/logs/sync-2026-03-09.log
[14:01:00] === mc-todoist-sync-v2 START ===
[14:01:00] Fetching Todoist active tasks...
[14:01:01]   → 13 active Todoist tasks
[14:01:01] Fetching MC tasks...
[14:01:01]   → 188 MC tasks
[14:01:01] 
[14:01:01] --- Block 1: Todoist → MC (new tasks from synced projects) ---
[14:01:01]   MC tasks already linked to Todoist: 6
[14:01:01]   Block 1 done: 0 tasks created in MC
[14:01:01] 
[14:01:01] --- Block 2: MC → Todoist (Guillermo tasks missing todoistId) ---
[14:01:01]   MC tasks for Guillermo without Todoist link: 0
[14:01:01]   Block 2 done: 0 tasks pushed to Todoist
[14:01:01] 
[14:01:01] --- Block 3: Completion sync (bidirectional) ---
[14:01:01]   Open MC tasks with todoistId: 1
[14:01:01]   Done MC tasks with todoistId: 5
[14:01:01]   Block 3 done: closed 0 in MC, closed 0 in Todoist
[14:01:01] 
[14:01:01] === SYNC COMPLETE ===
[14:01:01]   Block 1 (Todoist→MC):  0 tasks created in MC
[14:01:01]   Block 2 (MC→Todoist):  0 tasks pushed to Todoist
[14:01:01]   Block 3 (completion):  0 closed in MC, 0 closed in Todoist
[14:01:01]   Log: /data/workspace/logs/sync-2026-03-09.log
[16:00:58] === mc-todoist-sync-v2 START ===
[16:00:58] Fetching Todoist active tasks...
[16:00:59]   → 12 active Todoist tasks
[16:00:59] Fetching MC tasks...
[16:00:59]   → 188 MC tasks
[16:00:59] 
[16:00:59] --- Block 1: Todoist → MC (new tasks from synced projects) ---
[16:00:59]   MC tasks already linked to Todoist: 6
[16:00:59]   Block 1 done: 0 tasks created in MC
[16:00:59] 
[16:00:59] --- Block 2: MC → Todoist (Guillermo tasks missing todoistId) ---
[16:00:59]   MC tasks for Guillermo without Todoist link: 0
[16:00:59]   Block 2 done: 0 tasks pushed to Todoist
[16:00:59] 
[16:00:59] --- Block 3: Completion sync (bidirectional) ---
[16:00:59]   Open MC tasks with todoistId: 1
[16:00:59]   Done MC tasks with todoistId: 5
[16:00:59]   Block 3 done: closed 0 in MC, closed 0 in Todoist
[16:00:59] 
[16:00:59] === SYNC COMPLETE ===
[16:00:59]   Block 1 (Todoist→MC):  0 tasks created in MC
[16:00:59]   Block 2 (MC→Todoist):  0 tasks pushed to Todoist
[16:00:59]   Block 3 (completion):  0 closed in MC, 0 closed in Todoist
[16:00:59]   Log: /data/workspace/logs/sync-2026-03-09.log
[18:15:10] === mc-todoist-sync-v2 START ===
[18:15:10] Fetching Todoist active tasks...
[18:15:11]   → 12 active Todoist tasks
[18:15:11] Fetching MC tasks...
[18:15:11]   → 188 MC tasks
[18:15:11] 
[18:15:11] --- Block 1: Todoist → MC (new tasks from synced projects) ---
[18:15:11]   MC tasks already linked to Todoist: 6
[18:15:11]   Block 1 done: 0 tasks created in MC
[18:15:11] 
[18:15:11] --- Block 2: MC → Todoist (Guillermo tasks missing todoistId) ---
[18:15:11]   MC tasks for Guillermo without Todoist link: 0
[18:15:11]   Block 2 done: 0 tasks pushed to Todoist
[18:15:11] 
[18:15:11] --- Block 3: Completion sync (bidirectional) ---
[18:15:12]   Open MC tasks with todoistId: 1
[18:15:12]   Done MC tasks with todoistId: 5
[18:15:12]   Block 3 done: closed 0 in MC, closed 0 in Todoist
[18:15:12] 
[18:15:12] === SYNC COMPLETE ===
[18:15:12]   Block 1 (Todoist→MC):  0 tasks created in MC
[18:15:12]   Block 2 (MC→Todoist):  0 tasks pushed to Todoist
[18:15:12]   Block 3 (completion):  0 closed in MC, 0 closed in Todoist
[18:15:12]   Log: /data/workspace/logs/sync-2026-03-09.log
[18:15:44] === mc-todoist-sync-v2 START ===
[18:15:44] Fetching Todoist active tasks...
[18:15:45]   → 12 active Todoist tasks
[18:15:45] Fetching MC tasks...
[18:15:45]   → 188 MC tasks
[18:15:45] 
[18:15:45] --- Block 1: Todoist → MC (new tasks from synced projects) ---
[18:15:45]   MC tasks already linked to Todoist: 6
[18:15:45]   Block 1 done: 0 tasks created in MC
[18:15:45] 
[18:15:45] --- Block 2: MC → Todoist (Guillermo tasks missing todoistId) ---
[18:15:45]   MC tasks for Guillermo without Todoist link: 0
[18:15:45]   Block 2 done: 0 tasks pushed to Todoist
[18:15:45] 
[18:15:45] --- Block 3: Completion sync (bidirectional) ---
[18:15:45]   Open MC tasks with todoistId: 1
[18:15:45]   Done MC tasks with todoistId: 5
[18:15:45]   Block 3 done: closed 0 in MC, closed 0 in Todoist
[18:15:45] 
[18:15:45] === SYNC COMPLETE ===
[18:15:45]   Block 1 (Todoist→MC):  0 tasks created in MC
[18:15:45]   Block 2 (MC→Todoist):  0 tasks pushed to Todoist
[18:15:45]   Block 3 (completion):  0 closed in MC, 0 closed in Todoist
[18:15:45]   Log: /data/workspace/logs/sync-2026-03-09.log
[20:01:02] === mc-todoist-sync-v2 START ===
[20:01:02] Fetching Todoist active tasks...
[20:01:03]   → 12 active Todoist tasks
[20:01:03] Fetching MC tasks...
[20:01:04]   → 188 MC tasks
[20:01:04] 
[20:01:04] --- Block 1: Todoist → MC (new tasks from synced projects) ---
[20:01:04]   MC tasks already linked to Todoist: 6
[20:01:04]   Block 1 done: 0 tasks created in MC
[20:01:04] 
[20:01:04] --- Block 2: MC → Todoist (Guillermo tasks missing todoistId) ---
[20:01:04]   MC tasks for Guillermo without Todoist link: 0
[20:01:04]   Block 2 done: 0 tasks pushed to Todoist
[20:01:04] 
[20:01:04] --- Block 3: Completion sync (bidirectional) ---
[20:01:04]   Open MC tasks with todoistId: 1
[20:01:04]   Done MC tasks with todoistId: 5
[20:01:04]   Block 3 done: closed 0 in MC, closed 0 in Todoist
[20:01:04] 
[20:01:04] === SYNC COMPLETE ===
[20:01:04]   Block 1 (Todoist→MC):  0 tasks created in MC
[20:01:04]   Block 2 (MC→Todoist):  0 tasks pushed to Todoist
[20:01:04]   Block 3 (completion):  0 closed in MC, 0 closed in Todoist
[20:01:04]   Log: /data/workspace/logs/sync-2026-03-09.log
[22:00:59] === mc-todoist-sync-v2 START ===
[22:00:59] Fetching Todoist active tasks...
[22:00:59]   → 12 active Todoist tasks
[22:00:59] Fetching MC tasks...
[22:01:00]   → 188 MC tasks
[22:01:00] 
[22:01:00] --- Block 1: Todoist → MC (new tasks from synced projects) ---
[22:01:00]   MC tasks already linked to Todoist: 6
[22:01:00]   Block 1 done: 0 tasks created in MC
[22:01:00] 
[22:01:00] --- Block 2: MC → Todoist (Guillermo tasks missing todoistId) ---
[22:01:00]   MC tasks for Guillermo without Todoist link: 0
[22:01:00]   Block 2 done: 0 tasks pushed to Todoist
[22:01:00] 
[22:01:00] --- Block 3: Completion sync (bidirectional) ---
[22:01:00]   Open MC tasks with todoistId: 1
[22:01:00]   Done MC tasks with todoistId: 5
[22:01:00]   Block 3 done: closed 0 in MC, closed 0 in Todoist
[22:01:00] 
[22:01:00] === SYNC COMPLETE ===
[22:01:00]   Block 1 (Todoist→MC):  0 tasks created in MC
[22:01:00]   Block 2 (MC→Todoist):  0 tasks pushed to Todoist
[22:01:00]   Block 3 (completion):  0 closed in MC, 0 closed in Todoist
[22:01:00]   Log: /data/workspace/logs/sync-2026-03-09.log
