[00:00:58] === mc-todoist-sync-v2 START ===
[00:00:58] Fetching Todoist active tasks...
[00:00:58]   → 15 active Todoist tasks
[00:00:58] Fetching MC tasks...
[00:00:59]   → 203 MC tasks
[00:00:59] 
[00:00:59] --- Block 1: Todoist → MC (new tasks from synced projects) ---
[00:00:59]   MC tasks already linked to Todoist: 6
[00:00:59]   Block 1 done: 0 tasks created in MC
[00:00:59] 
[00:00:59] --- Block 2: MC → Todoist (Guillermo tasks missing todoistId) ---
[00:00:59]   MC tasks for Guillermo without Todoist link: 0
[00:00:59]   Block 2 done: 0 tasks pushed to Todoist
[00:00:59] 
[00:00:59] --- Block 3: Completion sync (bidirectional) ---
[00:00:59]   Open MC tasks with todoistId: 0
[00:00:59]   Done MC tasks with todoistId: 6
[00:00:59]   Block 3 done: closed 0 in MC, closed 0 in Todoist
[00:00:59] 
[00:00:59] === SYNC COMPLETE ===
[00:00:59]   Block 1 (Todoist→MC):  0 tasks created in MC
[00:00:59]   Block 2 (MC→Todoist):  0 tasks pushed to Todoist
[00:00:59]   Block 3 (completion):  0 closed in MC, 0 closed in Todoist
[00:00:59]   Log: /data/workspace/logs/sync-2026-03-15.log
[02:07:38] === mc-todoist-sync-v2 START ===
[02:07:38] Fetching Todoist active tasks...
[02:07:38]   → 12 active Todoist tasks
[02:07:38] Fetching MC tasks...
[02:07:38]   → 203 MC tasks
[02:07:38] 
[02:07:38] --- Block 1: Todoist → MC (new tasks from synced projects) ---
[02:07:38]   MC tasks already linked to Todoist: 6
[02:07:38]   Block 1 done: 0 tasks created in MC
[02:07:38] 
[02:07:38] --- Block 2: MC → Todoist (Guillermo tasks missing todoistId) ---
[02:07:38]   MC tasks for Guillermo without Todoist link: 0
[02:07:38]   Block 2 done: 0 tasks pushed to Todoist
[02:07:38] 
[02:07:38] --- Block 3: Completion sync (bidirectional) ---
[02:07:39]   Open MC tasks with todoistId: 0
[02:07:39]   Done MC tasks with todoistId: 6
[02:07:39]   Block 3 done: closed 0 in MC, closed 0 in Todoist
[02:07:39] 
[02:07:39] === SYNC COMPLETE ===
[02:07:39]   Block 1 (Todoist→MC):  0 tasks created in MC
[02:07:39]   Block 2 (MC→Todoist):  0 tasks pushed to Todoist
[02:07:39]   Block 3 (completion):  0 closed in MC, 0 closed in Todoist
[02:07:39]   Log: /data/workspace/logs/sync-2026-03-15.log
[04:00:22] === mc-todoist-sync-v2 START ===
[04:00:22] Fetching Todoist active tasks...
[04:00:23]   → 12 active Todoist tasks
[04:00:23] Fetching MC tasks...
[04:00:23]   → 203 MC tasks
[04:00:23] 
[04:00:23] --- Block 1: Todoist → MC (new tasks from synced projects) ---
[04:00:23]   MC tasks already linked to Todoist: 6
[04:00:23]   Block 1 done: 0 tasks created in MC
[04:00:23] 
[04:00:23] --- Block 2: MC → Todoist (Guillermo tasks missing todoistId) ---
[04:00:23]   MC tasks for Guillermo without Todoist link: 0
[04:00:23]   Block 2 done: 0 tasks pushed to Todoist
[04:00:23] 
[04:00:23] --- Block 3: Completion sync (bidirectional) ---
[04:00:23]   Open MC tasks with todoistId: 0
[04:00:23]   Done MC tasks with todoistId: 6
[04:00:23]   Block 3 done: closed 0 in MC, closed 0 in Todoist
[04:00:23] 
[04:00:23] === SYNC COMPLETE ===
[04:00:23]   Block 1 (Todoist→MC):  0 tasks created in MC
[04:00:23]   Block 2 (MC→Todoist):  0 tasks pushed to Todoist
[04:00:23]   Block 3 (completion):  0 closed in MC, 0 closed in Todoist
[04:00:23]   Log: /data/workspace/logs/sync-2026-03-15.log
[04:00:59] === mc-todoist-sync-v2 START ===
[04:00:59] Fetching Todoist active tasks...
[04:00:59]   → 12 active Todoist tasks
[04:00:59] Fetching MC tasks...
[04:01:00]   → 203 MC tasks
[04:01:00] 
[04:01:00] --- Block 1: Todoist → MC (new tasks from synced projects) ---
[04:01:00]   MC tasks already linked to Todoist: 6
[04:01:00]   Block 1 done: 0 tasks created in MC
[04:01:00] 
[04:01:00] --- Block 2: MC → Todoist (Guillermo tasks missing todoistId) ---
[04:01:00]   MC tasks for Guillermo without Todoist link: 0
[04:01:00]   Block 2 done: 0 tasks pushed to Todoist
[04:01:00] 
[04:01:00] --- Block 3: Completion sync (bidirectional) ---
[04:01:00]   Open MC tasks with todoistId: 0
[04:01:00]   Done MC tasks with todoistId: 6
[04:01:00]   Block 3 done: closed 0 in MC, closed 0 in Todoist
[04:01:00] 
[04:01:00] === SYNC COMPLETE ===
[04:01:00]   Block 1 (Todoist→MC):  0 tasks created in MC
[04:01:00]   Block 2 (MC→Todoist):  0 tasks pushed to Todoist
[04:01:00]   Block 3 (completion):  0 closed in MC, 0 closed in Todoist
[04:01:00]   Log: /data/workspace/logs/sync-2026-03-15.log
[06:00:59] === mc-todoist-sync-v2 START ===
[06:00:59] Fetching Todoist active tasks...
[06:00:59]   → 12 active Todoist tasks
[06:00:59] Fetching MC tasks...
[06:00:59]   → 203 MC tasks
[06:00:59] 
[06:00:59] --- Block 1: Todoist → MC (new tasks from synced projects) ---
[06:00:59]   MC tasks already linked to Todoist: 6
[06:00:59]   Block 1 done: 0 tasks created in MC
[06:00:59] 
[06:00:59] --- Block 2: MC → Todoist (Guillermo tasks missing todoistId) ---
[06:00:59]   MC tasks for Guillermo without Todoist link: 0
[06:00:59]   Block 2 done: 0 tasks pushed to Todoist
[06:01:00] 
[06:01:00] --- Block 3: Completion sync (bidirectional) ---
[06:01:00]   Open MC tasks with todoistId: 0
[06:01:00]   Done MC tasks with todoistId: 6
[06:01:00]   Block 3 done: closed 0 in MC, closed 0 in Todoist
[06:01:00] 
[06:01:00] === SYNC COMPLETE ===
[06:01:00]   Block 1 (Todoist→MC):  0 tasks created in MC
[06:01:00]   Block 2 (MC→Todoist):  0 tasks pushed to Todoist
[06:01:00]   Block 3 (completion):  0 closed in MC, 0 closed in Todoist
[06:01:00]   Log: /data/workspace/logs/sync-2026-03-15.log
[08:00:58] === mc-todoist-sync-v2 START ===
[08:00:58] Fetching Todoist active tasks...
[08:00:58]   → 12 active Todoist tasks
[08:00:58] Fetching MC tasks...
[08:00:58]   → 203 MC tasks
[08:00:58] 
[08:00:58] --- Block 1: Todoist → MC (new tasks from synced projects) ---
[08:00:59]   MC tasks already linked to Todoist: 6
[08:00:59]   Block 1 done: 0 tasks created in MC
[08:00:59] 
[08:00:59] --- Block 2: MC → Todoist (Guillermo tasks missing todoistId) ---
[08:00:59]   MC tasks for Guillermo without Todoist link: 0
[08:00:59]   Block 2 done: 0 tasks pushed to Todoist
[08:00:59] 
[08:00:59] --- Block 3: Completion sync (bidirectional) ---
[08:00:59]   Open MC tasks with todoistId: 0
[08:00:59]   Done MC tasks with todoistId: 6
[08:00:59]   Block 3 done: closed 0 in MC, closed 0 in Todoist
[08:00:59] 
[08:00:59] === SYNC COMPLETE ===
[08:00:59]   Block 1 (Todoist→MC):  0 tasks created in MC
[08:00:59]   Block 2 (MC→Todoist):  0 tasks pushed to Todoist
[08:00:59]   Block 3 (completion):  0 closed in MC, 0 closed in Todoist
[08:00:59]   Log: /data/workspace/logs/sync-2026-03-15.log
[10:00:59] === mc-todoist-sync-v2 START ===
[10:00:59] Fetching Todoist active tasks...
[10:00:59]   → 12 active Todoist tasks
[10:00:59] Fetching MC tasks...
[10:01:00]   → 203 MC tasks
[10:01:00] 
[10:01:00] --- Block 1: Todoist → MC (new tasks from synced projects) ---
[10:01:00]   MC tasks already linked to Todoist: 6
[10:01:00]   Block 1 done: 0 tasks created in MC
[10:01:00] 
[10:01:00] --- Block 2: MC → Todoist (Guillermo tasks missing todoistId) ---
[10:01:00]   MC tasks for Guillermo without Todoist link: 0
[10:01:00]   Block 2 done: 0 tasks pushed to Todoist
[10:01:00] 
[10:01:00] --- Block 3: Completion sync (bidirectional) ---
[10:01:00]   Open MC tasks with todoistId: 0
[10:01:00]   Done MC tasks with todoistId: 6
[10:01:00]   Block 3 done: closed 0 in MC, closed 0 in Todoist
[10:01:00] 
[10:01:00] === SYNC COMPLETE ===
[10:01:00]   Block 1 (Todoist→MC):  0 tasks created in MC
[10:01:00]   Block 2 (MC→Todoist):  0 tasks pushed to Todoist
[10:01:00]   Block 3 (completion):  0 closed in MC, 0 closed in Todoist
[10:01:00]   Log: /data/workspace/logs/sync-2026-03-15.log
[12:00:58] === mc-todoist-sync-v2 START ===
[12:00:58] Fetching Todoist active tasks...
[12:00:59]   → 12 active Todoist tasks
[12:00:59] Fetching MC tasks...
[12:00:59]   → 203 MC tasks
[12:00:59] 
[12:00:59] --- Block 1: Todoist → MC (new tasks from synced projects) ---
[12:00:59]   MC tasks already linked to Todoist: 6
[12:00:59]   Block 1 done: 0 tasks created in MC
[12:00:59] 
[12:00:59] --- Block 2: MC → Todoist (Guillermo tasks missing todoistId) ---
[12:00:59]   MC tasks for Guillermo without Todoist link: 0
[12:00:59]   Block 2 done: 0 tasks pushed to Todoist
[12:00:59] 
[12:00:59] --- Block 3: Completion sync (bidirectional) ---
[12:00:59]   Open MC tasks with todoistId: 0
[12:00:59]   Done MC tasks with todoistId: 6
[12:00:59]   Block 3 done: closed 0 in MC, closed 0 in Todoist
[12:00:59] 
[12:00:59] === SYNC COMPLETE ===
[12:00:59]   Block 1 (Todoist→MC):  0 tasks created in MC
[12:00:59]   Block 2 (MC→Todoist):  0 tasks pushed to Todoist
[12:00:59]   Block 3 (completion):  0 closed in MC, 0 closed in Todoist
[12:00:59]   Log: /data/workspace/logs/sync-2026-03-15.log
[14:00:59] === mc-todoist-sync-v2 START ===
[14:00:59] Fetching Todoist active tasks...
[14:01:00]   → 12 active Todoist tasks
[14:01:00] Fetching MC tasks...
[14:01:00]   → 203 MC tasks
[14:01:00] 
[14:01:00] --- Block 1: Todoist → MC (new tasks from synced projects) ---
[14:01:00]   MC tasks already linked to Todoist: 6
[14:01:00]   Block 1 done: 0 tasks created in MC
[14:01:00] 
[14:01:00] --- Block 2: MC → Todoist (Guillermo tasks missing todoistId) ---
[14:01:00]   MC tasks for Guillermo without Todoist link: 0
[14:01:00]   Block 2 done: 0 tasks pushed to Todoist
[14:01:00] 
[14:01:00] --- Block 3: Completion sync (bidirectional) ---
[14:01:00]   Open MC tasks with todoistId: 0
[14:01:00]   Done MC tasks with todoistId: 6
[14:01:00]   Block 3 done: closed 0 in MC, closed 0 in Todoist
[14:01:00] 
[14:01:00] === SYNC COMPLETE ===
[14:01:00]   Block 1 (Todoist→MC):  0 tasks created in MC
[14:01:00]   Block 2 (MC→Todoist):  0 tasks pushed to Todoist
[14:01:00]   Block 3 (completion):  0 closed in MC, 0 closed in Todoist
[14:01:00]   Log: /data/workspace/logs/sync-2026-03-15.log
[17:00:11] === mc-todoist-sync-v2 START ===
[17:00:11] Fetching Todoist active tasks...
[17:00:11]   → 12 active Todoist tasks
[17:00:11] Fetching MC tasks...
[17:00:12]   → 203 MC tasks
[17:00:12] 
[17:00:12] --- Block 1: Todoist → MC (new tasks from synced projects) ---
[17:00:12]   MC tasks already linked to Todoist: 6
[17:00:12]   Block 1 done: 0 tasks created in MC
[17:00:12] 
[17:00:12] --- Block 2: MC → Todoist (Guillermo tasks missing todoistId) ---
[17:00:12]   MC tasks for Guillermo without Todoist link: 0
[17:00:12]   Block 2 done: 0 tasks pushed to Todoist
[17:00:12] 
[17:00:12] --- Block 3: Completion sync (bidirectional) ---
[17:00:12]   Open MC tasks with todoistId: 0
[17:00:12]   Done MC tasks with todoistId: 6
[17:00:12]   Block 3 done: closed 0 in MC, closed 0 in Todoist
[17:00:12] 
[17:00:12] === SYNC COMPLETE ===
[17:00:12]   Block 1 (Todoist→MC):  0 tasks created in MC
[17:00:12]   Block 2 (MC→Todoist):  0 tasks pushed to Todoist
[17:00:12]   Block 3 (completion):  0 closed in MC, 0 closed in Todoist
[17:00:12]   Log: /data/workspace/logs/sync-2026-03-15.log
[18:01:00] === mc-todoist-sync-v2 START ===
[18:01:00] Fetching Todoist active tasks...
[18:01:00]   → 12 active Todoist tasks
[18:01:00] Fetching MC tasks...
[18:01:00]   → 203 MC tasks
[18:01:00] 
[18:01:00] --- Block 1: Todoist → MC (new tasks from synced projects) ---
[18:01:00]   MC tasks already linked to Todoist: 6
[18:01:00]   Block 1 done: 0 tasks created in MC
[18:01:00] 
[18:01:00] --- Block 2: MC → Todoist (Guillermo tasks missing todoistId) ---
[18:01:00]   MC tasks for Guillermo without Todoist link: 0
[18:01:00]   Block 2 done: 0 tasks pushed to Todoist
[18:01:00] 
[18:01:00] --- Block 3: Completion sync (bidirectional) ---
[18:01:01]   Open MC tasks with todoistId: 0
[18:01:01]   Done MC tasks with todoistId: 6
[18:01:01]   Block 3 done: closed 0 in MC, closed 0 in Todoist
[18:01:01] 
[18:01:01] === SYNC COMPLETE ===
[18:01:01]   Block 1 (Todoist→MC):  0 tasks created in MC
[18:01:01]   Block 2 (MC→Todoist):  0 tasks pushed to Todoist
[18:01:01]   Block 3 (completion):  0 closed in MC, 0 closed in Todoist
[18:01:01]   Log: /data/workspace/logs/sync-2026-03-15.log
[20:01:01] === mc-todoist-sync-v2 START ===
[20:01:01] Fetching Todoist active tasks...
[20:01:02]   → 15 active Todoist tasks
[20:01:02] Fetching MC tasks...
[20:01:02]   → 207 MC tasks
[20:01:02] 
[20:01:02] --- Block 1: Todoist → MC (new tasks from synced projects) ---
[20:01:02]   MC tasks already linked to Todoist: 6
[20:01:02]   Block 1 done: 0 tasks created in MC
[20:01:02] 
[20:01:02] --- Block 2: MC → Todoist (Guillermo tasks missing todoistId) ---
[20:01:02]   MC tasks for Guillermo without Todoist link: 0
[20:01:02]   Block 2 done: 0 tasks pushed to Todoist
[20:01:02] 
[20:01:02] --- Block 3: Completion sync (bidirectional) ---
[20:01:03]   Open MC tasks with todoistId: 0
[20:01:03]   Done MC tasks with todoistId: 6
[20:01:03]   Block 3 done: closed 0 in MC, closed 0 in Todoist
[20:01:03] 
[20:01:03] === SYNC COMPLETE ===
[20:01:03]   Block 1 (Todoist→MC):  0 tasks created in MC
[20:01:03]   Block 2 (MC→Todoist):  0 tasks pushed to Todoist
[20:01:03]   Block 3 (completion):  0 closed in MC, 0 closed in Todoist
[20:01:03]   Log: /data/workspace/logs/sync-2026-03-15.log
[22:00:59] === mc-todoist-sync-v2 START ===
[22:00:59] Fetching Todoist active tasks...
[22:00:59]   → 15 active Todoist tasks
[22:00:59] Fetching MC tasks...
[22:00:59]   → 209 MC tasks
[22:00:59] 
[22:00:59] --- Block 1: Todoist → MC (new tasks from synced projects) ---
[22:00:59]   MC tasks already linked to Todoist: 6
[22:00:59]   Block 1 done: 0 tasks created in MC
[22:00:59] 
[22:00:59] --- Block 2: MC → Todoist (Guillermo tasks missing todoistId) ---
[22:00:59]   MC tasks for Guillermo without Todoist link: 0
[22:00:59]   Block 2 done: 0 tasks pushed to Todoist
[22:00:59] 
[22:00:59] --- Block 3: Completion sync (bidirectional) ---
[22:00:59]   Open MC tasks with todoistId: 0
[22:00:59]   Done MC tasks with todoistId: 6
[22:00:59]   Block 3 done: closed 0 in MC, closed 0 in Todoist
[22:00:59] 
[22:00:59] === SYNC COMPLETE ===
[22:00:59]   Block 1 (Todoist→MC):  0 tasks created in MC
[22:00:59]   Block 2 (MC→Todoist):  0 tasks pushed to Todoist
[22:00:59]   Block 3 (completion):  0 closed in MC, 0 closed in Todoist
[22:01:00]   Log: /data/workspace/logs/sync-2026-03-15.log
