[00:01:33] === mc-todoist-sync-v2 START ===
[00:01:33] Fetching Todoist active tasks...
[00:01:34]   → 14 active Todoist tasks
[00:01:34] Fetching MC tasks...
[00:01:34]   → 180 MC tasks
[00:01:34] 
[00:01:34] --- Block 1: Todoist → MC (new tasks from synced projects) ---
[00:01:34]   MC tasks already linked to Todoist: 6
[00:01:34]   Block 1 done: 0 tasks created in MC
[00:01:34] 
[00:01:34] --- Block 2: MC → Todoist (Guillermo tasks missing todoistId) ---
[00:01:34]   MC tasks for Guillermo without Todoist link: 0
[00:01:34]   Block 2 done: 0 tasks pushed to Todoist
[00:01:34] 
[00:01:34] --- Block 3: Completion sync (bidirectional) ---
[00:01:34]   Open MC tasks with todoistId: 1
[00:01:34]   Done MC tasks with todoistId: 5
[00:01:34]   Block 3 done: closed 0 in MC, closed 0 in Todoist
[00:01:34] 
[00:01:34] === SYNC COMPLETE ===
[00:01:34]   Block 1 (Todoist→MC):  0 tasks created in MC
[00:01:34]   Block 2 (MC→Todoist):  0 tasks pushed to Todoist
[00:01:34]   Block 3 (completion):  0 closed in MC, 0 closed in Todoist
[00:01:34]   Log: /data/workspace/logs/sync-2026-03-05.log
[04:00:59] === mc-todoist-sync-v2 START ===
[04:00:59] Fetching Todoist active tasks...
[04:00:59]   → 13 active Todoist tasks
[04:00:59] Fetching MC tasks...
[04:01:00]   → 180 MC tasks
[04:01:00] 
[04:01:00] --- Block 1: Todoist → MC (new tasks from synced projects) ---
[04:01:00]   MC tasks already linked to Todoist: 6
[04:01:00]   Block 1 done: 0 tasks created in MC
[04:01:00] 
[04:01:00] --- Block 2: MC → Todoist (Guillermo tasks missing todoistId) ---
[04:01:00]   MC tasks for Guillermo without Todoist link: 0
[04:01:00]   Block 2 done: 0 tasks pushed to Todoist
[04:01:00] 
[04:01:00] --- Block 3: Completion sync (bidirectional) ---
[04:01:00]   Open MC tasks with todoistId: 1
[04:01:00]   Done MC tasks with todoistId: 5
[04:01:00]   Block 3 done: closed 0 in MC, closed 0 in Todoist
[04:01:00] 
[04:01:00] === SYNC COMPLETE ===
[04:01:00]   Block 1 (Todoist→MC):  0 tasks created in MC
[04:01:00]   Block 2 (MC→Todoist):  0 tasks pushed to Todoist
[04:01:00]   Block 3 (completion):  0 closed in MC, 0 closed in Todoist
[04:01:00]   Log: /data/workspace/logs/sync-2026-03-05.log
[06:00:58] === mc-todoist-sync-v2 START ===
[06:00:58] Fetching Todoist active tasks...
[06:00:58]   → 13 active Todoist tasks
[06:00:58] Fetching MC tasks...
[06:00:59]   → 180 MC tasks
[06:00:59] 
[06:00:59] --- Block 1: Todoist → MC (new tasks from synced projects) ---
[06:00:59]   MC tasks already linked to Todoist: 6
[06:00:59]   Block 1 done: 0 tasks created in MC
[06:00:59] 
[06:00:59] --- Block 2: MC → Todoist (Guillermo tasks missing todoistId) ---
[06:00:59]   MC tasks for Guillermo without Todoist link: 0
[06:00:59]   Block 2 done: 0 tasks pushed to Todoist
[06:00:59] 
[06:00:59] --- Block 3: Completion sync (bidirectional) ---
[06:00:59]   Open MC tasks with todoistId: 1
[06:00:59]   Done MC tasks with todoistId: 5
[06:00:59]   Block 3 done: closed 0 in MC, closed 0 in Todoist
[06:00:59] 
[06:00:59] === SYNC COMPLETE ===
[06:00:59]   Block 1 (Todoist→MC):  0 tasks created in MC
[06:00:59]   Block 2 (MC→Todoist):  0 tasks pushed to Todoist
[06:00:59]   Block 3 (completion):  0 closed in MC, 0 closed in Todoist
[06:00:59]   Log: /data/workspace/logs/sync-2026-03-05.log
[08:00:58] === mc-todoist-sync-v2 START ===
[08:00:58] Fetching Todoist active tasks...
[08:00:59]   → 13 active Todoist tasks
[08:00:59] Fetching MC tasks...
[08:00:59]   → 180 MC tasks
[08:00:59] 
[08:00:59] --- Block 1: Todoist → MC (new tasks from synced projects) ---
[08:00:59]   MC tasks already linked to Todoist: 6
[08:00:59]   Block 1 done: 0 tasks created in MC
[08:00:59] 
[08:00:59] --- Block 2: MC → Todoist (Guillermo tasks missing todoistId) ---
[08:00:59]   MC tasks for Guillermo without Todoist link: 0
[08:00:59]   Block 2 done: 0 tasks pushed to Todoist
[08:00:59] 
[08:00:59] --- Block 3: Completion sync (bidirectional) ---
[08:00:59]   Open MC tasks with todoistId: 1
[08:00:59]   Done MC tasks with todoistId: 5
[08:00:59]   Block 3 done: closed 0 in MC, closed 0 in Todoist
[08:00:59] 
[08:00:59] === SYNC COMPLETE ===
[08:00:59]   Block 1 (Todoist→MC):  0 tasks created in MC
[08:00:59]   Block 2 (MC→Todoist):  0 tasks pushed to Todoist
[08:00:59]   Block 3 (completion):  0 closed in MC, 0 closed in Todoist
[08:00:59]   Log: /data/workspace/logs/sync-2026-03-05.log
[10:00:58] === mc-todoist-sync-v2 START ===
[10:00:58] Fetching Todoist active tasks...
[10:00:59]   → 13 active Todoist tasks
[10:00:59] Fetching MC tasks...
[10:00:59]   → 180 MC tasks
[10:00:59] 
[10:00:59] --- Block 1: Todoist → MC (new tasks from synced projects) ---
[10:00:59]   MC tasks already linked to Todoist: 6
[10:00:59]   Block 1 done: 0 tasks created in MC
[10:00:59] 
[10:00:59] --- Block 2: MC → Todoist (Guillermo tasks missing todoistId) ---
[10:00:59]   MC tasks for Guillermo without Todoist link: 0
[10:00:59]   Block 2 done: 0 tasks pushed to Todoist
[10:00:59] 
[10:00:59] --- Block 3: Completion sync (bidirectional) ---
[10:00:59]   Open MC tasks with todoistId: 1
[10:00:59]   Done MC tasks with todoistId: 5
[10:00:59]   Block 3 done: closed 0 in MC, closed 0 in Todoist
[10:00:59] 
[10:00:59] === SYNC COMPLETE ===
[10:00:59]   Block 1 (Todoist→MC):  0 tasks created in MC
[10:00:59]   Block 2 (MC→Todoist):  0 tasks pushed to Todoist
[10:00:59]   Block 3 (completion):  0 closed in MC, 0 closed in Todoist
[10:00:59]   Log: /data/workspace/logs/sync-2026-03-05.log
[12:00:59] === mc-todoist-sync-v2 START ===
[12:00:59] Fetching Todoist active tasks...
[12:00:59]   → 13 active Todoist tasks
[12:00:59] Fetching MC tasks...
[12:00:59]   → 180 MC tasks
[12:00:59] 
[12:00:59] --- Block 1: Todoist → MC (new tasks from synced projects) ---
[12:00:59]   MC tasks already linked to Todoist: 6
[12:00:59]   Block 1 done: 0 tasks created in MC
[12:00:59] 
[12:00:59] --- Block 2: MC → Todoist (Guillermo tasks missing todoistId) ---
[12:00:59]   MC tasks for Guillermo without Todoist link: 0
[12:00:59]   Block 2 done: 0 tasks pushed to Todoist
[12:00:59] 
[12:00:59] --- Block 3: Completion sync (bidirectional) ---
[12:00:59]   Open MC tasks with todoistId: 1
[12:00:59]   Done MC tasks with todoistId: 5
[12:00:59]   Block 3 done: closed 0 in MC, closed 0 in Todoist
[12:00:59] 
[12:00:59] === SYNC COMPLETE ===
[12:00:59]   Block 1 (Todoist→MC):  0 tasks created in MC
[12:00:59]   Block 2 (MC→Todoist):  0 tasks pushed to Todoist
[12:00:59]   Block 3 (completion):  0 closed in MC, 0 closed in Todoist
[12:00:59]   Log: /data/workspace/logs/sync-2026-03-05.log
[14:01:00] === mc-todoist-sync-v2 START ===
[14:01:00] Fetching Todoist active tasks...
[14:01:00]   → 13 active Todoist tasks
[14:01:00] Fetching MC tasks...
[14:01:01]   → 180 MC tasks
[14:01:01] 
[14:01:01] --- Block 1: Todoist → MC (new tasks from synced projects) ---
[14:01:01]   MC tasks already linked to Todoist: 6
[14:01:01]   Block 1 done: 0 tasks created in MC
[14:01:01] 
[14:01:01] --- Block 2: MC → Todoist (Guillermo tasks missing todoistId) ---
[14:01:01]   MC tasks for Guillermo without Todoist link: 0
[14:01:01]   Block 2 done: 0 tasks pushed to Todoist
[14:01:01] 
[14:01:01] --- Block 3: Completion sync (bidirectional) ---
[14:01:01]   Open MC tasks with todoistId: 1
[14:01:01]   Done MC tasks with todoistId: 5
[14:01:01]   Block 3 done: closed 0 in MC, closed 0 in Todoist
[14:01:01] 
[14:01:01] === SYNC COMPLETE ===
[14:01:01]   Block 1 (Todoist→MC):  0 tasks created in MC
[14:01:01]   Block 2 (MC→Todoist):  0 tasks pushed to Todoist
[14:01:01]   Block 3 (completion):  0 closed in MC, 0 closed in Todoist
[14:01:01]   Log: /data/workspace/logs/sync-2026-03-05.log
