
--- 2026-03-07 00:00 HKT — 0 task(s) processed ---
todoist_triage — 2026-03-07 00:00 HKT
  11 active tasks total
  0 unprocessed inbox tasks to triage
  Nothing to triage — inbox clean.

--- 2026-03-07 01:00 HKT — 0 task(s) processed ---
todoist_triage — 2026-03-07 01:00 HKT
  11 active tasks total
  0 unprocessed inbox tasks to triage
  Nothing to triage — inbox clean.

--- 2026-03-07 02:03 HKT — 0 task(s) processed ---
todoist_triage — 2026-03-07 02:03 HKT
  11 active tasks total
  0 unprocessed inbox tasks to triage
  Nothing to triage — inbox clean.

--- 2026-03-07 03:00 HKT — 0 task(s) processed ---
todoist_triage — 2026-03-07 03:00 HKT
  11 active tasks total
  0 unprocessed inbox tasks to triage
  Nothing to triage — inbox clean.

--- 2026-03-07 04:00 HKT — 0 task(s) processed ---
todoist_triage — 2026-03-07 04:00 HKT
  11 active tasks total
  0 unprocessed inbox tasks to triage
  Nothing to triage — inbox clean.

--- 2026-03-07 05:00 HKT — 0 task(s) processed ---
todoist_triage — 2026-03-07 05:00 HKT
  11 active tasks total
  0 unprocessed inbox tasks to triage
  Nothing to triage — inbox clean.

--- 2026-03-07 06:00 HKT — 0 task(s) processed ---
todoist_triage — 2026-03-07 06:00 HKT
  11 active tasks total
  0 unprocessed inbox tasks to triage
  Nothing to triage — inbox clean.

--- 2026-03-07 07:00 HKT — 0 task(s) processed ---
todoist_triage — 2026-03-07 07:00 HKT
  11 active tasks total
  0 unprocessed inbox tasks to triage
  Nothing to triage — inbox clean.

--- 2026-03-07 08:00 HKT — 0 task(s) processed ---
todoist_triage — 2026-03-07 08:00 HKT
  11 active tasks total
  0 unprocessed inbox tasks to triage
  Nothing to triage — inbox clean.

--- 2026-03-07 09:00 HKT — 0 task(s) processed ---
todoist_triage — 2026-03-07 09:00 HKT
  11 active tasks total
  0 unprocessed inbox tasks to triage
  Nothing to triage — inbox clean.

--- 2026-03-07 10:00 HKT — 0 task(s) processed ---
todoist_triage — 2026-03-07 10:00 HKT
  11 active tasks total
  0 unprocessed inbox tasks to triage
  Nothing to triage — inbox clean.

--- 2026-03-07 11:00 HKT — 0 task(s) processed ---
todoist_triage — 2026-03-07 11:00 HKT
  11 active tasks total
  0 unprocessed inbox tasks to triage
  Nothing to triage — inbox clean.

--- 2026-03-07 12:00 HKT — 0 task(s) processed ---
todoist_triage — 2026-03-07 12:00 HKT
  11 active tasks total
  0 unprocessed inbox tasks to triage
  Nothing to triage — inbox clean.

--- 2026-03-07 13:00 HKT — 0 task(s) processed ---
todoist_triage — 2026-03-07 13:00 HKT
  11 active tasks total
  0 unprocessed inbox tasks to triage
  Nothing to triage — inbox clean.

--- 2026-03-07 14:00 HKT — 0 task(s) processed ---
todoist_triage — 2026-03-07 14:00 HKT
  11 active tasks total
  0 unprocessed inbox tasks to triage
  Nothing to triage — inbox clean.

--- 2026-03-07 15:00 HKT — 0 task(s) processed ---
todoist_triage — 2026-03-07 15:00 HKT
  11 active tasks total
  0 unprocessed inbox tasks to triage
  Nothing to triage — inbox clean.

--- 2026-03-07 16:00 HKT — 0 task(s) processed ---
todoist_triage — 2026-03-07 16:00 HKT
  11 active tasks total
  0 unprocessed inbox tasks to triage
  Nothing to triage — inbox clean.

--- 2026-03-07 17:00 HKT — 0 task(s) processed ---
todoist_triage — 2026-03-07 17:00 HKT
  11 active tasks total
  0 unprocessed inbox tasks to triage
  Nothing to triage — inbox clean.

--- 2026-03-07 18:00 HKT — 0 task(s) processed ---
todoist_triage — 2026-03-07 18:00 HKT
  11 active tasks total
  0 unprocessed inbox tasks to triage
  Nothing to triage — inbox clean.

--- 2026-03-07 19:00 HKT — 0 task(s) processed ---
todoist_triage — 2026-03-07 19:00 HKT
  11 active tasks total
  0 unprocessed inbox tasks to triage
  Nothing to triage — inbox clean.

--- 2026-03-07 20:00 HKT — 0 task(s) processed ---
todoist_triage — 2026-03-07 20:00 HKT
  11 active tasks total
  0 unprocessed inbox tasks to triage
  Nothing to triage — inbox clean.

--- 2026-03-07 21:01 HKT — 0 task(s) processed ---
todoist_triage — 2026-03-07 21:01 HKT
  11 active tasks total
  0 unprocessed inbox tasks to triage
  Nothing to triage — inbox clean.

--- 2026-03-07 22:00 HKT — 0 task(s) processed ---
todoist_triage — 2026-03-07 22:00 HKT
  11 active tasks total
  0 unprocessed inbox tasks to triage
  Nothing to triage — inbox clean.

--- 2026-03-07 23:01 HKT — 0 task(s) processed ---
todoist_triage — 2026-03-07 23:01 HKT
  11 active tasks total
  0 unprocessed inbox tasks to triage
  Nothing to triage — inbox clean.
