
--- 2026-03-20 00:00 HKT — 0 task(s) processed ---
todoist_triage — 2026-03-20 00:00 HKT
  16 active tasks total
  0 unprocessed inbox tasks to triage
  Nothing to triage — inbox clean.

--- 2026-03-20 01:00 HKT — 0 task(s) processed ---
todoist_triage — 2026-03-20 01:00 HKT
  16 active tasks total
  0 unprocessed inbox tasks to triage
  Nothing to triage — inbox clean.

--- 2026-03-20 02:05 HKT — 0 task(s) processed ---
todoist_triage — 2026-03-20 02:05 HKT
  15 active tasks total
  0 unprocessed inbox tasks to triage
  Nothing to triage — inbox clean.

--- 2026-03-20 03:00 HKT — 0 task(s) processed ---
todoist_triage — 2026-03-20 03:00 HKT
  15 active tasks total
  0 unprocessed inbox tasks to triage
  Nothing to triage — inbox clean.

--- 2026-03-20 04:00 HKT — 0 task(s) processed ---
todoist_triage — 2026-03-20 04:00 HKT
  15 active tasks total
  0 unprocessed inbox tasks to triage
  Nothing to triage — inbox clean.

--- 2026-03-20 05:00 HKT — 0 task(s) processed ---
todoist_triage — 2026-03-20 05:00 HKT
  15 active tasks total
  0 unprocessed inbox tasks to triage
  Nothing to triage — inbox clean.

--- 2026-03-20 06:00 HKT — 0 task(s) processed ---
todoist_triage — 2026-03-20 06:00 HKT
  15 active tasks total
  0 unprocessed inbox tasks to triage
  Nothing to triage — inbox clean.

--- 2026-03-20 07:00 HKT — 0 task(s) processed ---
todoist_triage — 2026-03-20 07:00 HKT
  15 active tasks total
  0 unprocessed inbox tasks to triage
  Nothing to triage — inbox clean.

--- 2026-03-20 08:00 HKT — 0 task(s) processed ---
todoist_triage — 2026-03-20 08:00 HKT
  15 active tasks total
  0 unprocessed inbox tasks to triage
  Nothing to triage — inbox clean.

--- 2026-03-20 09:00 HKT — 0 task(s) processed ---
todoist_triage — 2026-03-20 09:00 HKT
  15 active tasks total
  0 unprocessed inbox tasks to triage
  Nothing to triage — inbox clean.

--- 2026-03-20 10:00 HKT — 0 task(s) processed ---
todoist_triage — 2026-03-20 10:00 HKT
  15 active tasks total
  0 unprocessed inbox tasks to triage
  Nothing to triage — inbox clean.

--- 2026-03-20 11:00 HKT — 0 task(s) processed ---
todoist_triage — 2026-03-20 11:00 HKT
  15 active tasks total
  0 unprocessed inbox tasks to triage
  Nothing to triage — inbox clean.

--- 2026-03-20 12:00 HKT — 0 task(s) processed ---
todoist_triage — 2026-03-20 12:00 HKT
  15 active tasks total
  0 unprocessed inbox tasks to triage
  Nothing to triage — inbox clean.

--- 2026-03-20 13:00 HKT — 0 task(s) processed ---
todoist_triage — 2026-03-20 13:00 HKT
  15 active tasks total
  0 unprocessed inbox tasks to triage
  Nothing to triage — inbox clean.

--- 2026-03-20 14:00 HKT — 0 task(s) processed ---
todoist_triage — 2026-03-20 14:00 HKT
  15 active tasks total
  0 unprocessed inbox tasks to triage
  Nothing to triage — inbox clean.

--- 2026-03-20 15:00 HKT — 0 task(s) processed ---
todoist_triage — 2026-03-20 15:00 HKT
  15 active tasks total
  0 unprocessed inbox tasks to triage
  Nothing to triage — inbox clean.

--- 2026-03-20 16:00 HKT — 0 task(s) processed ---
todoist_triage — 2026-03-20 16:00 HKT
  15 active tasks total
  0 unprocessed inbox tasks to triage
  Nothing to triage — inbox clean.

--- 2026-03-20 17:01 HKT — 0 task(s) processed ---
todoist_triage — 2026-03-20 17:01 HKT
  15 active tasks total
  0 unprocessed inbox tasks to triage
  Nothing to triage — inbox clean.

--- 2026-03-20 18:00 HKT — 0 task(s) processed ---
todoist_triage — 2026-03-20 18:00 HKT
  15 active tasks total
  0 unprocessed inbox tasks to triage
  Nothing to triage — inbox clean.

--- 2026-03-20 19:00 HKT — 0 task(s) processed ---
todoist_triage — 2026-03-20 19:00 HKT
  15 active tasks total
  0 unprocessed inbox tasks to triage
  Nothing to triage — inbox clean.

--- 2026-03-20 20:00 HKT — 0 task(s) processed ---
todoist_triage — 2026-03-20 20:00 HKT
  15 active tasks total
  0 unprocessed inbox tasks to triage
  Nothing to triage — inbox clean.

--- 2026-03-20 21:01 HKT — 0 task(s) processed ---
todoist_triage — 2026-03-20 21:01 HKT
  15 active tasks total
  0 unprocessed inbox tasks to triage
  Nothing to triage — inbox clean.

--- 2026-03-20 22:00 HKT — 0 task(s) processed ---
todoist_triage — 2026-03-20 22:00 HKT
  15 active tasks total
  0 unprocessed inbox tasks to triage
  Nothing to triage — inbox clean.

--- 2026-03-20 23:01 HKT — 0 task(s) processed ---
todoist_triage — 2026-03-20 23:01 HKT
  15 active tasks total
  0 unprocessed inbox tasks to triage
  Nothing to triage — inbox clean.
