
--- 2026-03-23 00:00 HKT — 0 task(s) processed ---
todoist_triage — 2026-03-23 00:00 HKT
  13 active tasks total
  0 unprocessed inbox tasks to triage
  Nothing to triage — inbox clean.

--- 2026-03-23 01:01 HKT — 0 task(s) processed ---
todoist_triage — 2026-03-23 01:01 HKT
  13 active tasks total
  0 unprocessed inbox tasks to triage
  Nothing to triage — inbox clean.

--- 2026-03-23 02:03 HKT — 0 task(s) processed ---
todoist_triage — 2026-03-23 02:03 HKT
  13 active tasks total
  0 unprocessed inbox tasks to triage
  Nothing to triage — inbox clean.

--- 2026-03-23 03:00 HKT — 0 task(s) processed ---
todoist_triage — 2026-03-23 03:00 HKT
  13 active tasks total
  0 unprocessed inbox tasks to triage
  Nothing to triage — inbox clean.

--- 2026-03-23 04:00 HKT — 0 task(s) processed ---
todoist_triage — 2026-03-23 04:00 HKT
  13 active tasks total
  0 unprocessed inbox tasks to triage
  Nothing to triage — inbox clean.

--- 2026-03-23 05:00 HKT — 0 task(s) processed ---
todoist_triage — 2026-03-23 05:00 HKT
  13 active tasks total
  0 unprocessed inbox tasks to triage
  Nothing to triage — inbox clean.

--- 2026-03-23 06:00 HKT — 0 task(s) processed ---
todoist_triage — 2026-03-23 06:00 HKT
  13 active tasks total
  0 unprocessed inbox tasks to triage
  Nothing to triage — inbox clean.

--- 2026-03-23 07:00 HKT — 0 task(s) processed ---
todoist_triage — 2026-03-23 07:00 HKT
  13 active tasks total
  0 unprocessed inbox tasks to triage
  Nothing to triage — inbox clean.

--- 2026-03-23 08:00 HKT — 0 task(s) processed ---
todoist_triage — 2026-03-23 08:00 HKT
  13 active tasks total
  0 unprocessed inbox tasks to triage
  Nothing to triage — inbox clean.

--- 2026-03-23 09:00 HKT — 0 task(s) processed ---
todoist_triage — 2026-03-23 09:00 HKT
  13 active tasks total
  0 unprocessed inbox tasks to triage
  Nothing to triage — inbox clean.

--- 2026-03-23 10:00 HKT — 0 task(s) processed ---
todoist_triage — 2026-03-23 10:00 HKT
  13 active tasks total
  0 unprocessed inbox tasks to triage
  Nothing to triage — inbox clean.

--- 2026-03-23 11:00 HKT — 0 task(s) processed ---
todoist_triage — 2026-03-23 11:00 HKT
  13 active tasks total
  0 unprocessed inbox tasks to triage
  Nothing to triage — inbox clean.

--- 2026-03-23 12:00 HKT — 0 task(s) processed ---
todoist_triage — 2026-03-23 12:00 HKT
  13 active tasks total
  0 unprocessed inbox tasks to triage
  Nothing to triage — inbox clean.

--- 2026-03-23 13:00 HKT — 0 task(s) processed ---
todoist_triage — 2026-03-23 13:00 HKT
  13 active tasks total
  0 unprocessed inbox tasks to triage
  Nothing to triage — inbox clean.

--- 2026-03-23 14:00 HKT — 0 task(s) processed ---
todoist_triage — 2026-03-23 14:00 HKT
  13 active tasks total
  0 unprocessed inbox tasks to triage
  Nothing to triage — inbox clean.

--- 2026-03-23 15:00 HKT — 0 task(s) processed ---
todoist_triage — 2026-03-23 15:00 HKT
  13 active tasks total
  0 unprocessed inbox tasks to triage
  Nothing to triage — inbox clean.

--- 2026-03-23 16:00 HKT — 0 task(s) processed ---
todoist_triage — 2026-03-23 16:00 HKT
  13 active tasks total
  0 unprocessed inbox tasks to triage
  Nothing to triage — inbox clean.

--- 2026-03-23 17:00 HKT — 0 task(s) processed ---
todoist_triage — 2026-03-23 17:00 HKT
  14 active tasks total
  0 unprocessed inbox tasks to triage
  Nothing to triage — inbox clean.

--- 2026-03-23 18:00 HKT — 0 task(s) processed ---
todoist_triage — 2026-03-23 18:00 HKT
  14 active tasks total
  0 unprocessed inbox tasks to triage
  Nothing to triage — inbox clean.

--- 2026-03-23 19:00 HKT — 0 task(s) processed ---
todoist_triage — 2026-03-23 19:00 HKT
  14 active tasks total
  0 unprocessed inbox tasks to triage
  Nothing to triage — inbox clean.

--- 2026-03-23 21:00 HKT — 0 task(s) processed ---
todoist_triage — 2026-03-23 21:00 HKT
  14 active tasks total
  0 unprocessed inbox tasks to triage
  Nothing to triage — inbox clean.

--- 2026-03-23 22:00 HKT — 0 task(s) processed ---
todoist_triage — 2026-03-23 22:00 HKT
  14 active tasks total
  0 unprocessed inbox tasks to triage
  Nothing to triage — inbox clean.

--- 2026-03-23 23:01 HKT — 0 task(s) processed ---
todoist_triage — 2026-03-23 23:01 HKT
  14 active tasks total
  0 unprocessed inbox tasks to triage
  Nothing to triage — inbox clean.
