
--- 2026-03-15 00:00 HKT — 0 task(s) processed ---
todoist_triage — 2026-03-15 00:00 HKT
  15 active tasks total
  0 unprocessed inbox tasks to triage
  Nothing to triage — inbox clean.

--- 2026-03-15 01:00 HKT — 0 task(s) processed ---
todoist_triage — 2026-03-15 01:00 HKT
  15 active tasks total
  0 unprocessed inbox tasks to triage
  Nothing to triage — inbox clean.

--- 2026-03-15 02:07 HKT — 0 task(s) processed ---
todoist_triage — 2026-03-15 02:07 HKT
  12 active tasks total
  0 unprocessed inbox tasks to triage
  Nothing to triage — inbox clean.

--- 2026-03-15 03:00 HKT — 0 task(s) processed ---
todoist_triage — 2026-03-15 03:00 HKT
  12 active tasks total
  0 unprocessed inbox tasks to triage
  Nothing to triage — inbox clean.

--- 2026-03-15 04:00 HKT — 0 task(s) processed ---
todoist_triage — 2026-03-15 04:00 HKT
  12 active tasks total
  0 unprocessed inbox tasks to triage
  Nothing to triage — inbox clean.

--- 2026-03-15 05:00 HKT — 0 task(s) processed ---
todoist_triage — 2026-03-15 05:00 HKT
  12 active tasks total
  0 unprocessed inbox tasks to triage
  Nothing to triage — inbox clean.

--- 2026-03-15 06:00 HKT — 0 task(s) processed ---
todoist_triage — 2026-03-15 06:00 HKT
  12 active tasks total
  0 unprocessed inbox tasks to triage
  Nothing to triage — inbox clean.

--- 2026-03-15 07:00 HKT — 0 task(s) processed ---
todoist_triage — 2026-03-15 07:00 HKT
  12 active tasks total
  0 unprocessed inbox tasks to triage
  Nothing to triage — inbox clean.

--- 2026-03-15 08:00 HKT — 0 task(s) processed ---
todoist_triage — 2026-03-15 08:00 HKT
  12 active tasks total
  0 unprocessed inbox tasks to triage
  Nothing to triage — inbox clean.

--- 2026-03-15 09:00 HKT — 0 task(s) processed ---
todoist_triage — 2026-03-15 09:00 HKT
  12 active tasks total
  0 unprocessed inbox tasks to triage
  Nothing to triage — inbox clean.

--- 2026-03-15 10:00 HKT — 0 task(s) processed ---
todoist_triage — 2026-03-15 10:00 HKT
  12 active tasks total
  0 unprocessed inbox tasks to triage
  Nothing to triage — inbox clean.

--- 2026-03-15 11:00 HKT — 0 task(s) processed ---
todoist_triage — 2026-03-15 11:00 HKT
  12 active tasks total
  0 unprocessed inbox tasks to triage
  Nothing to triage — inbox clean.

--- 2026-03-15 12:00 HKT — 0 task(s) processed ---
todoist_triage — 2026-03-15 12:00 HKT
  12 active tasks total
  0 unprocessed inbox tasks to triage
  Nothing to triage — inbox clean.

--- 2026-03-15 13:00 HKT — 0 task(s) processed ---
todoist_triage — 2026-03-15 13:00 HKT
  12 active tasks total
  0 unprocessed inbox tasks to triage
  Nothing to triage — inbox clean.

--- 2026-03-15 14:00 HKT — 0 task(s) processed ---
todoist_triage — 2026-03-15 14:00 HKT
  12 active tasks total
  0 unprocessed inbox tasks to triage
  Nothing to triage — inbox clean.

--- 2026-03-15 15:00 HKT — 0 task(s) processed ---
todoist_triage — 2026-03-15 15:00 HKT
  12 active tasks total
  0 unprocessed inbox tasks to triage
  Nothing to triage — inbox clean.

--- 2026-03-15 16:00 HKT — 0 task(s) processed ---
todoist_triage — 2026-03-15 16:00 HKT
  12 active tasks total
  0 unprocessed inbox tasks to triage
  Nothing to triage — inbox clean.

--- 2026-03-15 17:01 HKT — 0 task(s) processed ---
todoist_triage — 2026-03-15 17:01 HKT
  12 active tasks total
  0 unprocessed inbox tasks to triage
  Nothing to triage — inbox clean.

--- 2026-03-15 18:00 HKT — 0 task(s) processed ---
todoist_triage — 2026-03-15 18:00 HKT
  12 active tasks total
  0 unprocessed inbox tasks to triage
  Nothing to triage — inbox clean.

--- 2026-03-15 19:00 HKT — 0 task(s) processed ---
todoist_triage — 2026-03-15 19:00 HKT
  15 active tasks total
  0 unprocessed inbox tasks to triage
  Nothing to triage — inbox clean.

--- 2026-03-15 20:00 HKT — 0 task(s) processed ---
todoist_triage — 2026-03-15 20:00 HKT
  15 active tasks total
  0 unprocessed inbox tasks to triage
  Nothing to triage — inbox clean.

--- 2026-03-15 21:01 HKT — 0 task(s) processed ---
todoist_triage — 2026-03-15 21:01 HKT
  15 active tasks total
  0 unprocessed inbox tasks to triage
  Nothing to triage — inbox clean.

--- 2026-03-15 22:00 HKT — 0 task(s) processed ---
todoist_triage — 2026-03-15 22:00 HKT
  15 active tasks total
  0 unprocessed inbox tasks to triage
  Nothing to triage — inbox clean.

--- 2026-03-15 23:01 HKT — 0 task(s) processed ---
todoist_triage — 2026-03-15 23:01 HKT
  15 active tasks total
  0 unprocessed inbox tasks to triage
  Nothing to triage — inbox clean.
