
--- 2026-03-12 00:00 HKT — 0 task(s) processed ---
todoist_triage — 2026-03-12 00:00 HKT
  13 active tasks total
  0 unprocessed inbox tasks to triage
  Nothing to triage — inbox clean.

--- 2026-03-12 01:00 HKT — 0 task(s) processed ---
todoist_triage — 2026-03-12 01:00 HKT
  13 active tasks total
  0 unprocessed inbox tasks to triage
  Nothing to triage — inbox clean.

--- 2026-03-12 02:07 HKT — 0 task(s) processed ---
todoist_triage — 2026-03-12 02:07 HKT
  12 active tasks total
  0 unprocessed inbox tasks to triage
  Nothing to triage — inbox clean.

--- 2026-03-12 03:00 HKT — 0 task(s) processed ---
todoist_triage — 2026-03-12 03:00 HKT
  12 active tasks total
  0 unprocessed inbox tasks to triage
  Nothing to triage — inbox clean.

--- 2026-03-12 04:00 HKT — 0 task(s) processed ---
todoist_triage — 2026-03-12 04:00 HKT
  12 active tasks total
  0 unprocessed inbox tasks to triage
  Nothing to triage — inbox clean.

--- 2026-03-12 05:00 HKT — 0 task(s) processed ---
todoist_triage — 2026-03-12 05:00 HKT
  12 active tasks total
  0 unprocessed inbox tasks to triage
  Nothing to triage — inbox clean.

--- 2026-03-12 06:00 HKT — 0 task(s) processed ---
todoist_triage — 2026-03-12 06:00 HKT
  12 active tasks total
  0 unprocessed inbox tasks to triage
  Nothing to triage — inbox clean.

--- 2026-03-12 07:00 HKT — 0 task(s) processed ---
todoist_triage — 2026-03-12 07:00 HKT
  12 active tasks total
  0 unprocessed inbox tasks to triage
  Nothing to triage — inbox clean.
