
--- 2026-03-31 01:00 HKT — 0 task(s) processed ---
todoist_triage — 2026-03-31 01:00 HKT
  14 active tasks total
  0 unprocessed inbox tasks to triage
  Nothing to triage — inbox clean.

--- 2026-03-31 02:09 HKT — 0 task(s) processed ---
todoist_triage — 2026-03-31 02:09 HKT
  14 active tasks total
  0 unprocessed inbox tasks to triage
  Nothing to triage — inbox clean.

--- 2026-03-31 04:00 HKT — 0 task(s) processed ---
todoist_triage — 2026-03-31 04:00 HKT
  14 active tasks total
  0 unprocessed inbox tasks to triage
  Nothing to triage — inbox clean.

--- 2026-03-31 05:00 HKT — 0 task(s) processed ---
todoist_triage — 2026-03-31 05:00 HKT
  14 active tasks total
  0 unprocessed inbox tasks to triage
  Nothing to triage — inbox clean.

--- 2026-03-31 07:00 HKT — 0 task(s) processed ---
todoist_triage — 2026-03-31 07:00 HKT
  14 active tasks total
  0 unprocessed inbox tasks to triage
  Nothing to triage — inbox clean.

--- 2026-03-31 09:00 HKT — 0 task(s) processed ---
todoist_triage — 2026-03-31 09:00 HKT
  14 active tasks total
  0 unprocessed inbox tasks to triage
  Nothing to triage — inbox clean.

--- 2026-03-31 10:00 HKT — 0 task(s) processed ---
todoist_triage — 2026-03-31 10:00 HKT
  14 active tasks total
  0 unprocessed inbox tasks to triage
  Nothing to triage — inbox clean.

--- 2026-03-31 11:00 HKT — 0 task(s) processed ---
todoist_triage — 2026-03-31 11:00 HKT
  14 active tasks total
  0 unprocessed inbox tasks to triage
  Nothing to triage — inbox clean.

--- 2026-03-31 13:00 HKT — 0 task(s) processed ---
todoist_triage — 2026-03-31 13:00 HKT
  14 active tasks total
  0 unprocessed inbox tasks to triage
  Nothing to triage — inbox clean.

--- 2026-03-31 19:00 HKT — 0 task(s) processed ---
todoist_triage — 2026-03-31 19:00 HKT
  14 active tasks total
  0 unprocessed inbox tasks to triage
  Nothing to triage — inbox clean.

--- 2026-03-31 21:01 HKT — 0 task(s) processed ---
todoist_triage — 2026-03-31 21:01 HKT
  14 active tasks total
  0 unprocessed inbox tasks to triage
  Nothing to triage — inbox clean.

--- 2026-03-31 22:00 HKT — 0 task(s) processed ---
todoist_triage — 2026-03-31 22:00 HKT
  14 active tasks total
  0 unprocessed inbox tasks to triage
  Nothing to triage — inbox clean.

--- 2026-03-31 23:02 HKT — 0 task(s) processed ---
todoist_triage — 2026-03-31 23:02 HKT
  14 active tasks total
  0 unprocessed inbox tasks to triage
  Nothing to triage — inbox clean.
