
--- 2026-03-16 00:00 HKT — 0 task(s) processed ---
todoist_triage — 2026-03-16 00:00 HKT
  15 active tasks total
  0 unprocessed inbox tasks to triage
  Nothing to triage — inbox clean.

--- 2026-03-16 01:00 HKT — 0 task(s) processed ---
todoist_triage — 2026-03-16 01:00 HKT
  15 active tasks total
  0 unprocessed inbox tasks to triage
  Nothing to triage — inbox clean.

--- 2026-03-16 02:08 HKT — 0 task(s) processed ---
todoist_triage — 2026-03-16 02:08 HKT
  11 active tasks total
  0 unprocessed inbox tasks to triage
  Nothing to triage — inbox clean.

--- 2026-03-16 03:01 HKT — 0 task(s) processed ---
todoist_triage — 2026-03-16 03:01 HKT
  11 active tasks total
  0 unprocessed inbox tasks to triage
  Nothing to triage — inbox clean.

--- 2026-03-16 04:00 HKT — 0 task(s) processed ---
todoist_triage — 2026-03-16 04:00 HKT
  11 active tasks total
  0 unprocessed inbox tasks to triage
  Nothing to triage — inbox clean.

--- 2026-03-16 05:00 HKT — 0 task(s) processed ---
todoist_triage — 2026-03-16 05:00 HKT
  11 active tasks total
  0 unprocessed inbox tasks to triage
  Nothing to triage — inbox clean.

--- 2026-03-16 06:00 HKT — 0 task(s) processed ---
todoist_triage — 2026-03-16 06:00 HKT
  11 active tasks total
  0 unprocessed inbox tasks to triage
  Nothing to triage — inbox clean.

--- 2026-03-16 07:00 HKT — 0 task(s) processed ---
todoist_triage — 2026-03-16 07:00 HKT
  11 active tasks total
  0 unprocessed inbox tasks to triage
  Nothing to triage — inbox clean.

--- 2026-03-16 08:00 HKT — 0 task(s) processed ---
todoist_triage — 2026-03-16 08:00 HKT
  14 active tasks total
  0 unprocessed inbox tasks to triage
  Nothing to triage — inbox clean.

--- 2026-03-16 09:00 HKT — 0 task(s) processed ---
todoist_triage — 2026-03-16 09:00 HKT
  14 active tasks total
  0 unprocessed inbox tasks to triage
  Nothing to triage — inbox clean.

--- 2026-03-16 10:00 HKT — 0 task(s) processed ---
todoist_triage — 2026-03-16 10:00 HKT
  14 active tasks total
  0 unprocessed inbox tasks to triage
  Nothing to triage — inbox clean.

--- 2026-03-16 11:00 HKT — 0 task(s) processed ---
todoist_triage — 2026-03-16 11:00 HKT
  14 active tasks total
  0 unprocessed inbox tasks to triage
  Nothing to triage — inbox clean.

--- 2026-03-16 12:00 HKT — 0 task(s) processed ---
todoist_triage — 2026-03-16 12:00 HKT
  14 active tasks total
  0 unprocessed inbox tasks to triage
  Nothing to triage — inbox clean.

--- 2026-03-16 13:00 HKT — 0 task(s) processed ---
todoist_triage — 2026-03-16 13:00 HKT
  14 active tasks total
  0 unprocessed inbox tasks to triage
  Nothing to triage — inbox clean.

--- 2026-03-16 14:00 HKT — 0 task(s) processed ---
todoist_triage — 2026-03-16 14:00 HKT
  14 active tasks total
  0 unprocessed inbox tasks to triage
  Nothing to triage — inbox clean.

--- 2026-03-16 15:00 HKT — 0 task(s) processed ---
todoist_triage — 2026-03-16 15:00 HKT
  14 active tasks total
  0 unprocessed inbox tasks to triage
  Nothing to triage — inbox clean.

--- 2026-03-16 16:00 HKT — 0 task(s) processed ---
todoist_triage — 2026-03-16 16:00 HKT
  14 active tasks total
  0 unprocessed inbox tasks to triage
  Nothing to triage — inbox clean.

--- 2026-03-16 17:01 HKT — 0 task(s) processed ---
todoist_triage — 2026-03-16 17:01 HKT
  14 active tasks total
  0 unprocessed inbox tasks to triage
  Nothing to triage — inbox clean.

--- 2026-03-16 18:00 HKT — 0 task(s) processed ---
todoist_triage — 2026-03-16 18:00 HKT
  14 active tasks total
  0 unprocessed inbox tasks to triage
  Nothing to triage — inbox clean.

--- 2026-03-16 19:00 HKT — 0 task(s) processed ---
todoist_triage — 2026-03-16 19:00 HKT
  14 active tasks total
  0 unprocessed inbox tasks to triage
  Nothing to triage — inbox clean.

--- 2026-03-16 20:00 HKT — 0 task(s) processed ---
todoist_triage — 2026-03-16 20:00 HKT
  14 active tasks total
  0 unprocessed inbox tasks to triage
  Nothing to triage — inbox clean.

--- 2026-03-16 21:01 HKT — 0 task(s) processed ---
todoist_triage — 2026-03-16 21:01 HKT
  14 active tasks total
  0 unprocessed inbox tasks to triage
  Nothing to triage — inbox clean.

--- 2026-03-16 22:00 HKT — 0 task(s) processed ---
todoist_triage — 2026-03-16 22:00 HKT
  14 active tasks total
  0 unprocessed inbox tasks to triage
  Nothing to triage — inbox clean.
