
--- 2026-03-28 02:01 HKT — 0 task(s) processed ---
todoist_triage — 2026-03-28 02:01 HKT
  14 active tasks total
  0 unprocessed inbox tasks to triage
  Nothing to triage — inbox clean.

--- 2026-03-28 03:00 HKT — 0 task(s) processed ---
todoist_triage — 2026-03-28 03:00 HKT
  14 active tasks total
  0 unprocessed inbox tasks to triage
  Nothing to triage — inbox clean.

--- 2026-03-28 05:00 HKT — 0 task(s) processed ---
todoist_triage — 2026-03-28 05:00 HKT
  14 active tasks total
  0 unprocessed inbox tasks to triage
  Nothing to triage — inbox clean.

--- 2026-03-28 06:01 HKT — 0 task(s) processed ---
todoist_triage — 2026-03-28 06:01 HKT
  14 active tasks total
  0 unprocessed inbox tasks to triage
  Nothing to triage — inbox clean.

--- 2026-03-28 08:00 HKT — 0 task(s) processed ---
todoist_triage — 2026-03-28 08:00 HKT
  14 active tasks total
  0 unprocessed inbox tasks to triage
  Nothing to triage — inbox clean.

--- 2026-03-28 09:00 HKT — 0 task(s) processed ---
todoist_triage — 2026-03-28 09:00 HKT
  14 active tasks total
  0 unprocessed inbox tasks to triage
  Nothing to triage — inbox clean.

--- 2026-03-28 10:00 HKT — 0 task(s) processed ---
todoist_triage — 2026-03-28 10:00 HKT
  14 active tasks total
  0 unprocessed inbox tasks to triage
  Nothing to triage — inbox clean.

--- 2026-03-28 12:00 HKT — 0 task(s) processed ---
todoist_triage — 2026-03-28 12:00 HKT
  14 active tasks total
  0 unprocessed inbox tasks to triage
  Nothing to triage — inbox clean.

--- 2026-03-28 13:00 HKT — 0 task(s) processed ---
todoist_triage — 2026-03-28 13:00 HKT
  14 active tasks total
  0 unprocessed inbox tasks to triage
  Nothing to triage — inbox clean.

--- 2026-03-28 14:00 HKT — 0 task(s) processed ---
todoist_triage — 2026-03-28 14:00 HKT
  14 active tasks total
  0 unprocessed inbox tasks to triage
  Nothing to triage — inbox clean.

--- 2026-03-28 15:00 HKT — 0 task(s) processed ---
todoist_triage — 2026-03-28 15:00 HKT
  14 active tasks total
  0 unprocessed inbox tasks to triage
  Nothing to triage — inbox clean.

--- 2026-03-28 17:00 HKT — 0 task(s) processed ---
todoist_triage — 2026-03-28 17:00 HKT
  14 active tasks total
  0 unprocessed inbox tasks to triage
  Nothing to triage — inbox clean.

--- 2026-03-28 18:00 HKT — 0 task(s) processed ---
todoist_triage — 2026-03-28 18:00 HKT
  14 active tasks total
  0 unprocessed inbox tasks to triage
  Nothing to triage — inbox clean.

--- 2026-03-28 19:00 HKT — 0 task(s) processed ---
todoist_triage — 2026-03-28 19:00 HKT
  14 active tasks total
  0 unprocessed inbox tasks to triage
  Nothing to triage — inbox clean.

--- 2026-03-28 20:00 HKT — 0 task(s) processed ---
todoist_triage — 2026-03-28 20:00 HKT
  14 active tasks total
  0 unprocessed inbox tasks to triage
  Nothing to triage — inbox clean.

--- 2026-03-28 21:01 HKT — 0 task(s) processed ---
todoist_triage — 2026-03-28 21:01 HKT
  14 active tasks total
  0 unprocessed inbox tasks to triage
  Nothing to triage — inbox clean.

--- 2026-03-28 22:00 HKT — 0 task(s) processed ---
todoist_triage — 2026-03-28 22:00 HKT
  14 active tasks total
  0 unprocessed inbox tasks to triage
  Nothing to triage — inbox clean.

--- 2026-03-28 23:00 HKT — 0 task(s) processed ---
todoist_triage — 2026-03-28 23:00 HKT
  14 active tasks total
  0 unprocessed inbox tasks to triage
  Nothing to triage — inbox clean.
