
--- 2026-03-04 00:08 HKT — 0 task(s) processed ---
todoist_triage — 2026-03-04 00:08 HKT
  14 active tasks total
  0 unprocessed inbox tasks to triage
  Nothing to triage — inbox clean.

--- 2026-03-04 01:08 HKT — 0 task(s) processed ---
todoist_triage — 2026-03-04 01:08 HKT
  14 active tasks total
  0 unprocessed inbox tasks to triage
  Nothing to triage — inbox clean.

--- 2026-03-04 02:09 HKT — 0 task(s) processed ---
todoist_triage — 2026-03-04 02:09 HKT
  14 active tasks total
  0 unprocessed inbox tasks to triage
  Nothing to triage — inbox clean.

--- 2026-03-04 03:09 HKT — 0 task(s) processed ---
todoist_triage — 2026-03-04 03:09 HKT
  14 active tasks total
  0 unprocessed inbox tasks to triage
  Nothing to triage — inbox clean.

--- 2026-03-04 04:09 HKT — 0 task(s) processed ---
todoist_triage — 2026-03-04 04:09 HKT
  14 active tasks total
  0 unprocessed inbox tasks to triage
  Nothing to triage — inbox clean.

--- 2026-03-04 05:09 HKT — 0 task(s) processed ---
todoist_triage — 2026-03-04 05:09 HKT
  14 active tasks total
  0 unprocessed inbox tasks to triage
  Nothing to triage — inbox clean.

--- 2026-03-04 06:09 HKT — 0 task(s) processed ---
todoist_triage — 2026-03-04 06:09 HKT
  14 active tasks total
  0 unprocessed inbox tasks to triage
  Nothing to triage — inbox clean.

--- 2026-03-04 07:09 HKT — 0 task(s) processed ---
todoist_triage — 2026-03-04 07:09 HKT
  14 active tasks total
  0 unprocessed inbox tasks to triage
  Nothing to triage — inbox clean.

--- 2026-03-04 08:09 HKT — 0 task(s) processed ---
todoist_triage — 2026-03-04 08:09 HKT
  14 active tasks total
  0 unprocessed inbox tasks to triage
  Nothing to triage — inbox clean.

--- 2026-03-04 09:09 HKT — 0 task(s) processed ---
todoist_triage — 2026-03-04 09:09 HKT
  14 active tasks total
  0 unprocessed inbox tasks to triage
  Nothing to triage — inbox clean.

--- 2026-03-04 10:09 HKT — 0 task(s) processed ---
todoist_triage — 2026-03-04 10:09 HKT
  13 active tasks total
  0 unprocessed inbox tasks to triage
  Nothing to triage — inbox clean.

--- 2026-03-04 11:09 HKT — 0 task(s) processed ---
todoist_triage — 2026-03-04 11:09 HKT
  13 active tasks total
  0 unprocessed inbox tasks to triage
  Nothing to triage — inbox clean.

--- 2026-03-04 12:09 HKT — 0 task(s) processed ---
todoist_triage — 2026-03-04 12:09 HKT
  13 active tasks total
  0 unprocessed inbox tasks to triage
  Nothing to triage — inbox clean.

--- 2026-03-04 13:09 HKT — 0 task(s) processed ---
todoist_triage — 2026-03-04 13:09 HKT
  13 active tasks total
  0 unprocessed inbox tasks to triage
  Nothing to triage — inbox clean.
