
--- 2026-03-08 00:00 HKT — 0 task(s) processed ---
todoist_triage — 2026-03-08 00:00 HKT
  11 active tasks total
  0 unprocessed inbox tasks to triage
  Nothing to triage — inbox clean.

--- 2026-03-08 01:00 HKT — 0 task(s) processed ---
todoist_triage — 2026-03-08 01:00 HKT
  11 active tasks total
  0 unprocessed inbox tasks to triage
  Nothing to triage — inbox clean.

--- 2026-03-08 02:06 HKT — 0 task(s) processed ---
todoist_triage — 2026-03-08 02:06 HKT
  11 active tasks total
  0 unprocessed inbox tasks to triage
  Nothing to triage — inbox clean.

--- 2026-03-08 03:00 HKT — 0 task(s) processed ---
todoist_triage — 2026-03-08 03:00 HKT
  11 active tasks total
  0 unprocessed inbox tasks to triage
  Nothing to triage — inbox clean.

--- 2026-03-08 04:00 HKT — 0 task(s) processed ---
todoist_triage — 2026-03-08 04:00 HKT
  11 active tasks total
  0 unprocessed inbox tasks to triage
  Nothing to triage — inbox clean.

--- 2026-03-08 05:00 HKT — 0 task(s) processed ---
todoist_triage — 2026-03-08 05:00 HKT
  11 active tasks total
  0 unprocessed inbox tasks to triage
  Nothing to triage — inbox clean.

--- 2026-03-08 06:00 HKT — 0 task(s) processed ---
todoist_triage — 2026-03-08 06:00 HKT
  11 active tasks total
  0 unprocessed inbox tasks to triage
  Nothing to triage — inbox clean.

--- 2026-03-08 07:00 HKT — 0 task(s) processed ---
todoist_triage — 2026-03-08 07:00 HKT
  11 active tasks total
  0 unprocessed inbox tasks to triage
  Nothing to triage — inbox clean.

--- 2026-03-08 08:00 HKT — 0 task(s) processed ---
todoist_triage — 2026-03-08 08:00 HKT
  11 active tasks total
  0 unprocessed inbox tasks to triage
  Nothing to triage — inbox clean.

--- 2026-03-08 09:00 HKT — 0 task(s) processed ---
todoist_triage — 2026-03-08 09:00 HKT
  11 active tasks total
  0 unprocessed inbox tasks to triage
  Nothing to triage — inbox clean.

--- 2026-03-08 10:00 HKT — 0 task(s) processed ---
todoist_triage — 2026-03-08 10:00 HKT
  11 active tasks total
  0 unprocessed inbox tasks to triage
  Nothing to triage — inbox clean.

--- 2026-03-08 11:00 HKT — 0 task(s) processed ---
todoist_triage — 2026-03-08 11:00 HKT
  11 active tasks total
  0 unprocessed inbox tasks to triage
  Nothing to triage — inbox clean.

--- 2026-03-08 12:00 HKT — 0 task(s) processed ---
todoist_triage — 2026-03-08 12:00 HKT
  11 active tasks total
  0 unprocessed inbox tasks to triage
  Nothing to triage — inbox clean.

--- 2026-03-08 13:00 HKT — 0 task(s) processed ---
todoist_triage — 2026-03-08 13:00 HKT
  11 active tasks total
  0 unprocessed inbox tasks to triage
  Nothing to triage — inbox clean.

--- 2026-03-08 14:00 HKT — 0 task(s) processed ---
todoist_triage — 2026-03-08 14:00 HKT
  11 active tasks total
  0 unprocessed inbox tasks to triage
  Nothing to triage — inbox clean.

--- 2026-03-08 15:00 HKT — 0 task(s) processed ---
todoist_triage — 2026-03-08 15:00 HKT
  11 active tasks total
  0 unprocessed inbox tasks to triage
  Nothing to triage — inbox clean.

--- 2026-03-08 16:00 HKT — 0 task(s) processed ---
todoist_triage — 2026-03-08 16:00 HKT
  11 active tasks total
  0 unprocessed inbox tasks to triage
  Nothing to triage — inbox clean.

--- 2026-03-08 17:00 HKT — 0 task(s) processed ---
todoist_triage — 2026-03-08 17:00 HKT
  11 active tasks total
  0 unprocessed inbox tasks to triage
  Nothing to triage — inbox clean.

--- 2026-03-08 18:00 HKT — 0 task(s) processed ---
todoist_triage — 2026-03-08 18:00 HKT
  11 active tasks total
  0 unprocessed inbox tasks to triage
  Nothing to triage — inbox clean.

--- 2026-03-08 19:00 HKT — 0 task(s) processed ---
todoist_triage — 2026-03-08 19:00 HKT
  11 active tasks total
  0 unprocessed inbox tasks to triage
  Nothing to triage — inbox clean.

--- 2026-03-08 20:00 HKT — 0 task(s) processed ---
todoist_triage — 2026-03-08 20:00 HKT
  11 active tasks total
  0 unprocessed inbox tasks to triage
  Nothing to triage — inbox clean.

--- 2026-03-08 21:01 HKT — 0 task(s) processed ---
todoist_triage — 2026-03-08 21:01 HKT
  11 active tasks total
  0 unprocessed inbox tasks to triage
  Nothing to triage — inbox clean.

--- 2026-03-08 22:00 HKT — 0 task(s) processed ---
todoist_triage — 2026-03-08 22:00 HKT
  11 active tasks total
  0 unprocessed inbox tasks to triage
  Nothing to triage — inbox clean.

--- 2026-03-08 23:01 HKT — 0 task(s) processed ---
todoist_triage — 2026-03-08 23:01 HKT
  11 active tasks total
  0 unprocessed inbox tasks to triage
  Nothing to triage — inbox clean.
