
--- 2026-03-06 00:00 HKT — 0 task(s) processed ---
todoist_triage — 2026-03-06 00:00 HKT
  13 active tasks total
  0 unprocessed inbox tasks to triage
  Nothing to triage — inbox clean.

--- 2026-03-06 01:00 HKT — 0 task(s) processed ---
todoist_triage — 2026-03-06 01:00 HKT
  13 active tasks total
  0 unprocessed inbox tasks to triage
  Nothing to triage — inbox clean.

--- 2026-03-06 02:06 HKT — 0 task(s) processed ---
todoist_triage — 2026-03-06 02:06 HKT
  13 active tasks total
  0 unprocessed inbox tasks to triage
  Nothing to triage — inbox clean.

--- 2026-03-06 03:00 HKT — 0 task(s) processed ---
todoist_triage — 2026-03-06 03:00 HKT
  13 active tasks total
  0 unprocessed inbox tasks to triage
  Nothing to triage — inbox clean.

--- 2026-03-06 04:00 HKT — 0 task(s) processed ---
todoist_triage — 2026-03-06 04:00 HKT
  13 active tasks total
  0 unprocessed inbox tasks to triage
  Nothing to triage — inbox clean.

--- 2026-03-06 05:00 HKT — 0 task(s) processed ---
todoist_triage — 2026-03-06 05:00 HKT
  13 active tasks total
  0 unprocessed inbox tasks to triage
  Nothing to triage — inbox clean.

--- 2026-03-06 06:00 HKT — 0 task(s) processed ---
todoist_triage — 2026-03-06 06:00 HKT
  13 active tasks total
  0 unprocessed inbox tasks to triage
  Nothing to triage — inbox clean.

--- 2026-03-06 07:00 HKT — 0 task(s) processed ---
todoist_triage — 2026-03-06 07:00 HKT
  13 active tasks total
  0 unprocessed inbox tasks to triage
  Nothing to triage — inbox clean.

--- 2026-03-06 08:00 HKT — 0 task(s) processed ---
todoist_triage — 2026-03-06 08:00 HKT
  13 active tasks total
  0 unprocessed inbox tasks to triage
  Nothing to triage — inbox clean.

--- 2026-03-06 09:00 HKT — 0 task(s) processed ---
todoist_triage — 2026-03-06 09:00 HKT
  13 active tasks total
  0 unprocessed inbox tasks to triage
  Nothing to triage — inbox clean.

--- 2026-03-06 10:00 HKT — 0 task(s) processed ---
todoist_triage — 2026-03-06 10:00 HKT
  13 active tasks total
  0 unprocessed inbox tasks to triage
  Nothing to triage — inbox clean.

--- 2026-03-06 11:00 HKT — 0 task(s) processed ---
todoist_triage — 2026-03-06 11:00 HKT
  13 active tasks total
  0 unprocessed inbox tasks to triage
  Nothing to triage — inbox clean.

--- 2026-03-06 12:00 HKT — 0 task(s) processed ---
todoist_triage — 2026-03-06 12:00 HKT
  13 active tasks total
  0 unprocessed inbox tasks to triage
  Nothing to triage — inbox clean.

--- 2026-03-06 13:00 HKT — 0 task(s) processed ---
todoist_triage — 2026-03-06 13:00 HKT
  13 active tasks total
  0 unprocessed inbox tasks to triage
  Nothing to triage — inbox clean.

--- 2026-03-06 14:00 HKT — 0 task(s) processed ---
todoist_triage — 2026-03-06 14:00 HKT
  12 active tasks total
  0 unprocessed inbox tasks to triage
  Nothing to triage — inbox clean.

--- 2026-03-06 15:00 HKT — 0 task(s) processed ---
todoist_triage — 2026-03-06 15:00 HKT
  12 active tasks total
  0 unprocessed inbox tasks to triage
  Nothing to triage — inbox clean.

--- 2026-03-06 16:00 HKT — 0 task(s) processed ---
todoist_triage — 2026-03-06 16:00 HKT
  12 active tasks total
  0 unprocessed inbox tasks to triage
  Nothing to triage — inbox clean.

--- 2026-03-06 17:00 HKT — 0 task(s) processed ---
todoist_triage — 2026-03-06 17:00 HKT
  11 active tasks total
  0 unprocessed inbox tasks to triage
  Nothing to triage — inbox clean.

--- 2026-03-06 18:00 HKT — 0 task(s) processed ---
todoist_triage — 2026-03-06 18:00 HKT
  11 active tasks total
  0 unprocessed inbox tasks to triage
  Nothing to triage — inbox clean.

--- 2026-03-06 19:00 HKT — 0 task(s) processed ---
todoist_triage — 2026-03-06 19:00 HKT
  11 active tasks total
  0 unprocessed inbox tasks to triage
  Nothing to triage — inbox clean.

--- 2026-03-06 20:00 HKT — 0 task(s) processed ---
todoist_triage — 2026-03-06 20:00 HKT
  11 active tasks total
  0 unprocessed inbox tasks to triage
  Nothing to triage — inbox clean.

--- 2026-03-06 21:01 HKT — 0 task(s) processed ---
todoist_triage — 2026-03-06 21:01 HKT
  11 active tasks total
  0 unprocessed inbox tasks to triage
  Nothing to triage — inbox clean.

--- 2026-03-06 22:00 HKT — 0 task(s) processed ---
todoist_triage — 2026-03-06 22:00 HKT
  11 active tasks total
  0 unprocessed inbox tasks to triage
  Nothing to triage — inbox clean.

--- 2026-03-06 23:01 HKT — 0 task(s) processed ---
todoist_triage — 2026-03-06 23:01 HKT
  11 active tasks total
  0 unprocessed inbox tasks to triage
  Nothing to triage — inbox clean.
