
--- 2026-03-24 01:00 HKT — 0 task(s) processed ---
todoist_triage — 2026-03-24 01:00 HKT
  14 active tasks total
  0 unprocessed inbox tasks to triage
  Nothing to triage — inbox clean.

--- 2026-03-24 02:02 HKT — 0 task(s) processed ---
todoist_triage — 2026-03-24 02:02 HKT
  14 active tasks total
  0 unprocessed inbox tasks to triage
  Nothing to triage — inbox clean.

--- 2026-03-24 03:00 HKT — 0 task(s) processed ---
todoist_triage — 2026-03-24 03:00 HKT
  14 active tasks total
  0 unprocessed inbox tasks to triage
  Nothing to triage — inbox clean.

--- 2026-03-24 05:00 HKT — 0 task(s) processed ---
todoist_triage — 2026-03-24 05:00 HKT
  14 active tasks total
  0 unprocessed inbox tasks to triage
  Nothing to triage — inbox clean.

--- 2026-03-24 09:00 HKT — 0 task(s) processed ---
todoist_triage — 2026-03-24 09:00 HKT
  14 active tasks total
  0 unprocessed inbox tasks to triage
  Nothing to triage — inbox clean.

--- 2026-03-24 10:00 HKT — 0 task(s) processed ---
todoist_triage — 2026-03-24 10:00 HKT
  14 active tasks total
  0 unprocessed inbox tasks to triage
  Nothing to triage — inbox clean.

--- 2026-03-24 11:00 HKT — 0 task(s) processed ---
todoist_triage — 2026-03-24 11:00 HKT
  14 active tasks total
  0 unprocessed inbox tasks to triage
  Nothing to triage — inbox clean.

--- 2026-03-24 14:00 HKT — 0 task(s) processed ---
todoist_triage — 2026-03-24 14:00 HKT
  14 active tasks total
  0 unprocessed inbox tasks to triage
  Nothing to triage — inbox clean.

--- 2026-03-24 16:00 HKT — 0 task(s) processed ---
todoist_triage — 2026-03-24 16:00 HKT
  14 active tasks total
  0 unprocessed inbox tasks to triage
  Nothing to triage — inbox clean.

--- 2026-03-24 17:00 HKT — 0 task(s) processed ---
todoist_triage — 2026-03-24 17:00 HKT
  14 active tasks total
  0 unprocessed inbox tasks to triage
  Nothing to triage — inbox clean.

--- 2026-03-24 19:00 HKT — 0 task(s) processed ---
todoist_triage — 2026-03-24 19:00 HKT
  14 active tasks total
  0 unprocessed inbox tasks to triage
  Nothing to triage — inbox clean.

--- 2026-03-24 20:00 HKT — 0 task(s) processed ---
todoist_triage — 2026-03-24 20:00 HKT
  14 active tasks total
  0 unprocessed inbox tasks to triage
  Nothing to triage — inbox clean.

--- 2026-03-24 21:01 HKT — 0 task(s) processed ---
todoist_triage — 2026-03-24 21:01 HKT
  14 active tasks total
  0 unprocessed inbox tasks to triage
  Nothing to triage — inbox clean.

--- 2026-03-24 22:00 HKT — 0 task(s) processed ---
todoist_triage — 2026-03-24 22:00 HKT
  14 active tasks total
  0 unprocessed inbox tasks to triage
  Nothing to triage — inbox clean.

--- 2026-03-24 23:04 HKT — 0 task(s) processed ---
todoist_triage — 2026-03-24 23:04 HKT
  14 active tasks total
  0 unprocessed inbox tasks to triage
  Nothing to triage — inbox clean.
