
--- 2026-03-22 00:00 HKT — 0 task(s) processed ---
todoist_triage — 2026-03-22 00:00 HKT
  15 active tasks total
  0 unprocessed inbox tasks to triage
  Nothing to triage — inbox clean.

--- 2026-03-22 01:00 HKT — 0 task(s) processed ---
todoist_triage — 2026-03-22 01:00 HKT
  15 active tasks total
  0 unprocessed inbox tasks to triage
  Nothing to triage — inbox clean.

--- 2026-03-22 02:03 HKT — 0 task(s) processed ---
todoist_triage — 2026-03-22 02:03 HKT
  13 active tasks total
  0 unprocessed inbox tasks to triage
  Nothing to triage — inbox clean.

--- 2026-03-22 03:00 HKT — 0 task(s) processed ---
todoist_triage — 2026-03-22 03:00 HKT
  13 active tasks total
  0 unprocessed inbox tasks to triage
  Nothing to triage — inbox clean.

--- 2026-03-22 04:00 HKT — 0 task(s) processed ---
todoist_triage — 2026-03-22 04:00 HKT
  13 active tasks total
  0 unprocessed inbox tasks to triage
  Nothing to triage — inbox clean.

--- 2026-03-22 05:00 HKT — 0 task(s) processed ---
todoist_triage — 2026-03-22 05:00 HKT
  13 active tasks total
  0 unprocessed inbox tasks to triage
  Nothing to triage — inbox clean.

--- 2026-03-22 06:00 HKT — 0 task(s) processed ---
todoist_triage — 2026-03-22 06:00 HKT
  13 active tasks total
  0 unprocessed inbox tasks to triage
  Nothing to triage — inbox clean.

--- 2026-03-22 07:00 HKT — 0 task(s) processed ---
todoist_triage — 2026-03-22 07:00 HKT
  13 active tasks total
  0 unprocessed inbox tasks to triage
  Nothing to triage — inbox clean.

--- 2026-03-22 08:00 HKT — 0 task(s) processed ---
todoist_triage — 2026-03-22 08:00 HKT
  13 active tasks total
  0 unprocessed inbox tasks to triage
  Nothing to triage — inbox clean.

--- 2026-03-22 09:00 HKT — 0 task(s) processed ---
todoist_triage — 2026-03-22 09:00 HKT
  13 active tasks total
  0 unprocessed inbox tasks to triage
  Nothing to triage — inbox clean.

--- 2026-03-22 10:00 HKT — 0 task(s) processed ---
todoist_triage — 2026-03-22 10:00 HKT
  13 active tasks total
  0 unprocessed inbox tasks to triage
  Nothing to triage — inbox clean.

--- 2026-03-22 11:00 HKT — 0 task(s) processed ---
todoist_triage — 2026-03-22 11:00 HKT
  13 active tasks total
  0 unprocessed inbox tasks to triage
  Nothing to triage — inbox clean.

--- 2026-03-22 12:00 HKT — 0 task(s) processed ---
todoist_triage — 2026-03-22 12:00 HKT
  13 active tasks total
  0 unprocessed inbox tasks to triage
  Nothing to triage — inbox clean.

--- 2026-03-22 13:00 HKT — 0 task(s) processed ---
todoist_triage — 2026-03-22 13:00 HKT
  13 active tasks total
  0 unprocessed inbox tasks to triage
  Nothing to triage — inbox clean.

--- 2026-03-22 14:00 HKT — 0 task(s) processed ---
todoist_triage — 2026-03-22 14:00 HKT
  13 active tasks total
  0 unprocessed inbox tasks to triage
  Nothing to triage — inbox clean.

--- 2026-03-22 15:00 HKT — 0 task(s) processed ---
todoist_triage — 2026-03-22 15:00 HKT
  13 active tasks total
  0 unprocessed inbox tasks to triage
  Nothing to triage — inbox clean.

--- 2026-03-22 16:00 HKT — 0 task(s) processed ---
todoist_triage — 2026-03-22 16:00 HKT
  13 active tasks total
  0 unprocessed inbox tasks to triage
  Nothing to triage — inbox clean.

--- 2026-03-22 17:00 HKT — 0 task(s) processed ---
todoist_triage — 2026-03-22 17:00 HKT
  13 active tasks total
  0 unprocessed inbox tasks to triage
  Nothing to triage — inbox clean.

--- 2026-03-22 18:00 HKT — 0 task(s) processed ---
todoist_triage — 2026-03-22 18:00 HKT
  13 active tasks total
  0 unprocessed inbox tasks to triage
  Nothing to triage — inbox clean.

--- 2026-03-22 19:00 HKT — 0 task(s) processed ---
todoist_triage — 2026-03-22 19:00 HKT
  13 active tasks total
  0 unprocessed inbox tasks to triage
  Nothing to triage — inbox clean.

--- 2026-03-22 20:00 HKT — 0 task(s) processed ---
todoist_triage — 2026-03-22 20:00 HKT
  13 active tasks total
  0 unprocessed inbox tasks to triage
  Nothing to triage — inbox clean.

--- 2026-03-22 21:01 HKT — 0 task(s) processed ---
todoist_triage — 2026-03-22 21:01 HKT
  13 active tasks total
  0 unprocessed inbox tasks to triage
  Nothing to triage — inbox clean.

--- 2026-03-22 22:00 HKT — 0 task(s) processed ---
todoist_triage — 2026-03-22 22:00 HKT
  13 active tasks total
  0 unprocessed inbox tasks to triage
  Nothing to triage — inbox clean.

--- 2026-03-22 23:00 HKT — 0 task(s) processed ---
todoist_triage — 2026-03-22 23:00 HKT
  13 active tasks total
  0 unprocessed inbox tasks to triage
  Nothing to triage — inbox clean.
