
--- 2026-03-25 00:00 HKT — 0 task(s) processed ---
todoist_triage — 2026-03-25 00:00 HKT
  14 active tasks total
  0 unprocessed inbox tasks to triage
  Nothing to triage — inbox clean.

--- 2026-03-25 01:00 HKT — 0 task(s) processed ---
todoist_triage — 2026-03-25 01:00 HKT
  14 active tasks total
  0 unprocessed inbox tasks to triage
  Nothing to triage — inbox clean.

--- 2026-03-25 02:02 HKT — 0 task(s) processed ---
todoist_triage — 2026-03-25 02:02 HKT
  14 active tasks total
  0 unprocessed inbox tasks to triage
  Nothing to triage — inbox clean.

--- 2026-03-25 04:00 HKT — 0 task(s) processed ---
todoist_triage — 2026-03-25 04:00 HKT
  14 active tasks total
  0 unprocessed inbox tasks to triage
  Nothing to triage — inbox clean.

--- 2026-03-25 05:01 HKT — 0 task(s) processed ---
todoist_triage — 2026-03-25 05:01 HKT
  14 active tasks total
  0 unprocessed inbox tasks to triage
  Nothing to triage — inbox clean.

--- 2026-03-25 07:00 HKT — 0 task(s) processed ---
todoist_triage — 2026-03-25 07:00 HKT
  14 active tasks total
  0 unprocessed inbox tasks to triage
  Nothing to triage — inbox clean.

--- 2026-03-25 08:00 HKT — 0 task(s) processed ---
todoist_triage — 2026-03-25 08:00 HKT
  14 active tasks total
  0 unprocessed inbox tasks to triage
  Nothing to triage — inbox clean.

--- 2026-03-25 09:00 HKT — 0 task(s) processed ---
todoist_triage — 2026-03-25 09:00 HKT
  14 active tasks total
  0 unprocessed inbox tasks to triage
  Nothing to triage — inbox clean.

--- 2026-03-25 10:00 HKT — 0 task(s) processed ---
todoist_triage — 2026-03-25 10:00 HKT
  14 active tasks total
  0 unprocessed inbox tasks to triage
  Nothing to triage — inbox clean.

--- 2026-03-25 11:00 HKT — 0 task(s) processed ---
todoist_triage — 2026-03-25 11:00 HKT
  14 active tasks total
  0 unprocessed inbox tasks to triage
  Nothing to triage — inbox clean.

--- 2026-03-25 12:00 HKT — 0 task(s) processed ---
todoist_triage — 2026-03-25 12:00 HKT
  14 active tasks total
  0 unprocessed inbox tasks to triage
  Nothing to triage — inbox clean.

--- 2026-03-25 13:00 HKT — 0 task(s) processed ---
todoist_triage — 2026-03-25 13:00 HKT
  14 active tasks total
  0 unprocessed inbox tasks to triage
  Nothing to triage — inbox clean.

--- 2026-03-25 14:00 HKT — 0 task(s) processed ---
todoist_triage — 2026-03-25 14:00 HKT
  14 active tasks total
  0 unprocessed inbox tasks to triage
  Nothing to triage — inbox clean.

--- 2026-03-25 16:22 HKT — 0 task(s) processed ---
todoist_triage — 2026-03-25 16:22 HKT
  14 active tasks total
  0 unprocessed inbox tasks to triage
  Nothing to triage — inbox clean.

--- 2026-03-25 17:00 HKT — 0 task(s) processed ---
todoist_triage — 2026-03-25 17:00 HKT
  14 active tasks total
  0 unprocessed inbox tasks to triage
  Nothing to triage — inbox clean.
