
--- 2026-03-09 00:00 HKT — 0 task(s) processed ---
todoist_triage — 2026-03-09 00:00 HKT
  11 active tasks total
  0 unprocessed inbox tasks to triage
  Nothing to triage — inbox clean.

--- 2026-03-09 01:00 HKT — 0 task(s) processed ---
todoist_triage — 2026-03-09 01:00 HKT
  11 active tasks total
  0 unprocessed inbox tasks to triage
  Nothing to triage — inbox clean.

--- 2026-03-09 02:09 HKT — 0 task(s) processed ---
todoist_triage — 2026-03-09 02:09 HKT
  10 active tasks total
  0 unprocessed inbox tasks to triage
  Nothing to triage — inbox clean.

--- 2026-03-09 03:00 HKT — 0 task(s) processed ---
todoist_triage — 2026-03-09 03:00 HKT
  10 active tasks total
  0 unprocessed inbox tasks to triage
  Nothing to triage — inbox clean.

--- 2026-03-09 04:00 HKT — 0 task(s) processed ---
todoist_triage — 2026-03-09 04:00 HKT
  10 active tasks total
  0 unprocessed inbox tasks to triage
  Nothing to triage — inbox clean.

--- 2026-03-09 05:00 HKT — 0 task(s) processed ---
todoist_triage — 2026-03-09 05:00 HKT
  10 active tasks total
  0 unprocessed inbox tasks to triage
  Nothing to triage — inbox clean.

--- 2026-03-09 06:00 HKT — 0 task(s) processed ---
todoist_triage — 2026-03-09 06:00 HKT
  10 active tasks total
  0 unprocessed inbox tasks to triage
  Nothing to triage — inbox clean.

--- 2026-03-09 07:00 HKT — 0 task(s) processed ---
todoist_triage — 2026-03-09 07:00 HKT
  10 active tasks total
  0 unprocessed inbox tasks to triage
  Nothing to triage — inbox clean.

--- 2026-03-09 08:00 HKT — 0 task(s) processed ---
todoist_triage — 2026-03-09 08:00 HKT
  10 active tasks total
  0 unprocessed inbox tasks to triage
  Nothing to triage — inbox clean.

--- 2026-03-09 09:00 HKT — 0 task(s) processed ---
todoist_triage — 2026-03-09 09:00 HKT
  10 active tasks total
  0 unprocessed inbox tasks to triage
  Nothing to triage — inbox clean.

--- 2026-03-09 10:00 HKT — 2 task(s) processed ---
todoist_triage — 2026-03-09 10:00 HKT
  12 active tasks total
  2 unprocessed inbox tasks to triage
  ✅ [Cerebro] [Leonardo] [P2] Start Stripe Live Account migration — 30min 🦎
  ✅ [Cerebro] [Leonardo] [P3] GCP - OAuth issues with Cerebro — 30min 🦎

  Done — 2/2 tasks triaged.

--- 2026-03-09 11:00 HKT — 0 task(s) processed ---
todoist_triage — 2026-03-09 11:00 HKT
  12 active tasks total
  0 unprocessed inbox tasks to triage
  Nothing to triage — inbox clean.

--- 2026-03-09 12:00 HKT — 0 task(s) processed ---
todoist_triage — 2026-03-09 12:00 HKT
  12 active tasks total
  0 unprocessed inbox tasks to triage
  Nothing to triage — inbox clean.

--- 2026-03-09 13:00 HKT — 0 task(s) processed ---
todoist_triage — 2026-03-09 13:00 HKT
  12 active tasks total
  0 unprocessed inbox tasks to triage
  Nothing to triage — inbox clean.

--- 2026-03-09 14:00 HKT — 1 task(s) processed ---
todoist_triage — 2026-03-09 14:00 HKT
  13 active tasks total
  1 unprocessed inbox tasks to triage
  ✅ [Personal] [Guillermo] [P3] Reschedule CityU — 30min 🦎

  Done — 1/1 tasks triaged.

--- 2026-03-09 15:00 HKT — 0 task(s) processed ---
todoist_triage — 2026-03-09 15:00 HKT
  12 active tasks total
  0 unprocessed inbox tasks to triage
  Nothing to triage — inbox clean.

--- 2026-03-09 16:00 HKT — 0 task(s) processed ---
todoist_triage — 2026-03-09 16:00 HKT
  12 active tasks total
  0 unprocessed inbox tasks to triage
  Nothing to triage — inbox clean.

--- 2026-03-09 18:15 HKT — 0 task(s) processed ---
todoist_triage — 2026-03-09 18:15 HKT
  12 active tasks total
  0 unprocessed inbox tasks to triage
  Nothing to triage — inbox clean.

--- 2026-03-09 19:00 HKT — 0 task(s) processed ---
todoist_triage — 2026-03-09 19:00 HKT
  12 active tasks total
  0 unprocessed inbox tasks to triage
  Nothing to triage — inbox clean.

--- 2026-03-09 20:00 HKT — 0 task(s) processed ---
todoist_triage — 2026-03-09 20:00 HKT
  12 active tasks total
  0 unprocessed inbox tasks to triage
  Nothing to triage — inbox clean.

--- 2026-03-09 21:01 HKT — 0 task(s) processed ---
todoist_triage — 2026-03-09 21:01 HKT
  12 active tasks total
  0 unprocessed inbox tasks to triage
  Nothing to triage — inbox clean.

--- 2026-03-09 22:00 HKT — 0 task(s) processed ---
todoist_triage — 2026-03-09 22:00 HKT
  12 active tasks total
  0 unprocessed inbox tasks to triage
  Nothing to triage — inbox clean.

--- 2026-03-09 23:02 HKT — 0 task(s) processed ---
todoist_triage — 2026-03-09 23:02 HKT
  12 active tasks total
  0 unprocessed inbox tasks to triage
  Nothing to triage — inbox clean.
