
--- 2026-03-29 00:00 HKT — 0 task(s) processed ---
todoist_triage — 2026-03-29 00:00 HKT
  14 active tasks total
  0 unprocessed inbox tasks to triage
  Nothing to triage — inbox clean.

--- 2026-03-29 01:00 HKT — 0 task(s) processed ---
todoist_triage — 2026-03-29 01:00 HKT
  14 active tasks total
  0 unprocessed inbox tasks to triage
  Nothing to triage — inbox clean.

--- 2026-03-29 02:04 HKT — 0 task(s) processed ---
todoist_triage — 2026-03-29 02:04 HKT
  14 active tasks total
  0 unprocessed inbox tasks to triage
  Nothing to triage — inbox clean.

--- 2026-03-29 04:00 HKT — 0 task(s) processed ---
todoist_triage — 2026-03-29 04:00 HKT
  14 active tasks total
  0 unprocessed inbox tasks to triage
  Nothing to triage — inbox clean.

--- 2026-03-29 05:00 HKT — 0 task(s) processed ---
todoist_triage — 2026-03-29 05:00 HKT
  14 active tasks total
  0 unprocessed inbox tasks to triage
  Nothing to triage — inbox clean.

--- 2026-03-29 06:00 HKT — 0 task(s) processed ---
todoist_triage — 2026-03-29 06:00 HKT
  14 active tasks total
  0 unprocessed inbox tasks to triage
  Nothing to triage — inbox clean.

--- 2026-03-29 08:00 HKT — 0 task(s) processed ---
todoist_triage — 2026-03-29 08:00 HKT
  14 active tasks total
  0 unprocessed inbox tasks to triage
  Nothing to triage — inbox clean.

--- 2026-03-29 09:00 HKT — 0 task(s) processed ---
todoist_triage — 2026-03-29 09:00 HKT
  14 active tasks total
  0 unprocessed inbox tasks to triage
  Nothing to triage — inbox clean.

--- 2026-03-29 10:00 HKT — 0 task(s) processed ---
todoist_triage — 2026-03-29 10:00 HKT
  14 active tasks total
  0 unprocessed inbox tasks to triage
  Nothing to triage — inbox clean.

--- 2026-03-29 11:00 HKT — 0 task(s) processed ---
todoist_triage — 2026-03-29 11:00 HKT
  14 active tasks total
  0 unprocessed inbox tasks to triage
  Nothing to triage — inbox clean.

--- 2026-03-29 13:00 HKT — 0 task(s) processed ---
todoist_triage — 2026-03-29 13:00 HKT
  14 active tasks total
  0 unprocessed inbox tasks to triage
  Nothing to triage — inbox clean.

--- 2026-03-29 15:01 HKT — 0 task(s) processed ---
todoist_triage — 2026-03-29 15:01 HKT
  14 active tasks total
  0 unprocessed inbox tasks to triage
  Nothing to triage — inbox clean.

--- 2026-03-29 17:00 HKT — 0 task(s) processed ---
todoist_triage — 2026-03-29 17:00 HKT
  14 active tasks total
  0 unprocessed inbox tasks to triage
  Nothing to triage — inbox clean.

--- 2026-03-29 18:00 HKT — 0 task(s) processed ---
todoist_triage — 2026-03-29 18:00 HKT
  14 active tasks total
  0 unprocessed inbox tasks to triage
  Nothing to triage — inbox clean.

--- 2026-03-29 21:01 HKT — 0 task(s) processed ---
todoist_triage — 2026-03-29 21:01 HKT
  14 active tasks total
  0 unprocessed inbox tasks to triage
  Nothing to triage — inbox clean.

--- 2026-03-29 22:00 HKT — 0 task(s) processed ---
todoist_triage — 2026-03-29 22:00 HKT
  14 active tasks total
  0 unprocessed inbox tasks to triage
  Nothing to triage — inbox clean.

--- 2026-03-29 23:01 HKT — 0 task(s) processed ---
todoist_triage — 2026-03-29 23:01 HKT
  14 active tasks total
  0 unprocessed inbox tasks to triage
  Nothing to triage — inbox clean.
