
--- 2026-03-13 13:01 HKT — 0 task(s) processed ---
todoist_triage — 2026-03-13 13:01 HKT
  17 active tasks total
  0 unprocessed inbox tasks to triage
  Nothing to triage — inbox clean.

--- 2026-03-13 14:00 HKT — 0 task(s) processed ---
todoist_triage — 2026-03-13 14:00 HKT
  14 active tasks total
  0 unprocessed inbox tasks to triage
  Nothing to triage — inbox clean.

--- 2026-03-13 15:00 HKT — 0 task(s) processed ---
todoist_triage — 2026-03-13 15:00 HKT
  14 active tasks total
  0 unprocessed inbox tasks to triage
  Nothing to triage — inbox clean.

--- 2026-03-13 16:00 HKT — 0 task(s) processed ---
todoist_triage — 2026-03-13 16:00 HKT
  14 active tasks total
  0 unprocessed inbox tasks to triage
  Nothing to triage — inbox clean.

--- 2026-03-13 17:00 HKT — 0 task(s) processed ---
todoist_triage — 2026-03-13 17:00 HKT
  12 active tasks total
  0 unprocessed inbox tasks to triage
  Nothing to triage — inbox clean.

--- 2026-03-13 18:00 HKT — 0 task(s) processed ---
todoist_triage — 2026-03-13 18:00 HKT
  12 active tasks total
  0 unprocessed inbox tasks to triage
  Nothing to triage — inbox clean.

--- 2026-03-13 19:00 HKT — 0 task(s) processed ---
todoist_triage — 2026-03-13 19:00 HKT
  12 active tasks total
  0 unprocessed inbox tasks to triage
  Nothing to triage — inbox clean.

--- 2026-03-13 20:00 HKT — 0 task(s) processed ---
todoist_triage — 2026-03-13 20:00 HKT
  12 active tasks total
  0 unprocessed inbox tasks to triage
  Nothing to triage — inbox clean.

--- 2026-03-13 21:01 HKT — 0 task(s) processed ---
todoist_triage — 2026-03-13 21:01 HKT
  12 active tasks total
  0 unprocessed inbox tasks to triage
  Nothing to triage — inbox clean.

--- 2026-03-13 22:00 HKT — 0 task(s) processed ---
todoist_triage — 2026-03-13 22:00 HKT
  12 active tasks total
  0 unprocessed inbox tasks to triage
  Nothing to triage — inbox clean.

--- 2026-03-13 23:02 HKT — 0 task(s) processed ---
todoist_triage — 2026-03-13 23:02 HKT
  12 active tasks total
  0 unprocessed inbox tasks to triage
  Nothing to triage — inbox clean.
