
--- 2026-03-18 00:00 HKT — 0 task(s) processed ---
todoist_triage — 2026-03-18 00:00 HKT
  11 active tasks total
  0 unprocessed inbox tasks to triage
  Nothing to triage — inbox clean.

--- 2026-03-18 01:00 HKT — 0 task(s) processed ---
todoist_triage — 2026-03-18 01:00 HKT
  11 active tasks total
  0 unprocessed inbox tasks to triage
  Nothing to triage — inbox clean.

--- 2026-03-18 02:07 HKT — 0 task(s) processed ---
todoist_triage — 2026-03-18 02:07 HKT
  11 active tasks total
  0 unprocessed inbox tasks to triage
  Nothing to triage — inbox clean.

--- 2026-03-18 03:00 HKT — 0 task(s) processed ---
todoist_triage — 2026-03-18 03:00 HKT
  11 active tasks total
  0 unprocessed inbox tasks to triage
  Nothing to triage — inbox clean.

--- 2026-03-18 04:00 HKT — 0 task(s) processed ---
todoist_triage — 2026-03-18 04:00 HKT
  11 active tasks total
  0 unprocessed inbox tasks to triage
  Nothing to triage — inbox clean.

--- 2026-03-18 05:00 HKT — 0 task(s) processed ---
todoist_triage — 2026-03-18 05:00 HKT
  11 active tasks total
  0 unprocessed inbox tasks to triage
  Nothing to triage — inbox clean.

--- 2026-03-18 06:00 HKT — 0 task(s) processed ---
todoist_triage — 2026-03-18 06:00 HKT
  11 active tasks total
  0 unprocessed inbox tasks to triage
  Nothing to triage — inbox clean.

--- 2026-03-18 07:00 HKT — 0 task(s) processed ---
todoist_triage — 2026-03-18 07:00 HKT
  11 active tasks total
  0 unprocessed inbox tasks to triage
  Nothing to triage — inbox clean.

--- 2026-03-18 08:00 HKT — 0 task(s) processed ---
todoist_triage — 2026-03-18 08:00 HKT
  11 active tasks total
  0 unprocessed inbox tasks to triage
  Nothing to triage — inbox clean.

--- 2026-03-18 09:01 HKT — 0 task(s) processed ---
todoist_triage — 2026-03-18 09:01 HKT
  11 active tasks total
  0 unprocessed inbox tasks to triage
  Nothing to triage — inbox clean.

--- 2026-03-18 10:00 HKT — 0 task(s) processed ---
todoist_triage — 2026-03-18 10:00 HKT
  11 active tasks total
  0 unprocessed inbox tasks to triage
  Nothing to triage — inbox clean.

--- 2026-03-18 11:00 HKT — 13 task(s) processed ---
todoist_triage — 2026-03-18 11:00 HKT
  24 active tasks total
  13 unprocessed inbox tasks to triage
  ✅ [Personal] [Guillermo] [P3] Shopping — 30min 🦎
  ✅ [Personal] [Guillermo] [P3] Detergent powder — 30min 🦎
  ✅ [Personal] [Guillermo] [P3] Diswashing liquids — 30min 🦎
  ✅ [Personal] [Guillermo] [P3] Cif — 30min 🦎
  ✅ [Personal] [Guillermo] [P3] Dettol — 30min 🦎
  ✅ [Personal] [Guillermo] [P3] Oxi white — 30min 🦎
  ✅ [Personal] [Guillermo] [P3] Rice — 30min 🦎
  ✅ [Personal] [Guillermo] [P3] Mince chicken — 30min 🦎
  ✅ [Personal] [Guillermo] [P3] Onion — 30min 🦎
  ✅ [Personal] [Guillermo] [P3] Garlic — 30min 🦎
  ✅ [Personal] [Guillermo] [P3] Fresh milk — 30min 🦎
  ✅ [Personal] [Guillermo] [P3] Mozzarella cheese — 30min 🦎
  ✅ [Personal] [Guillermo] [P3] Parmesan cheese — 30min 🦎

  Done — 13/13 tasks triaged.

--- 2026-03-18 12:00 HKT — 0 task(s) processed ---
todoist_triage — 2026-03-18 12:00 HKT
  24 active tasks total
  0 unprocessed inbox tasks to triage
  Nothing to triage — inbox clean.

--- 2026-03-18 13:00 HKT — 0 task(s) processed ---
todoist_triage — 2026-03-18 13:00 HKT
  24 active tasks total
  0 unprocessed inbox tasks to triage
  Nothing to triage — inbox clean.

--- 2026-03-18 14:00 HKT — 0 task(s) processed ---
todoist_triage — 2026-03-18 14:00 HKT
  24 active tasks total
  0 unprocessed inbox tasks to triage
  Nothing to triage — inbox clean.

--- 2026-03-18 15:01 HKT — 0 task(s) processed ---
todoist_triage — 2026-03-18 15:01 HKT
  24 active tasks total
  0 unprocessed inbox tasks to triage
  Nothing to triage — inbox clean.

--- 2026-03-18 16:00 HKT — 0 task(s) processed ---
todoist_triage — 2026-03-18 16:00 HKT
  24 active tasks total
  0 unprocessed inbox tasks to triage
  Nothing to triage — inbox clean.

--- 2026-03-18 17:01 HKT — 0 task(s) processed ---
todoist_triage — 2026-03-18 17:01 HKT
  11 active tasks total
  0 unprocessed inbox tasks to triage
  Nothing to triage — inbox clean.

--- 2026-03-18 18:00 HKT — 0 task(s) processed ---
todoist_triage — 2026-03-18 18:00 HKT
  11 active tasks total
  0 unprocessed inbox tasks to triage
  Nothing to triage — inbox clean.

--- 2026-03-18 19:00 HKT — 0 task(s) processed ---
todoist_triage — 2026-03-18 19:00 HKT
  11 active tasks total
  0 unprocessed inbox tasks to triage
  Nothing to triage — inbox clean.

--- 2026-03-18 20:00 HKT — 0 task(s) processed ---
todoist_triage — 2026-03-18 20:00 HKT
  11 active tasks total
  0 unprocessed inbox tasks to triage
  Nothing to triage — inbox clean.

--- 2026-03-18 21:01 HKT — 0 task(s) processed ---
todoist_triage — 2026-03-18 21:01 HKT
  11 active tasks total
  0 unprocessed inbox tasks to triage
  Nothing to triage — inbox clean.

--- 2026-03-18 22:01 HKT — 0 task(s) processed ---
todoist_triage — 2026-03-18 22:01 HKT
  11 active tasks total
  0 unprocessed inbox tasks to triage
  Nothing to triage — inbox clean.

--- 2026-03-18 23:01 HKT — 0 task(s) processed ---
todoist_triage — 2026-03-18 23:01 HKT
  11 active tasks total
  0 unprocessed inbox tasks to triage
  Nothing to triage — inbox clean.
