
--- 2026-03-05 00:11 HKT — 0 task(s) processed ---
todoist_triage — 2026-03-05 00:11 HKT
  14 active tasks total
  0 unprocessed inbox tasks to triage
  Nothing to triage — inbox clean.

--- 2026-03-05 01:11 HKT — 0 task(s) processed ---
todoist_triage — 2026-03-05 01:11 HKT
  14 active tasks total
  0 unprocessed inbox tasks to triage
  Nothing to triage — inbox clean.

--- 2026-03-05 02:11 HKT — 0 task(s) processed ---
todoist_triage — 2026-03-05 02:11 HKT
  13 active tasks total
  0 unprocessed inbox tasks to triage
  Nothing to triage — inbox clean.

--- 2026-03-05 03:11 HKT — 0 task(s) processed ---
todoist_triage — 2026-03-05 03:11 HKT
  13 active tasks total
  0 unprocessed inbox tasks to triage
  Nothing to triage — inbox clean.

--- 2026-03-05 04:11 HKT — 0 task(s) processed ---
todoist_triage — 2026-03-05 04:11 HKT
  13 active tasks total
  0 unprocessed inbox tasks to triage
  Nothing to triage — inbox clean.

--- 2026-03-05 05:11 HKT — 0 task(s) processed ---
todoist_triage — 2026-03-05 05:11 HKT
  13 active tasks total
  0 unprocessed inbox tasks to triage
  Nothing to triage — inbox clean.

--- 2026-03-05 06:11 HKT — 0 task(s) processed ---
todoist_triage — 2026-03-05 06:11 HKT
  13 active tasks total
  0 unprocessed inbox tasks to triage
  Nothing to triage — inbox clean.

--- 2026-03-05 07:11 HKT — 0 task(s) processed ---
todoist_triage — 2026-03-05 07:11 HKT
  13 active tasks total
  0 unprocessed inbox tasks to triage
  Nothing to triage — inbox clean.

--- 2026-03-05 08:12 HKT — 0 task(s) processed ---
todoist_triage — 2026-03-05 08:12 HKT
  13 active tasks total
  0 unprocessed inbox tasks to triage
  Nothing to triage — inbox clean.

--- 2026-03-05 09:00 HKT — 0 task(s) processed ---
todoist_triage — 2026-03-05 09:00 HKT
  13 active tasks total
  0 unprocessed inbox tasks to triage
  Nothing to triage — inbox clean.

--- 2026-03-05 10:00 HKT — 0 task(s) processed ---
todoist_triage — 2026-03-05 10:00 HKT
  13 active tasks total
  0 unprocessed inbox tasks to triage
  Nothing to triage — inbox clean.

--- 2026-03-05 11:00 HKT — 0 task(s) processed ---
todoist_triage — 2026-03-05 11:00 HKT
  13 active tasks total
  0 unprocessed inbox tasks to triage
  Nothing to triage — inbox clean.

--- 2026-03-05 12:00 HKT — 0 task(s) processed ---
todoist_triage — 2026-03-05 12:00 HKT
  13 active tasks total
  0 unprocessed inbox tasks to triage
  Nothing to triage — inbox clean.

--- 2026-03-05 13:00 HKT — 0 task(s) processed ---
todoist_triage — 2026-03-05 13:00 HKT
  13 active tasks total
  0 unprocessed inbox tasks to triage
  Nothing to triage — inbox clean.

--- 2026-03-05 14:00 HKT — 0 task(s) processed ---
todoist_triage — 2026-03-05 14:00 HKT
  13 active tasks total
  0 unprocessed inbox tasks to triage
  Nothing to triage — inbox clean.
