
--- 2026-03-17 00:00 HKT — 0 task(s) processed ---
todoist_triage — 2026-03-17 00:00 HKT
  14 active tasks total
  0 unprocessed inbox tasks to triage
  Nothing to triage — inbox clean.

--- 2026-03-17 01:00 HKT — 0 task(s) processed ---
todoist_triage — 2026-03-17 01:00 HKT
  14 active tasks total
  0 unprocessed inbox tasks to triage
  Nothing to triage — inbox clean.

--- 2026-03-17 02:04 HKT — 0 task(s) processed ---
todoist_triage — 2026-03-17 02:04 HKT
  10 active tasks total
  0 unprocessed inbox tasks to triage
  Nothing to triage — inbox clean.

--- 2026-03-17 03:00 HKT — 0 task(s) processed ---
todoist_triage — 2026-03-17 03:00 HKT
  10 active tasks total
  0 unprocessed inbox tasks to triage
  Nothing to triage — inbox clean.

--- 2026-03-17 04:00 HKT — 0 task(s) processed ---
todoist_triage — 2026-03-17 04:00 HKT
  10 active tasks total
  0 unprocessed inbox tasks to triage
  Nothing to triage — inbox clean.

--- 2026-03-17 05:00 HKT — 0 task(s) processed ---
todoist_triage — 2026-03-17 05:00 HKT
  10 active tasks total
  0 unprocessed inbox tasks to triage
  Nothing to triage — inbox clean.

--- 2026-03-17 06:00 HKT — 0 task(s) processed ---
todoist_triage — 2026-03-17 06:00 HKT
  10 active tasks total
  0 unprocessed inbox tasks to triage
  Nothing to triage — inbox clean.

--- 2026-03-17 07:00 HKT — 0 task(s) processed ---
todoist_triage — 2026-03-17 07:00 HKT
  10 active tasks total
  0 unprocessed inbox tasks to triage
  Nothing to triage — inbox clean.

--- 2026-03-17 08:00 HKT — 0 task(s) processed ---
todoist_triage — 2026-03-17 08:00 HKT
  10 active tasks total
  0 unprocessed inbox tasks to triage
  Nothing to triage — inbox clean.

--- 2026-03-17 09:00 HKT — 0 task(s) processed ---
todoist_triage — 2026-03-17 09:00 HKT
  10 active tasks total
  0 unprocessed inbox tasks to triage
  Nothing to triage — inbox clean.
