
--- 2026-03-26 00:00 HKT — 0 task(s) processed ---
todoist_triage — 2026-03-26 00:00 HKT
  14 active tasks total
  0 unprocessed inbox tasks to triage
  Nothing to triage — inbox clean.

--- 2026-03-26 01:00 HKT — 0 task(s) processed ---
todoist_triage — 2026-03-26 01:00 HKT
  14 active tasks total
  0 unprocessed inbox tasks to triage
  Nothing to triage — inbox clean.

--- 2026-03-26 02:02 HKT — 0 task(s) processed ---
todoist_triage — 2026-03-26 02:02 HKT
  14 active tasks total
  0 unprocessed inbox tasks to triage
  Nothing to triage — inbox clean.

--- 2026-03-26 04:00 HKT — 0 task(s) processed ---
todoist_triage — 2026-03-26 04:00 HKT
  14 active tasks total
  0 unprocessed inbox tasks to triage
  Nothing to triage — inbox clean.

--- 2026-03-26 05:00 HKT — 0 task(s) processed ---
todoist_triage — 2026-03-26 05:00 HKT
  14 active tasks total
  0 unprocessed inbox tasks to triage
  Nothing to triage — inbox clean.

--- 2026-03-26 06:00 HKT — 0 task(s) processed ---
todoist_triage — 2026-03-26 06:00 HKT
  14 active tasks total
  0 unprocessed inbox tasks to triage
  Nothing to triage — inbox clean.

--- 2026-03-26 07:00 HKT — 0 task(s) processed ---
todoist_triage — 2026-03-26 07:00 HKT
  14 active tasks total
  0 unprocessed inbox tasks to triage
  Nothing to triage — inbox clean.

--- 2026-03-26 08:00 HKT — 0 task(s) processed ---
todoist_triage — 2026-03-26 08:00 HKT
  14 active tasks total
  0 unprocessed inbox tasks to triage
  Nothing to triage — inbox clean.

--- 2026-03-26 09:00 HKT — 0 task(s) processed ---
todoist_triage — 2026-03-26 09:00 HKT
  14 active tasks total
  0 unprocessed inbox tasks to triage
  Nothing to triage — inbox clean.

--- 2026-03-26 10:00 HKT — 0 task(s) processed ---
todoist_triage — 2026-03-26 10:00 HKT
  14 active tasks total
  0 unprocessed inbox tasks to triage
  Nothing to triage — inbox clean.

--- 2026-03-26 11:00 HKT — 0 task(s) processed ---
todoist_triage — 2026-03-26 11:00 HKT
  14 active tasks total
  0 unprocessed inbox tasks to triage
  Nothing to triage — inbox clean.

--- 2026-03-26 12:00 HKT — 0 task(s) processed ---
todoist_triage — 2026-03-26 12:00 HKT
  14 active tasks total
  0 unprocessed inbox tasks to triage
  Nothing to triage — inbox clean.

--- 2026-03-26 14:00 HKT — 0 task(s) processed ---
todoist_triage — 2026-03-26 14:00 HKT
  14 active tasks total
  0 unprocessed inbox tasks to triage
  Nothing to triage — inbox clean.

--- 2026-03-26 16:00 HKT — 0 task(s) processed ---
todoist_triage — 2026-03-26 16:00 HKT
  14 active tasks total
  0 unprocessed inbox tasks to triage
  Nothing to triage — inbox clean.

--- 2026-03-26 17:00 HKT — 0 task(s) processed ---
todoist_triage — 2026-03-26 17:00 HKT
  14 active tasks total
  0 unprocessed inbox tasks to triage
  Nothing to triage — inbox clean.

--- 2026-03-26 18:00 HKT — 0 task(s) processed ---
todoist_triage — 2026-03-26 18:00 HKT
  14 active tasks total
  0 unprocessed inbox tasks to triage
  Nothing to triage — inbox clean.

--- 2026-03-26 19:00 HKT — 0 task(s) processed ---
todoist_triage — 2026-03-26 19:00 HKT
  14 active tasks total
  0 unprocessed inbox tasks to triage
  Nothing to triage — inbox clean.

--- 2026-03-26 20:00 HKT — 0 task(s) processed ---
todoist_triage — 2026-03-26 20:00 HKT
  14 active tasks total
  0 unprocessed inbox tasks to triage
  Nothing to triage — inbox clean.

--- 2026-03-26 21:01 HKT — 0 task(s) processed ---
todoist_triage — 2026-03-26 21:01 HKT
  14 active tasks total
  0 unprocessed inbox tasks to triage
  Nothing to triage — inbox clean.

--- 2026-03-26 23:02 HKT — 0 task(s) processed ---
todoist_triage — 2026-03-26 23:02 HKT
  14 active tasks total
  0 unprocessed inbox tasks to triage
  Nothing to triage — inbox clean.
