
--- 2026-03-11 00:00 HKT — 0 task(s) processed ---
todoist_triage — 2026-03-11 00:00 HKT
  12 active tasks total
  0 unprocessed inbox tasks to triage
  Nothing to triage — inbox clean.

--- 2026-03-11 01:00 HKT — 0 task(s) processed ---
todoist_triage — 2026-03-11 01:00 HKT
  12 active tasks total
  0 unprocessed inbox tasks to triage
  Nothing to triage — inbox clean.

--- 2026-03-11 02:04 HKT — 0 task(s) processed ---
todoist_triage — 2026-03-11 02:04 HKT
  12 active tasks total
  0 unprocessed inbox tasks to triage
  Nothing to triage — inbox clean.

--- 2026-03-11 03:00 HKT — 0 task(s) processed ---
todoist_triage — 2026-03-11 03:00 HKT
  12 active tasks total
  0 unprocessed inbox tasks to triage
  Nothing to triage — inbox clean.

--- 2026-03-11 04:00 HKT — 0 task(s) processed ---
todoist_triage — 2026-03-11 04:00 HKT
  12 active tasks total
  0 unprocessed inbox tasks to triage
  Nothing to triage — inbox clean.

--- 2026-03-11 05:00 HKT — 0 task(s) processed ---
todoist_triage — 2026-03-11 05:00 HKT
  12 active tasks total
  0 unprocessed inbox tasks to triage
  Nothing to triage — inbox clean.

--- 2026-03-11 06:00 HKT — 0 task(s) processed ---
todoist_triage — 2026-03-11 06:00 HKT
  12 active tasks total
  0 unprocessed inbox tasks to triage
  Nothing to triage — inbox clean.

--- 2026-03-11 07:00 HKT — 0 task(s) processed ---
todoist_triage — 2026-03-11 07:00 HKT
  12 active tasks total
  0 unprocessed inbox tasks to triage
  Nothing to triage — inbox clean.

--- 2026-03-11 08:00 HKT — 0 task(s) processed ---
todoist_triage — 2026-03-11 08:00 HKT
  12 active tasks total
  0 unprocessed inbox tasks to triage
  Nothing to triage — inbox clean.

--- 2026-03-11 09:00 HKT — 0 task(s) processed ---
todoist_triage — 2026-03-11 09:00 HKT
  12 active tasks total
  0 unprocessed inbox tasks to triage
  Nothing to triage — inbox clean.

--- 2026-03-11 10:00 HKT — 0 task(s) processed ---
todoist_triage — 2026-03-11 10:00 HKT
  12 active tasks total
  0 unprocessed inbox tasks to triage
  Nothing to triage — inbox clean.

--- 2026-03-11 11:00 HKT — 0 task(s) processed ---
todoist_triage — 2026-03-11 11:00 HKT
  12 active tasks total
  0 unprocessed inbox tasks to triage
  Nothing to triage — inbox clean.

--- 2026-03-11 12:00 HKT — 0 task(s) processed ---
todoist_triage — 2026-03-11 12:00 HKT
  12 active tasks total
  0 unprocessed inbox tasks to triage
  Nothing to triage — inbox clean.

--- 2026-03-11 13:00 HKT — 0 task(s) processed ---
todoist_triage — 2026-03-11 13:00 HKT
  12 active tasks total
  0 unprocessed inbox tasks to triage
  Nothing to triage — inbox clean.

--- 2026-03-11 14:00 HKT — 1 task(s) processed ---
todoist_triage — 2026-03-11 14:00 HKT
  13 active tasks total
  1 unprocessed inbox tasks to triage
  ✅ [Molty's Den] [Molty] [P3] Molty - agent to agent link skill — 30min 🦎

  Done — 1/1 tasks triaged.

--- 2026-03-11 15:00 HKT — 0 task(s) processed ---
todoist_triage — 2026-03-11 15:00 HKT
  13 active tasks total
  0 unprocessed inbox tasks to triage
  Nothing to triage — inbox clean.

--- 2026-03-11 16:00 HKT — 0 task(s) processed ---
todoist_triage — 2026-03-11 16:00 HKT
  13 active tasks total
  0 unprocessed inbox tasks to triage
  Nothing to triage — inbox clean.

--- 2026-03-11 17:01 HKT — 0 task(s) processed ---
todoist_triage — 2026-03-11 17:01 HKT
  13 active tasks total
  0 unprocessed inbox tasks to triage
  Nothing to triage — inbox clean.

--- 2026-03-11 18:00 HKT — 0 task(s) processed ---
todoist_triage — 2026-03-11 18:00 HKT
  13 active tasks total
  0 unprocessed inbox tasks to triage
  Nothing to triage — inbox clean.

--- 2026-03-11 19:00 HKT — 0 task(s) processed ---
todoist_triage — 2026-03-11 19:00 HKT
  13 active tasks total
  0 unprocessed inbox tasks to triage
  Nothing to triage — inbox clean.

--- 2026-03-11 20:00 HKT — 0 task(s) processed ---
todoist_triage — 2026-03-11 20:00 HKT
  13 active tasks total
  0 unprocessed inbox tasks to triage
  Nothing to triage — inbox clean.
