
--- 2026-03-21 01:00 HKT — 0 task(s) processed ---
todoist_triage — 2026-03-21 01:00 HKT
  15 active tasks total
  0 unprocessed inbox tasks to triage
  Nothing to triage — inbox clean.

--- 2026-03-21 02:01 HKT — 0 task(s) processed ---
todoist_triage — 2026-03-21 02:01 HKT
  15 active tasks total
  0 unprocessed inbox tasks to triage
  Nothing to triage — inbox clean.

--- 2026-03-21 03:00 HKT — 0 task(s) processed ---
todoist_triage — 2026-03-21 03:00 HKT
  15 active tasks total
  0 unprocessed inbox tasks to triage
  Nothing to triage — inbox clean.

--- 2026-03-21 04:00 HKT — 0 task(s) processed ---
todoist_triage — 2026-03-21 04:00 HKT
  15 active tasks total
  0 unprocessed inbox tasks to triage
  Nothing to triage — inbox clean.

--- 2026-03-21 05:00 HKT — 0 task(s) processed ---
todoist_triage — 2026-03-21 05:00 HKT
  15 active tasks total
  0 unprocessed inbox tasks to triage
  Nothing to triage — inbox clean.

--- 2026-03-21 06:00 HKT — 0 task(s) processed ---
todoist_triage — 2026-03-21 06:00 HKT
  15 active tasks total
  0 unprocessed inbox tasks to triage
  Nothing to triage — inbox clean.

--- 2026-03-21 07:00 HKT — 0 task(s) processed ---
todoist_triage — 2026-03-21 07:00 HKT
  15 active tasks total
  0 unprocessed inbox tasks to triage
  Nothing to triage — inbox clean.

--- 2026-03-21 08:00 HKT — 0 task(s) processed ---
todoist_triage — 2026-03-21 08:00 HKT
  15 active tasks total
  0 unprocessed inbox tasks to triage
  Nothing to triage — inbox clean.

--- 2026-03-21 09:00 HKT — 0 task(s) processed ---
todoist_triage — 2026-03-21 09:00 HKT
  15 active tasks total
  0 unprocessed inbox tasks to triage
  Nothing to triage — inbox clean.

--- 2026-03-21 10:00 HKT — 0 task(s) processed ---
todoist_triage — 2026-03-21 10:00 HKT
  15 active tasks total
  0 unprocessed inbox tasks to triage
  Nothing to triage — inbox clean.

--- 2026-03-21 11:00 HKT — 0 task(s) processed ---
todoist_triage — 2026-03-21 11:00 HKT
  15 active tasks total
  0 unprocessed inbox tasks to triage
  Nothing to triage — inbox clean.

--- 2026-03-21 12:00 HKT — 0 task(s) processed ---
todoist_triage — 2026-03-21 12:00 HKT
  15 active tasks total
  0 unprocessed inbox tasks to triage
  Nothing to triage — inbox clean.

--- 2026-03-21 13:00 HKT — 0 task(s) processed ---
todoist_triage — 2026-03-21 13:00 HKT
  15 active tasks total
  0 unprocessed inbox tasks to triage
  Nothing to triage — inbox clean.

--- 2026-03-21 14:00 HKT — 0 task(s) processed ---
todoist_triage — 2026-03-21 14:00 HKT
  15 active tasks total
  0 unprocessed inbox tasks to triage
  Nothing to triage — inbox clean.

--- 2026-03-21 15:00 HKT — 0 task(s) processed ---
todoist_triage — 2026-03-21 15:00 HKT
  15 active tasks total
  0 unprocessed inbox tasks to triage
  Nothing to triage — inbox clean.

--- 2026-03-21 16:00 HKT — 0 task(s) processed ---
todoist_triage — 2026-03-21 16:00 HKT
  15 active tasks total
  0 unprocessed inbox tasks to triage
  Nothing to triage — inbox clean.

--- 2026-03-21 17:00 HKT — 0 task(s) processed ---
todoist_triage — 2026-03-21 17:00 HKT
  15 active tasks total
  0 unprocessed inbox tasks to triage
  Nothing to triage — inbox clean.

--- 2026-03-21 18:00 HKT — 0 task(s) processed ---
todoist_triage — 2026-03-21 18:00 HKT
  15 active tasks total
  0 unprocessed inbox tasks to triage
  Nothing to triage — inbox clean.

--- 2026-03-21 19:00 HKT — 0 task(s) processed ---
todoist_triage — 2026-03-21 19:00 HKT
  15 active tasks total
  0 unprocessed inbox tasks to triage
  Nothing to triage — inbox clean.

--- 2026-03-21 20:00 HKT — 0 task(s) processed ---
todoist_triage — 2026-03-21 20:00 HKT
  15 active tasks total
  0 unprocessed inbox tasks to triage
  Nothing to triage — inbox clean.

--- 2026-03-21 21:01 HKT — 0 task(s) processed ---
todoist_triage — 2026-03-21 21:01 HKT
  15 active tasks total
  0 unprocessed inbox tasks to triage
  Nothing to triage — inbox clean.

--- 2026-03-21 22:00 HKT — 0 task(s) processed ---
todoist_triage — 2026-03-21 22:00 HKT
  15 active tasks total
  0 unprocessed inbox tasks to triage
  Nothing to triage — inbox clean.

--- 2026-03-21 23:00 HKT — 0 task(s) processed ---
todoist_triage — 2026-03-21 23:00 HKT
  15 active tasks total
  0 unprocessed inbox tasks to triage
  Nothing to triage — inbox clean.
