
--- 2026-04-02 00:00 HKT — 0 task(s) processed ---
todoist_triage — 2026-04-02 00:00 HKT
  19 active tasks total
  0 unprocessed inbox tasks to triage
  Nothing to triage — inbox clean.

--- 2026-04-02 01:00 HKT — 0 task(s) processed ---
todoist_triage — 2026-04-02 01:00 HKT
  19 active tasks total
  0 unprocessed inbox tasks to triage
  Nothing to triage — inbox clean.

--- 2026-04-02 02:09 HKT — 0 task(s) processed ---
todoist_triage — 2026-04-02 02:09 HKT
  19 active tasks total
  0 unprocessed inbox tasks to triage
  Nothing to triage — inbox clean.

--- 2026-04-02 05:02 HKT — 0 task(s) processed ---
todoist_triage — 2026-04-02 05:02 HKT
  19 active tasks total
  0 unprocessed inbox tasks to triage
  Nothing to triage — inbox clean.

--- 2026-04-02 09:02 HKT — 0 task(s) processed ---
todoist_triage — 2026-04-02 09:02 HKT
  19 active tasks total
  0 unprocessed inbox tasks to triage
  Nothing to triage — inbox clean.

--- 2026-04-02 14:05 HKT — 0 task(s) processed ---
todoist_triage — 2026-04-02 14:05 HKT
  19 active tasks total
  0 unprocessed inbox tasks to triage
  Nothing to triage — inbox clean.

--- 2026-04-02 15:05 HKT — 0 task(s) processed ---
todoist_triage — 2026-04-02 15:05 HKT
  19 active tasks total
  0 unprocessed inbox tasks to triage
  Nothing to triage — inbox clean.

--- 2026-04-02 18:01 HKT — 0 task(s) processed ---
todoist_triage — 2026-04-02 18:01 HKT
  19 active tasks total
  0 unprocessed inbox tasks to triage
  Nothing to triage — inbox clean.
