
--- 2026-04-01 01:00 HKT — 0 task(s) processed ---
todoist_triage — 2026-04-01 01:00 HKT
  14 active tasks total
  0 unprocessed inbox tasks to triage
  Nothing to triage — inbox clean.

--- 2026-04-01 02:04 HKT — 0 task(s) processed ---
todoist_triage — 2026-04-01 02:04 HKT
  14 active tasks total
  0 unprocessed inbox tasks to triage
  Nothing to triage — inbox clean.

--- 2026-04-01 05:00 HKT — 0 task(s) processed ---
todoist_triage — 2026-04-01 05:00 HKT
  14 active tasks total
  0 unprocessed inbox tasks to triage
  Nothing to triage — inbox clean.

--- 2026-04-01 07:00 HKT — 0 task(s) processed ---
todoist_triage — 2026-04-01 07:00 HKT
  14 active tasks total
  0 unprocessed inbox tasks to triage
  Nothing to triage — inbox clean.

--- 2026-04-01 10:00 HKT — 1 task(s) processed ---
todoist_triage — 2026-04-01 10:00 HKT
  18 active tasks total
  1 unprocessed inbox tasks to triage
  ✅ [Personal] [Guillermo] [P3] Shopping — 30min 🦎

  Done — 1/1 tasks triaged.

--- 2026-04-01 11:00 HKT — 0 task(s) processed ---
todoist_triage — 2026-04-01 11:00 HKT
  18 active tasks total
  0 unprocessed inbox tasks to triage
  Nothing to triage — inbox clean.

--- 2026-04-01 12:00 HKT — 0 task(s) processed ---
todoist_triage — 2026-04-01 12:00 HKT
  18 active tasks total
  0 unprocessed inbox tasks to triage
  Nothing to triage — inbox clean.

--- 2026-04-01 13:00 HKT — 0 task(s) processed ---
todoist_triage — 2026-04-01 13:00 HKT
  18 active tasks total
  0 unprocessed inbox tasks to triage
  Nothing to triage — inbox clean.

--- 2026-04-01 14:00 HKT — 0 task(s) processed ---
todoist_triage — 2026-04-01 14:00 HKT
  18 active tasks total
  0 unprocessed inbox tasks to triage
  Nothing to triage — inbox clean.

--- 2026-04-01 15:00 HKT — 0 task(s) processed ---
todoist_triage — 2026-04-01 15:00 HKT
  18 active tasks total
  0 unprocessed inbox tasks to triage
  Nothing to triage — inbox clean.

--- 2026-04-01 17:00 HKT — 0 task(s) processed ---
todoist_triage — 2026-04-01 17:00 HKT
  18 active tasks total
  0 unprocessed inbox tasks to triage
  Nothing to triage — inbox clean.

--- 2026-04-01 18:00 HKT — 0 task(s) processed ---
todoist_triage — 2026-04-01 18:00 HKT
  18 active tasks total
  0 unprocessed inbox tasks to triage
  Nothing to triage — inbox clean.

--- 2026-04-01 21:00 HKT — 1 task(s) processed ---
todoist_triage — 2026-04-01 21:00 HKT
  19 active tasks total
  1 unprocessed inbox tasks to triage
  ✅ [Personal] [Guillermo] [P1] Book flights at 930am — 30min 🦎

  Done — 1/1 tasks triaged.

--- 2026-04-01 22:00 HKT — 0 task(s) processed ---
todoist_triage — 2026-04-01 22:00 HKT
  19 active tasks total
  0 unprocessed inbox tasks to triage
  Nothing to triage — inbox clean.

--- 2026-04-01 23:01 HKT — 0 task(s) processed ---
todoist_triage — 2026-04-01 23:01 HKT
  19 active tasks total
  0 unprocessed inbox tasks to triage
  Nothing to triage — inbox clean.
