
--- 2026-03-10 00:00 HKT — 0 task(s) processed ---
todoist_triage — 2026-03-10 00:00 HKT
  12 active tasks total
  0 unprocessed inbox tasks to triage
  Nothing to triage — inbox clean.

--- 2026-03-10 01:00 HKT — 0 task(s) processed ---
todoist_triage — 2026-03-10 01:00 HKT
  12 active tasks total
  0 unprocessed inbox tasks to triage
  Nothing to triage — inbox clean.

--- 2026-03-10 02:06 HKT — 0 task(s) processed ---
todoist_triage — 2026-03-10 02:06 HKT
  12 active tasks total
  0 unprocessed inbox tasks to triage
  Nothing to triage — inbox clean.

--- 2026-03-10 03:00 HKT — 0 task(s) processed ---
todoist_triage — 2026-03-10 03:00 HKT
  12 active tasks total
  0 unprocessed inbox tasks to triage
  Nothing to triage — inbox clean.

--- 2026-03-10 04:00 HKT — 0 task(s) processed ---
todoist_triage — 2026-03-10 04:00 HKT
  12 active tasks total
  0 unprocessed inbox tasks to triage
  Nothing to triage — inbox clean.

--- 2026-03-10 05:00 HKT — 0 task(s) processed ---
todoist_triage — 2026-03-10 05:00 HKT
  12 active tasks total
  0 unprocessed inbox tasks to triage
  Nothing to triage — inbox clean.

--- 2026-03-10 06:00 HKT — 0 task(s) processed ---
todoist_triage — 2026-03-10 06:00 HKT
  12 active tasks total
  0 unprocessed inbox tasks to triage
  Nothing to triage — inbox clean.

--- 2026-03-10 07:43 HKT — 0 task(s) processed ---
todoist_triage — 2026-03-10 07:43 HKT
  12 active tasks total
  0 unprocessed inbox tasks to triage
  Nothing to triage — inbox clean.

--- 2026-03-10 08:00 HKT — 0 task(s) processed ---
todoist_triage — 2026-03-10 08:00 HKT
  12 active tasks total
  0 unprocessed inbox tasks to triage
  Nothing to triage — inbox clean.

--- 2026-03-10 09:00 HKT — 0 task(s) processed ---
todoist_triage — 2026-03-10 09:00 HKT
  12 active tasks total
  0 unprocessed inbox tasks to triage
  Nothing to triage — inbox clean.

--- 2026-03-10 10:00 HKT — 0 task(s) processed ---
todoist_triage — 2026-03-10 10:00 HKT
  12 active tasks total
  0 unprocessed inbox tasks to triage
  Nothing to triage — inbox clean.

--- 2026-03-10 11:00 HKT — 0 task(s) processed ---
todoist_triage — 2026-03-10 11:00 HKT
  12 active tasks total
  0 unprocessed inbox tasks to triage
  Nothing to triage — inbox clean.

--- 2026-03-10 12:00 HKT — 0 task(s) processed ---
todoist_triage — 2026-03-10 12:00 HKT
  12 active tasks total
  0 unprocessed inbox tasks to triage
  Nothing to triage — inbox clean.

--- 2026-03-10 13:06 HKT — 0 task(s) processed ---
todoist_triage — 2026-03-10 13:06 HKT
  12 active tasks total
  0 unprocessed inbox tasks to triage
  Nothing to triage — inbox clean.

--- 2026-03-10 14:37 HKT — 0 task(s) processed ---
todoist_triage — 2026-03-10 14:37 HKT
  12 active tasks total
  0 unprocessed inbox tasks to triage
  Nothing to triage — inbox clean.

--- 2026-03-10 15:00 HKT — 0 task(s) processed ---
todoist_triage — 2026-03-10 15:00 HKT
  12 active tasks total
  0 unprocessed inbox tasks to triage
  Nothing to triage — inbox clean.

--- 2026-03-10 16:00 HKT — 0 task(s) processed ---
todoist_triage — 2026-03-10 16:00 HKT
  12 active tasks total
  0 unprocessed inbox tasks to triage
  Nothing to triage — inbox clean.

--- 2026-03-10 17:00 HKT — 0 task(s) processed ---
todoist_triage — 2026-03-10 17:00 HKT
  12 active tasks total
  0 unprocessed inbox tasks to triage
  Nothing to triage — inbox clean.

--- 2026-03-10 18:00 HKT — 0 task(s) processed ---
todoist_triage — 2026-03-10 18:00 HKT
  12 active tasks total
  0 unprocessed inbox tasks to triage
  Nothing to triage — inbox clean.

--- 2026-03-10 19:00 HKT — 0 task(s) processed ---
todoist_triage — 2026-03-10 19:00 HKT
  12 active tasks total
  0 unprocessed inbox tasks to triage
  Nothing to triage — inbox clean.

--- 2026-03-10 20:00 HKT — 0 task(s) processed ---
todoist_triage — 2026-03-10 20:00 HKT
  12 active tasks total
  0 unprocessed inbox tasks to triage
  Nothing to triage — inbox clean.

--- 2026-03-10 21:01 HKT — 0 task(s) processed ---
todoist_triage — 2026-03-10 21:01 HKT
  12 active tasks total
  0 unprocessed inbox tasks to triage
  Nothing to triage — inbox clean.

--- 2026-03-10 22:00 HKT — 0 task(s) processed ---
todoist_triage — 2026-03-10 22:00 HKT
  12 active tasks total
  0 unprocessed inbox tasks to triage
  Nothing to triage — inbox clean.

--- 2026-03-10 23:02 HKT — 0 task(s) processed ---
todoist_triage — 2026-03-10 23:02 HKT
  12 active tasks total
  0 unprocessed inbox tasks to triage
  Nothing to triage — inbox clean.
