
--- 2026-03-14 00:00 HKT — 0 task(s) processed ---
todoist_triage — 2026-03-14 00:00 HKT
  12 active tasks total
  0 unprocessed inbox tasks to triage
  Nothing to triage — inbox clean.

--- 2026-03-14 01:00 HKT — 0 task(s) processed ---
todoist_triage — 2026-03-14 01:00 HKT
  12 active tasks total
  0 unprocessed inbox tasks to triage
  Nothing to triage — inbox clean.

--- 2026-03-14 02:11 HKT — 0 task(s) processed ---
todoist_triage — 2026-03-14 02:11 HKT
  11 active tasks total
  0 unprocessed inbox tasks to triage
  Nothing to triage — inbox clean.

--- 2026-03-14 03:00 HKT — 0 task(s) processed ---
todoist_triage — 2026-03-14 03:00 HKT
  11 active tasks total
  0 unprocessed inbox tasks to triage
  Nothing to triage — inbox clean.

--- 2026-03-14 04:00 HKT — 0 task(s) processed ---
todoist_triage — 2026-03-14 04:00 HKT
  11 active tasks total
  0 unprocessed inbox tasks to triage
  Nothing to triage — inbox clean.

--- 2026-03-14 05:00 HKT — 0 task(s) processed ---
todoist_triage — 2026-03-14 05:00 HKT
  11 active tasks total
  0 unprocessed inbox tasks to triage
  Nothing to triage — inbox clean.

--- 2026-03-14 06:00 HKT — 0 task(s) processed ---
todoist_triage — 2026-03-14 06:00 HKT
  11 active tasks total
  0 unprocessed inbox tasks to triage
  Nothing to triage — inbox clean.

--- 2026-03-14 07:00 HKT — 0 task(s) processed ---
todoist_triage — 2026-03-14 07:00 HKT
  11 active tasks total
  0 unprocessed inbox tasks to triage
  Nothing to triage — inbox clean.

--- 2026-03-14 08:00 HKT — 0 task(s) processed ---
todoist_triage — 2026-03-14 08:00 HKT
  11 active tasks total
  0 unprocessed inbox tasks to triage
  Nothing to triage — inbox clean.

--- 2026-03-14 09:00 HKT — 0 task(s) processed ---
todoist_triage — 2026-03-14 09:00 HKT
  11 active tasks total
  0 unprocessed inbox tasks to triage
  Nothing to triage — inbox clean.
