
--- 2026-03-19 00:00 HKT — 0 task(s) processed ---
todoist_triage — 2026-03-19 00:00 HKT
  11 active tasks total
  0 unprocessed inbox tasks to triage
  Nothing to triage — inbox clean.

--- 2026-03-19 01:00 HKT — 0 task(s) processed ---
todoist_triage — 2026-03-19 01:00 HKT
  11 active tasks total
  0 unprocessed inbox tasks to triage
  Nothing to triage — inbox clean.

--- 2026-03-19 02:08 HKT — 0 task(s) processed ---
todoist_triage — 2026-03-19 02:08 HKT
  11 active tasks total
  0 unprocessed inbox tasks to triage
  Nothing to triage — inbox clean.

--- 2026-03-19 03:00 HKT — 0 task(s) processed ---
todoist_triage — 2026-03-19 03:00 HKT
  11 active tasks total
  0 unprocessed inbox tasks to triage
  Nothing to triage — inbox clean.

--- 2026-03-19 04:00 HKT — 0 task(s) processed ---
todoist_triage — 2026-03-19 04:00 HKT
  11 active tasks total
  0 unprocessed inbox tasks to triage
  Nothing to triage — inbox clean.

--- 2026-03-19 05:00 HKT — 0 task(s) processed ---
todoist_triage — 2026-03-19 05:00 HKT
  11 active tasks total
  0 unprocessed inbox tasks to triage
  Nothing to triage — inbox clean.

--- 2026-03-19 06:00 HKT — 0 task(s) processed ---
todoist_triage — 2026-03-19 06:00 HKT
  11 active tasks total
  0 unprocessed inbox tasks to triage
  Nothing to triage — inbox clean.

--- 2026-03-19 07:00 HKT — 0 task(s) processed ---
todoist_triage — 2026-03-19 07:00 HKT
  11 active tasks total
  0 unprocessed inbox tasks to triage
  Nothing to triage — inbox clean.

--- 2026-03-19 08:00 HKT — 0 task(s) processed ---
todoist_triage — 2026-03-19 08:00 HKT
  11 active tasks total
  0 unprocessed inbox tasks to triage
  Nothing to triage — inbox clean.

--- 2026-03-19 09:00 HKT — 0 task(s) processed ---
todoist_triage — 2026-03-19 09:00 HKT
  11 active tasks total
  0 unprocessed inbox tasks to triage
  Nothing to triage — inbox clean.

--- 2026-03-19 10:00 HKT — 0 task(s) processed ---
todoist_triage — 2026-03-19 10:00 HKT
  11 active tasks total
  0 unprocessed inbox tasks to triage
  Nothing to triage — inbox clean.

--- 2026-03-19 11:00 HKT — 0 task(s) processed ---
todoist_triage — 2026-03-19 11:00 HKT
  11 active tasks total
  0 unprocessed inbox tasks to triage
  Nothing to triage — inbox clean.

--- 2026-03-19 12:00 HKT — 0 task(s) processed ---
todoist_triage — 2026-03-19 12:00 HKT
  11 active tasks total
  0 unprocessed inbox tasks to triage
  Nothing to triage — inbox clean.

--- 2026-03-19 13:00 HKT — 0 task(s) processed ---
todoist_triage — 2026-03-19 13:00 HKT
  11 active tasks total
  0 unprocessed inbox tasks to triage
  Nothing to triage — inbox clean.

--- 2026-03-19 14:00 HKT — 0 task(s) processed ---
todoist_triage — 2026-03-19 14:00 HKT
  11 active tasks total
  0 unprocessed inbox tasks to triage
  Nothing to triage — inbox clean.

--- 2026-03-19 15:00 HKT — 0 task(s) processed ---
todoist_triage — 2026-03-19 15:00 HKT
  11 active tasks total
  0 unprocessed inbox tasks to triage
  Nothing to triage — inbox clean.

--- 2026-03-19 16:00 HKT — 1 task(s) processed ---
todoist_triage — 2026-03-19 16:00 HKT
  12 active tasks total
  1 unprocessed inbox tasks to triage
  ✅ [Personal] [Guillermo] [P3] Print documents for travel — 30min 🦎

  Done — 1/1 tasks triaged.

--- 2026-03-19 17:01 HKT — 0 task(s) processed ---
todoist_triage — 2026-03-19 17:01 HKT
  12 active tasks total
  0 unprocessed inbox tasks to triage
  Nothing to triage — inbox clean.

--- 2026-03-19 18:00 HKT — 1 task(s) processed ---
todoist_triage — 2026-03-19 18:00 HKT
  16 active tasks total
  1 unprocessed inbox tasks to triage
  ✅ [Personal] [Guillermo] [P3] Boc — 30min 🦎

  Done — 1/1 tasks triaged.

--- 2026-03-19 19:00 HKT — 0 task(s) processed ---
todoist_triage — 2026-03-19 19:00 HKT
  16 active tasks total
  0 unprocessed inbox tasks to triage
  Nothing to triage — inbox clean.

--- 2026-03-19 20:01 HKT — 0 task(s) processed ---
todoist_triage — 2026-03-19 20:01 HKT
  16 active tasks total
  0 unprocessed inbox tasks to triage
  Nothing to triage — inbox clean.

--- 2026-03-19 21:01 HKT — 0 task(s) processed ---
todoist_triage — 2026-03-19 21:01 HKT
  16 active tasks total
  0 unprocessed inbox tasks to triage
  Nothing to triage — inbox clean.

--- 2026-03-19 22:00 HKT — 0 task(s) processed ---
todoist_triage — 2026-03-19 22:00 HKT
  16 active tasks total
  0 unprocessed inbox tasks to triage
  Nothing to triage — inbox clean.

--- 2026-03-19 23:01 HKT — 0 task(s) processed ---
todoist_triage — 2026-03-19 23:01 HKT
  16 active tasks total
  0 unprocessed inbox tasks to triage
  Nothing to triage — inbox clean.
