
--- 2026-03-27 01:00 HKT — 0 task(s) processed ---
todoist_triage — 2026-03-27 01:00 HKT
  14 active tasks total
  0 unprocessed inbox tasks to triage
  Nothing to triage — inbox clean.

--- 2026-03-27 02:01 HKT — 0 task(s) processed ---
todoist_triage — 2026-03-27 02:01 HKT
  14 active tasks total
  0 unprocessed inbox tasks to triage
  Nothing to triage — inbox clean.

--- 2026-03-27 03:00 HKT — 0 task(s) processed ---
todoist_triage — 2026-03-27 03:00 HKT
  14 active tasks total
  0 unprocessed inbox tasks to triage
  Nothing to triage — inbox clean.

--- 2026-03-27 04:00 HKT — 0 task(s) processed ---
todoist_triage — 2026-03-27 04:00 HKT
  14 active tasks total
  0 unprocessed inbox tasks to triage
  Nothing to triage — inbox clean.

--- 2026-03-27 05:00 HKT — 0 task(s) processed ---
todoist_triage — 2026-03-27 05:00 HKT
  14 active tasks total
  0 unprocessed inbox tasks to triage
  Nothing to triage — inbox clean.

--- 2026-03-27 07:00 HKT — 0 task(s) processed ---
todoist_triage — 2026-03-27 07:00 HKT
  14 active tasks total
  0 unprocessed inbox tasks to triage
  Nothing to triage — inbox clean.

--- 2026-03-27 08:00 HKT — 0 task(s) processed ---
todoist_triage — 2026-03-27 08:00 HKT
  14 active tasks total
  0 unprocessed inbox tasks to triage
  Nothing to triage — inbox clean.

--- 2026-03-27 09:00 HKT — 0 task(s) processed ---
todoist_triage — 2026-03-27 09:00 HKT
  14 active tasks total
  0 unprocessed inbox tasks to triage
  Nothing to triage — inbox clean.

--- 2026-03-27 11:00 HKT — 0 task(s) processed ---
todoist_triage — 2026-03-27 11:00 HKT
  14 active tasks total
  0 unprocessed inbox tasks to triage
  Nothing to triage — inbox clean.

--- 2026-03-27 12:00 HKT — 0 task(s) processed ---
todoist_triage — 2026-03-27 12:00 HKT
  14 active tasks total
  0 unprocessed inbox tasks to triage
  Nothing to triage — inbox clean.

--- 2026-03-27 13:00 HKT — 0 task(s) processed ---
todoist_triage — 2026-03-27 13:00 HKT
  14 active tasks total
  0 unprocessed inbox tasks to triage
  Nothing to triage — inbox clean.

--- 2026-03-27 14:00 HKT — 0 task(s) processed ---
todoist_triage — 2026-03-27 14:00 HKT
  14 active tasks total
  0 unprocessed inbox tasks to triage
  Nothing to triage — inbox clean.

--- 2026-03-27 17:00 HKT — 0 task(s) processed ---
todoist_triage — 2026-03-27 17:00 HKT
  14 active tasks total
  0 unprocessed inbox tasks to triage
  Nothing to triage — inbox clean.

--- 2026-03-27 19:00 HKT — 0 task(s) processed ---
todoist_triage — 2026-03-27 19:00 HKT
  14 active tasks total
  0 unprocessed inbox tasks to triage
  Nothing to triage — inbox clean.

--- 2026-03-27 20:00 HKT — 0 task(s) processed ---
todoist_triage — 2026-03-27 20:00 HKT
  14 active tasks total
  0 unprocessed inbox tasks to triage
  Nothing to triage — inbox clean.

--- 2026-03-27 21:01 HKT — 0 task(s) processed ---
todoist_triage — 2026-03-27 21:01 HKT
  14 active tasks total
  0 unprocessed inbox tasks to triage
  Nothing to triage — inbox clean.

--- 2026-03-27 22:00 HKT — 0 task(s) processed ---
todoist_triage — 2026-03-27 22:00 HKT
  14 active tasks total
  0 unprocessed inbox tasks to triage
  Nothing to triage — inbox clean.

--- 2026-03-27 23:00 HKT — 0 task(s) processed ---
todoist_triage — 2026-03-27 23:00 HKT
  14 active tasks total
  0 unprocessed inbox tasks to triage
  Nothing to triage — inbox clean.
