
--- 2026-03-03 10:35 HKT — 0 task(s) processed ---
todoist_triage — 2026-03-03 10:35 HKT
  10 active tasks total
  0 unprocessed inbox tasks to triage
  Nothing to triage — inbox clean.

--- 2026-03-03 11:00 HKT — 0 task(s) processed ---
todoist_triage — 2026-03-03 11:00 HKT
  10 active tasks total
  0 unprocessed inbox tasks to triage
  Nothing to triage — inbox clean.

--- 2026-03-03 12:00 HKT — 0 task(s) processed ---
todoist_triage — 2026-03-03 12:00 HKT
  10 active tasks total
  0 unprocessed inbox tasks to triage
  Nothing to triage — inbox clean.

--- 2026-03-03 13:00 HKT — 2 task(s) processed ---
todoist_triage — 2026-03-03 13:00 HKT
  12 active tasks total
  2 unprocessed inbox tasks to triage
  ✅ [Personal] [Guillermo] [P1] I must Reply to Raeniel email urgently — 30min 🦎
  ✅ [Personal] [Guillermo] [P1] I must Reply to Helm Consulting email urgently — 30min 🦎

  Done — 2/2 tasks triaged.

--- 2026-03-03 14:00 HKT — 0 task(s) processed ---
todoist_triage — 2026-03-03 14:00 HKT
  12 active tasks total
  0 unprocessed inbox tasks to triage
  Nothing to triage — inbox clean.

--- 2026-03-03 15:00 HKT — 0 task(s) processed ---
todoist_triage — 2026-03-03 15:00 HKT
  12 active tasks total
  0 unprocessed inbox tasks to triage
  Nothing to triage — inbox clean.

--- 2026-03-03 16:00 HKT — 0 task(s) processed ---
todoist_triage — 2026-03-03 16:00 HKT
  12 active tasks total
  0 unprocessed inbox tasks to triage
  Nothing to triage — inbox clean.

--- 2026-03-03 17:00 HKT — 0 task(s) processed ---
todoist_triage — 2026-03-03 17:00 HKT
  12 active tasks total
  0 unprocessed inbox tasks to triage
  Nothing to triage — inbox clean.

--- 2026-03-03 18:00 HKT — 0 task(s) processed ---
todoist_triage — 2026-03-03 18:00 HKT
  12 active tasks total
  0 unprocessed inbox tasks to triage
  Nothing to triage — inbox clean.

--- 2026-03-03 19:00 HKT — 0 task(s) processed ---
todoist_triage — 2026-03-03 19:00 HKT
  12 active tasks total
  0 unprocessed inbox tasks to triage
  Nothing to triage — inbox clean.

--- 2026-03-03 20:00 HKT — 0 task(s) processed ---
todoist_triage — 2026-03-03 20:00 HKT
  12 active tasks total
  0 unprocessed inbox tasks to triage
  Nothing to triage — inbox clean.

--- 2026-03-03 21:01 HKT — 0 task(s) processed ---
todoist_triage — 2026-03-03 21:01 HKT
  12 active tasks total
  0 unprocessed inbox tasks to triage
  Nothing to triage — inbox clean.

--- 2026-03-03 21:25 HKT — 0 task(s) processed ---
todoist_triage — 2026-03-03 21:25 HKT
  12 active tasks total
  0 unprocessed inbox tasks to triage
  Nothing to triage — inbox clean.

--- 2026-03-03 22:01 HKT — 0 task(s) processed ---
todoist_triage — 2026-03-03 22:01 HKT
  12 active tasks total
  0 unprocessed inbox tasks to triage
  Nothing to triage — inbox clean.

--- 2026-03-03 23:08 HKT — 2 task(s) processed ---
todoist_triage — 2026-03-03 23:08 HKT
  14 active tasks total
  2 unprocessed inbox tasks to triage
  ✅ [Personal] [Guillermo] [P3] Do a journal audit — 30min 🦎
  ✅ [Personal] [Guillermo] [P3] Check in with Mei Ling — 30min 🦎

  Done — 2/2 tasks triaged.
