
--- 2026-03-30 01:00 HKT — 0 task(s) processed ---
todoist_triage — 2026-03-30 01:00 HKT
  14 active tasks total
  0 unprocessed inbox tasks to triage
  Nothing to triage — inbox clean.

--- 2026-03-30 02:08 HKT — 0 task(s) processed ---
todoist_triage — 2026-03-30 02:08 HKT
  14 active tasks total
  0 unprocessed inbox tasks to triage
  Nothing to triage — inbox clean.

--- 2026-03-30 03:00 HKT — 0 task(s) processed ---
todoist_triage — 2026-03-30 03:00 HKT
  14 active tasks total
  0 unprocessed inbox tasks to triage
  Nothing to triage — inbox clean.

--- 2026-03-30 04:00 HKT — 0 task(s) processed ---
todoist_triage — 2026-03-30 04:00 HKT
  14 active tasks total
  0 unprocessed inbox tasks to triage
  Nothing to triage — inbox clean.

--- 2026-03-30 05:00 HKT — 0 task(s) processed ---
todoist_triage — 2026-03-30 05:00 HKT
  14 active tasks total
  0 unprocessed inbox tasks to triage
  Nothing to triage — inbox clean.

--- 2026-03-30 06:00 HKT — 0 task(s) processed ---
todoist_triage — 2026-03-30 06:00 HKT
  14 active tasks total
  0 unprocessed inbox tasks to triage
  Nothing to triage — inbox clean.

--- 2026-03-30 07:00 HKT — 0 task(s) processed ---
todoist_triage — 2026-03-30 07:00 HKT
  14 active tasks total
  0 unprocessed inbox tasks to triage
  Nothing to triage — inbox clean.

--- 2026-03-30 09:00 HKT — 0 task(s) processed ---
todoist_triage — 2026-03-30 09:00 HKT
  14 active tasks total
  0 unprocessed inbox tasks to triage
  Nothing to triage — inbox clean.

--- 2026-03-30 10:00 HKT — 0 task(s) processed ---
todoist_triage — 2026-03-30 10:00 HKT
  14 active tasks total
  0 unprocessed inbox tasks to triage
  Nothing to triage — inbox clean.

--- 2026-03-30 11:00 HKT — 0 task(s) processed ---
todoist_triage — 2026-03-30 11:00 HKT
  14 active tasks total
  0 unprocessed inbox tasks to triage
  Nothing to triage — inbox clean.

--- 2026-03-30 15:00 HKT — 0 task(s) processed ---
todoist_triage — 2026-03-30 15:00 HKT
  14 active tasks total
  0 unprocessed inbox tasks to triage
  Nothing to triage — inbox clean.

--- 2026-03-30 16:00 HKT — 0 task(s) processed ---
todoist_triage — 2026-03-30 16:00 HKT
  14 active tasks total
  0 unprocessed inbox tasks to triage
  Nothing to triage — inbox clean.

--- 2026-03-30 17:00 HKT — 0 task(s) processed ---
todoist_triage — 2026-03-30 17:00 HKT
  14 active tasks total
  0 unprocessed inbox tasks to triage
  Nothing to triage — inbox clean.

--- 2026-03-30 19:00 HKT — 0 task(s) processed ---
todoist_triage — 2026-03-30 19:00 HKT
  14 active tasks total
  0 unprocessed inbox tasks to triage
  Nothing to triage — inbox clean.

--- 2026-03-30 20:00 HKT — 0 task(s) processed ---
todoist_triage — 2026-03-30 20:00 HKT
  14 active tasks total
  0 unprocessed inbox tasks to triage
  Nothing to triage — inbox clean.

--- 2026-03-30 21:01 HKT — 0 task(s) processed ---
todoist_triage — 2026-03-30 21:01 HKT
  14 active tasks total
  0 unprocessed inbox tasks to triage
  Nothing to triage — inbox clean.

--- 2026-03-30 22:00 HKT — 0 task(s) processed ---
todoist_triage — 2026-03-30 22:00 HKT
  14 active tasks total
  0 unprocessed inbox tasks to triage
  Nothing to triage — inbox clean.

--- 2026-03-30 23:00 HKT — 0 task(s) processed ---
todoist_triage — 2026-03-30 23:00 HKT
  14 active tasks total
  0 unprocessed inbox tasks to triage
  Nothing to triage — inbox clean.
